# JRE version: OpenJDK Runtime Environment (8.0_232-b09) (build 1.8.0_232-b09)
# Java VM: OpenJDK 64-Bit Server VM (25.232-b09 mixed mode linux-amd64 compressed oops)
Heap:
 PSYoungGen      total 6047744K, used 3730946K [0x0000000580100000, 0x0000000800000000, 0x0000000800000000)
  eden space 5435392K, 57% used [0x0000000580100000,0x000000063e6ecc68,0x00000006cbd00000)
  from space 612352K, 99% used [0x00000006cbd00000,0x00000006f1293d20,0x00000006f1300000)
  to   space 2620416K, 0% used [0x0000000760100000,0x0000000760100000,0x0000000800000000)
 ParOldGen       total 16931328K, used 9938992K [0x0000000080200000, 0x0000000489880000, 0x0000000580100000)
  object space 16931328K, 58% used [0x0000000080200000,0x00000002dec0c100,0x0000000489880000)
 Metaspace       used 32439K, capacity 32791K, committed 32896K, reserved 1079296K
  class space    used 3604K, capacity 3710K, committed 3712K, reserved 1048576K
GC Heap History (250 events):
Event: 614.104 GC heap before
{Heap before GC invocations=282 (full 42):
 PSYoungGen      total 7142400K, used 347685K [0x0000000580100000, 0x0000000800000000, 0x0000000800000000)
  eden space 3923968K, 0% used [0x0000000580100000,0x0000000580100000,0x000000066f900000)
  from space 3218432K, 10% used [0x000000073b900000,0x0000000750c89540,0x0000000800000000)
  to   space 3280384K, 0% used [0x000000066f900000,0x000000066f900000,0x0000000737c80000)
 ParOldGen       total 13917184K, used 12019515K [0x0000000080200000, 0x00000003d1900000, 0x0000000580100000)
  object space 13917184K, 86% used [0x0000000080200000,0x000000035dbcee60,0x00000003d1900000)
 Metaspace       used 32187K, capacity 32511K, committed 32640K, reserved 1079296K
  class space    used 3596K, capacity 3710K, committed 3712K, reserved 1048576K
Event: 614.941 GC heap after
Heap after GC invocations=282 (full 42):
 PSYoungGen      total 7142400K, used 0K [0x0000000580100000, 0x0000000800000000, 0x0000000800000000)
  eden space 3923968K, 0% used [0x0000000580100000,0x0000000580100000,0x000000066f900000)
  from space 3218432K, 0% used [0x000000073b900000,0x000000073b900000,0x0000000800000000)
  to   space 3280384K, 0% used [0x000000066f900000,0x000000066f900000,0x0000000737c80000)
 ParOldGen       total 12974080K, used 1718380K [0x0000000080200000, 0x0000000398000000, 0x0000000580100000)
  object space 12974080K, 13% used [0x0000000080200000,0x00000000e901b0f0,0x0000000398000000)
 Metaspace       used 32187K, capacity 32511K, committed 32640K, reserved 1079296K
  class space    used 3596K, capacity 3710K, committed 3712K, reserved 1048576K
}
Event: 615.139 GC heap before
{Heap before GC invocations=283 (full 42):
 PSYoungGen      total 7142400K, used 3923968K [0x0000000580100000, 0x0000000800000000, 0x0000000800000000)
  eden space 3923968K, 100% used [0x0000000580100000,0x000000066f900000,0x000000066f900000)
  from space 3218432K, 0% used [0x000000073b900000,0x000000073b900000,0x0000000800000000)
  to   space 3280384K, 0% used [0x000000066f900000,0x000000066f900000,0x0000000737c80000)
 ParOldGen       total 12974080K, used 1718380K [0x0000000080200000, 0x0000000398000000, 0x0000000580100000)
  object space 12974080K, 13% used [0x0000000080200000,0x00000000e901b0f0,0x0000000398000000)
 Metaspace       used 32187K, capacity 32511K, committed 32640K, reserved 1079296K
  class space    used 3596K, capacity 3710K, committed 3712K, reserved 1048576K
Event: 615.529 GC heap after
Heap after GC invocations=283 (full 42):
 PSYoungGen      total 7204352K, used 749088K [0x0000000580100000, 0x00000007fdf80000, 0x0000000800000000)
  eden space 3923968K, 0% used [0x0000000580100000,0x0000000580100000,0x000000066f900000)
  from space 3280384K, 22% used [0x000000066f900000,0x000000069d4882d0,0x0000000737c80000)
  to   space 3232768K, 0% used [0x0000000738a80000,0x0000000738a80000,0x00000007fdf80000)
 ParOldGen       total 12974080K, used 1718380K [0x0000000080200000, 0x0000000398000000, 0x0000000580100000)
  object space 12974080K, 13% used [0x0000000080200000,0x00000000e901b0f0,0x0000000398000000)
 Metaspace       used 32187K, capacity 32511K, committed 32640K, reserved 1079296K
  class space    used 3596K, capacity 3710K, committed 3712K, reserved 1048576K
}
Event: 615.698 GC heap before
{Heap before GC invocations=284 (full 42):
 PSYoungGen      total 7204352K, used 4659241K [0x0000000580100000, 0x00000007fdf80000, 0x0000000800000000)
  eden space 3923968K, 99% used [0x0000000580100000,0x000000066eb82250,0x000000066f900000)
  from space 3280384K, 22% used [0x000000066f900000,0x000000069d4882d0,0x0000000737c80000)
  to   space 3232768K, 0% used [0x0000000738a80000,0x0000000738a80000,0x00000007fdf80000)
 ParOldGen       total 12974080K, used 1718380K [0x0000000080200000, 0x0000000398000000, 0x0000000580100000)
  object space 12974080K, 13% used [0x0000000080200000,0x00000000e901b0f0,0x0000000398000000)
 Metaspace       used 32187K, capacity 32511K, committed 32640K, reserved 1079296K
  class space    used 3596K, capacity 3710K, committed 3712K, reserved 1048576K
Event: 616.097 GC heap after
Heap after GC invocations=284 (full 42):
 PSYoungGen      total 7025152K, used 860992K [0x0000000580100000, 0x00000007f3080000, 0x0000000800000000)
  eden space 3971584K, 0% used [0x0000000580100000,0x0000000580100000,0x0000000672780000)
  from space 3053568K, 28% used [0x0000000738a80000,0x000000076d350210,0x00000007f3080000)
  to   space 3150336K, 0% used [0x0000000672780000,0x0000000672780000,0x0000000732c00000)
 ParOldGen       total 12974080K, used 2227787K [0x0000000080200000, 0x0000000398000000, 0x0000000580100000)
  object space 12974080K, 17% used [0x0000000080200000,0x0000000108192dd8,0x0000000398000000)
 Metaspace       used 32187K, capacity 32511K, committed 32640K, reserved 1079296K
  class space    used 3596K, capacity 3710K, committed 3712K, reserved 1048576K
}
Event: 616.262 GC heap before
{Heap before GC invocations=285 (full 42):
 PSYoungGen      total 7025152K, used 4832576K [0x0000000580100000, 0x00000007f3080000, 0x0000000800000000)
  eden space 3971584K, 100% used [0x0000000580100000,0x0000000672780000,0x0000000672780000)
  from space 3053568K, 28% used [0x0000000738a80000,0x000000076d350210,0x00000007f3080000)
  to   space 3150336K, 0% used [0x0000000672780000,0x0000000672780000,0x0000000732c00000)
 ParOldGen       total 12974080K, used 2227787K [0x0000000080200000, 0x0000000398000000, 0x0000000580100000)
  object space 12974080K, 17% used [0x0000000080200000,0x0000000108192dd8,0x0000000398000000)
 Metaspace       used 32187K, capacity 32511K, committed 32640K, reserved 1079296K
  class space    used 3596K, capacity 3710K, committed 3712K, reserved 1048576K
Event: 616.339 GC heap after
Heap after GC invocations=285 (full 42):
 PSYoungGen      total 7121920K, used 1278880K [0x0000000580100000, 0x00000007f2480000, 0x0000000800000000)
  eden space 3971584K, 0% used [0x0000000580100000,0x0000000580100000,0x0000000672780000)
  from space 3150336K, 40% used [0x0000000672780000,0x00000006c08681c0,0x0000000732c00000)
  to   space 2989568K, 0% used [0x000000073bd00000,0x000000073bd00000,0x00000007f2480000)
 ParOldGen       total 12974080K, used 2834186K [0x0000000080200000, 0x0000000398000000, 0x0000000580100000)
  object space 12974080K, 21% used [0x0000000080200000,0x000000012d1c29f0,0x0000000398000000)
 Metaspace       used 32187K, capacity 32511K, committed 32640K, reserved 1079296K
  class space    used 3596K, capacity 3710K, committed 3712K, reserved 1048576K
}
Event: 616.505 GC heap before
{Heap before GC invocations=286 (full 42):
 PSYoungGen      total 7121920K, used 5220992K [0x0000000580100000, 0x00000007f2480000, 0x0000000800000000)
  eden space 3971584K, 99% used [0x0000000580100000,0x0000000670ab8060,0x0000000672780000)
  from space 3150336K, 40% used [0x0000000672780000,0x00000006c08681c0,0x0000000732c00000)
  to   space 2989568K, 0% used [0x000000073bd00000,0x000000073bd00000,0x00000007f2480000)
 ParOldGen       total 12974080K, used 2834186K [0x0000000080200000, 0x0000000398000000, 0x0000000580100000)
  object space 12974080K, 21% used [0x0000000080200000,0x000000012d1c29f0,0x0000000398000000)
 Metaspace       used 32187K, capacity 32511K, committed 32640K, reserved 1079296K
  class space    used 3596K, capacity 3710K, committed 3712K, reserved 1048576K
Event: 616.596 GC heap after
Heap after GC invocations=286 (full 42):
 PSYoungGen      total 7227392K, used 917022K [0x0000000580100000, 0x00000007ebc00000, 0x0000000800000000)
  eden space 4344832K, 0% used [0x0000000580100000,0x0000000580100000,0x0000000689400000)
  from space 2882560K, 31% used [0x000000073bd00000,0x0000000773c87870,0x00000007ebc00000)
  to   space 2904064K, 0% used [0x0000000689400000,0x0000000689400000,0x000000073a800000)
 ParOldGen       total 12974080K, used 4177910K [0x0000000080200000, 0x0000000398000000, 0x0000000580100000)
  object space 12974080K, 32% used [0x0000000080200000,0x000000017f1fd840,0x0000000398000000)
 Metaspace       used 32187K, capacity 32511K, committed 32640K, reserved 1079296K
  class space    used 3596K, capacity 3710K, committed 3712K, reserved 1048576K
}
Event: 616.772 GC heap before
{Heap before GC invocations=287 (full 42):
 PSYoungGen      total 7227392K, used 5261854K [0x0000000580100000, 0x00000007ebc00000, 0x0000000800000000)
  eden space 4344832K, 100% used [0x0000000580100000,0x0000000689400000,0x0000000689400000)
  from space 2882560K, 31% used [0x000000073bd00000,0x0000000773c87870,0x00000007ebc00000)
  to   space 2904064K, 0% used [0x0000000689400000,0x0000000689400000,0x000000073a800000)
 ParOldGen       total 12974080K, used 4177910K [0x0000000080200000, 0x0000000398000000, 0x0000000580100000)
  object space 12974080K, 32% used [0x0000000080200000,0x000000017f1fd840,0x0000000398000000)
 Metaspace       used 32187K, capacity 32511K, committed 32640K, reserved 1079296K
  class space    used 3596K, capacity 3710K, committed 3712K, reserved 1048576K
Event: 616.944 GC heap after
Heap after GC invocations=287 (full 42):
 PSYoungGen      total 7248896K, used 1662465K [0x0000000580100000, 0x00000007fd600000, 0x0000000800000000)
  eden space 4344832K, 0% used [0x0000000580100000,0x0000000580100000,0x0000000689400000)
  from space 2904064K, 57% used [0x0000000689400000,0x00000006eeb80720,0x000000073a800000)
  to   space 2871808K, 0% used [0x000000074e180000,0x000000074e180000,0x00000007fd600000)
 ParOldGen       total 12974080K, used 5094980K [0x0000000080200000, 0x0000000398000000, 0x0000000580100000)
  object space 12974080K, 39% used [0x0000000080200000,0x00000001b71910b0,0x0000000398000000)
 Metaspace       used 32187K, capacity 32511K, committed 32640K, reserved 1079296K
  class space    used 3596K, capacity 3710K, committed 3712K, reserved 1048576K
}
Event: 617.118 GC heap before
{Heap before GC invocations=288 (full 42):
 PSYoungGen      total 7248896K, used 6007297K [0x0000000580100000, 0x00000007fd600000, 0x0000000800000000)
  eden space 4344832K, 100% used [0x0000000580100000,0x0000000689400000,0x0000000689400000)
  from space 2904064K, 57% used [0x0000000689400000,0x00000006eeb80720,0x000000073a800000)
  to   space 2871808K, 0% used [0x000000074e180000,0x000000074e180000,0x00000007fd600000)
 ParOldGen       total 12974080K, used 5094980K [0x0000000080200000, 0x0000000398000000, 0x0000000580100000)
  object space 12974080K, 39% used [0x0000000080200000,0x00000001b71910b0,0x0000000398000000)
 Metaspace       used 32187K, capacity 32511K, committed 32640K, reserved 1079296K
  class space    used 3596K, capacity 3710K, committed 3712K, reserved 1048576K
Event: 618.079 GC heap after
Heap after GC invocations=288 (full 42):
 PSYoungGen      total 7539200K, used 1695327K [0x0000000580100000, 0x00000007fad80000, 0x0000000800000000)
  eden space 4708864K, 0% used [0x0000000580100000,0x0000000580100000,0x000000069f780000)
  from space 2830336K, 59% used [0x000000074e180000,0x00000007b5917c00,0x00000007fad80000)
  to   space 2845696K, 0% used [0x000000069f780000,0x000000069f780000,0x000000074d280000)
 ParOldGen       total 12974080K, used 6760533K [0x0000000080200000, 0x0000000398000000, 0x0000000580100000)
  object space 12974080K, 52% used [0x0000000080200000,0x000000021cc157d0,0x0000000398000000)
 Metaspace       used 32187K, capacity 32511K, committed 32640K, reserved 1079296K
  class space    used 3596K, capacity 3710K, committed 3712K, reserved 1048576K
}
Event: 618.359 GC heap before
{Heap before GC invocations=289 (full 42):
 PSYoungGen      total 7539200K, used 6404191K [0x0000000580100000, 0x00000007fad80000, 0x0000000800000000)
  eden space 4708864K, 100% used [0x0000000580100000,0x000000069f780000,0x000000069f780000)
  from space 2830336K, 59% used [0x000000074e180000,0x00000007b5917c00,0x00000007fad80000)
  to   space 2845696K, 0% used [0x000000069f780000,0x000000069f780000,0x000000074d280000)
 ParOldGen       total 12974080K, used 6760533K [0x0000000080200000, 0x0000000398000000, 0x0000000580100000)
  object space 12974080K, 52% used [0x0000000080200000,0x000000021cc157d0,0x0000000398000000)
 Metaspace       used 32187K, capacity 32511K, committed 32640K, reserved 1079296K
  class space    used 3596K, capacity 3710K, committed 3712K, reserved 1048576K
Event: 619.967 GC heap after
Heap after GC invocations=289 (full 42):
 PSYoungGen      total 7554560K, used 1789205K [0x0000000580100000, 0x0000000800000000, 0x0000000800000000)
  eden space 4708864K, 0% used [0x0000000580100000,0x0000000580100000,0x000000069f780000)
  from space 2845696K, 62% used [0x000000069f780000,0x000000070cac5650,0x000000074d280000)
  to   space 2847744K, 0% used [0x0000000752300000,0x0000000752300000,0x0000000800000000)
 ParOldGen       total 12974080K, used 8457033K [0x0000000080200000, 0x0000000398000000, 0x0000000580100000)
  object space 12974080K, 65% used [0x0000000080200000,0x00000002844d2750,0x0000000398000000)
 Metaspace       used 32187K, capacity 32511K, committed 32640K, reserved 1079296K
  class space    used 3596K, capacity 3710K, committed 3712K, reserved 1048576K
}
Event: 620.197 GC heap before
{Heap before GC invocations=290 (full 42):
 PSYoungGen      total 7554560K, used 6498069K [0x0000000580100000, 0x0000000800000000, 0x0000000800000000)
  eden space 4708864K, 100% used [0x0000000580100000,0x000000069f780000,0x000000069f780000)
  from space 2845696K, 62% used [0x000000069f780000,0x000000070cac5650,0x000000074d280000)
  to   space 2847744K, 0% used [0x0000000752300000,0x0000000752300000,0x0000000800000000)
 ParOldGen       total 12974080K, used 8457033K [0x0000000080200000, 0x0000000398000000, 0x0000000580100000)
  object space 12974080K, 65% used [0x0000000080200000,0x00000002844d2750,0x0000000398000000)
 Metaspace       used 32187K, capacity 32511K, committed 32640K, reserved 1079296K
  class space    used 3596K, capacity 3710K, committed 3712K, reserved 1048576K
Event: 621.411 GC heap after
Heap after GC invocations=290 (full 42):
 PSYoungGen      total 7524352K, used 1965022K [0x0000000580100000, 0x0000000800000000, 0x0000000800000000)
  eden space 4676608K, 0% used [0x0000000580100000,0x0000000580100000,0x000000069d800000)
  from space 2847744K, 69% used [0x0000000752300000,0x00000007ca1f78e0,0x0000000800000000)
  to   space 2904064K, 0% used [0x000000069d800000,0x000000069d800000,0x000000074ec00000)
 ParOldGen       total 12974080K, used 10066717K [0x0000000080200000, 0x0000000398000000, 0x0000000580100000)
  object space 12974080K, 77% used [0x0000000080200000,0x00000002e68c75e8,0x0000000398000000)
 Metaspace       used 32187K, capacity 32511K, committed 32640K, reserved 1079296K
  class space    used 3596K, capacity 3710K, committed 3712K, reserved 1048576K
}
Event: 621.741 GC heap before
{Heap before GC invocations=291 (full 42):
 PSYoungGen      total 7524352K, used 6641630K [0x0000000580100000, 0x0000000800000000, 0x0000000800000000)
  eden space 4676608K, 100% used [0x0000000580100000,0x000000069d800000,0x000000069d800000)
  from space 2847744K, 69% used [0x0000000752300000,0x00000007ca1f78e0,0x0000000800000000)
  to   space 2904064K, 0% used [0x000000069d800000,0x000000069d800000,0x000000074ec00000)
 ParOldGen       total 12974080K, used 10066717K [0x0000000080200000, 0x0000000398000000, 0x0000000580100000)
  object space 12974080K, 77% used [0x0000000080200000,0x00000002e68c75e8,0x0000000398000000)
 Metaspace       used 32187K, capacity 32511K, committed 32640K, reserved 1079296K
  class space    used 3596K, capacity 3710K, committed 3712K, reserved 1048576K
Event: 623.212 GC heap after
Heap after GC invocations=291 (full 42):
 PSYoungGen      total 6231040K, used 1554132K [0x0000000580100000, 0x00000007f5500000, 0x0000000800000000)
  eden space 4676608K, 0% used [0x0000000580100000,0x0000000580100000,0x000000069d800000)
  from space 1554432K, 99% used [0x000000069d800000,0x00000006fc5b5310,0x00000006fc600000)
  to   space 2788352K, 0% used [0x000000074b200000,0x000000074b200000,0x00000007f5500000)
 ParOldGen       total 12974080K, used 11817634K [0x0000000080200000, 0x0000000398000000, 0x0000000580100000)
  object space 12974080K, 91% used [0x0000000080200000,0x00000003516a8ae8,0x0000000398000000)
 Metaspace       used 32187K, capacity 32511K, committed 32640K, reserved 1079296K
  class space    used 3596K, capacity 3710K, committed 3712K, reserved 1048576K
}
Event: 623.212 GC heap before
{Heap before GC invocations=292 (full 43):
 PSYoungGen      total 6231040K, used 1554132K [0x0000000580100000, 0x00000007f5500000, 0x0000000800000000)
  eden space 4676608K, 0% used [0x0000000580100000,0x0000000580100000,0x000000069d800000)
  from space 1554432K, 99% used [0x000000069d800000,0x00000006fc5b5310,0x00000006fc600000)
  to   space 2788352K, 0% used [0x000000074b200000,0x000000074b200000,0x00000007f5500000)
 ParOldGen       total 12974080K, used 11817634K [0x0000000080200000, 0x0000000398000000, 0x0000000580100000)
  object space 12974080K, 91% used [0x0000000080200000,0x00000003516a8ae8,0x0000000398000000)
 Metaspace       used 32187K, capacity 32511K, committed 32640K, reserved 1079296K
  class space    used 3596K, capacity 3710K, committed 3712K, reserved 1048576K
Event: 624.332 GC heap after
Heap after GC invocations=292 (full 43):
 PSYoungGen      total 6231040K, used 0K [0x0000000580100000, 0x00000007f5500000, 0x0000000800000000)
  eden space 4676608K, 0% used [0x0000000580100000,0x0000000580100000,0x000000069d800000)
  from space 1554432K, 0% used [0x000000069d800000,0x000000069d800000,0x00000006fc600000)
  to   space 2788352K, 0% used [0x000000074b200000,0x000000074b200000,0x00000007f5500000)
 ParOldGen       total 14301696K, used 2710256K [0x0000000080200000, 0x00000003e9080000, 0x0000000580100000)
  object space 14301696K, 18% used [0x0000000080200000,0x00000001258bc0d0,0x00000003e9080000)
 Metaspace       used 32187K, capacity 32511K, committed 32640K, reserved 1079296K
  class space    used 3596K, capacity 3710K, committed 3712K, reserved 1048576K
}
Event: 624.673 GC heap before
{Heap before GC invocations=293 (full 43):
 PSYoungGen      total 6231040K, used 4676608K [0x0000000580100000, 0x00000007f5500000, 0x0000000800000000)
  eden space 4676608K, 100% used [0x0000000580100000,0x000000069d800000,0x000000069d800000)
  from space 1554432K, 0% used [0x000000069d800000,0x000000069d800000,0x00000006fc600000)
  to   space 2788352K, 0% used [0x000000074b200000,0x000000074b200000,0x00000007f5500000)
 ParOldGen       total 14301696K, used 2710256K [0x0000000080200000, 0x00000003e9080000, 0x0000000580100000)
  object space 14301696K, 18% used [0x0000000080200000,0x00000001258bc0d0,0x00000003e9080000)
 Metaspace       used 32188K, capacity 32511K, committed 32640K, reserved 1079296K
  class space    used 3596K, capacity 3710K, committed 3712K, reserved 1048576K
Event: 626.182 GC heap after
Heap after GC invocations=293 (full 43):
 PSYoungGen      total 7580672K, used 1681276K [0x0000000580100000, 0x0000000800000000, 0x0000000800000000)
  eden space 4792320K, 0% used [0x0000000580100000,0x0000000580100000,0x00000006a4900000)
  from space 2788352K, 60% used [0x000000074b200000,0x00000007b1bdf020,0x00000007f5500000)
  to   space 2728960K, 0% used [0x00000006a4900000,0x00000006a4900000,0x000000074b200000)
 ParOldGen       total 14301696K, used 2710256K [0x0000000080200000, 0x00000003e9080000, 0x0000000580100000)
  object space 14301696K, 18% used [0x0000000080200000,0x00000001258bc0d0,0x00000003e9080000)
 Metaspace       used 32188K, capacity 32511K, committed 32640K, reserved 1079296K
  class space    used 3596K, capacity 3710K, committed 3712K, reserved 1048576K
}
Event: 646.348 GC heap before
{Heap before GC invocations=294 (full 43):
 PSYoungGen      total 7580672K, used 6473596K [0x0000000580100000, 0x0000000800000000, 0x0000000800000000)
  eden space 4792320K, 100% used [0x0000000580100000,0x00000006a4900000,0x00000006a4900000)
  from space 2788352K, 60% used [0x000000074b200000,0x00000007b1bdf020,0x00000007f5500000)
  to   space 2728960K, 0% used [0x00000006a4900000,0x00000006a4900000,0x000000074b200000)
 ParOldGen       total 14301696K, used 2710256K [0x0000000080200000, 0x00000003e9080000, 0x0000000580100000)
  object space 14301696K, 18% used [0x0000000080200000,0x00000001258bc0d0,0x00000003e9080000)
 Metaspace       used 32219K, capacity 32535K, committed 32640K, reserved 1079296K
  class space    used 3596K, capacity 3710K, committed 3712K, reserved 1048576K
Event: 647.793 GC heap after
Heap after GC invocations=294 (full 43):
 PSYoungGen      total 7521280K, used 629430K [0x0000000580100000, 0x00000007ffc00000, 0x0000000800000000)
  eden space 4792320K, 0% used [0x0000000580100000,0x0000000580100000,0x00000006a4900000)
  from space 2728960K, 23% used [0x00000006a4900000,0x00000006cafadbc8,0x000000074b200000)
  to   space 2756608K, 0% used [0x0000000757800000,0x0000000757800000,0x00000007ffc00000)
 ParOldGen       total 14301696K, used 3358018K [0x0000000080200000, 0x00000003e9080000, 0x0000000580100000)
  object space 14301696K, 23% used [0x0000000080200000,0x000000014d1508a0,0x00000003e9080000)
 Metaspace       used 32219K, capacity 32535K, committed 32640K, reserved 1079296K
  class space    used 3596K, capacity 3710K, committed 3712K, reserved 1048576K
}
Event: 647.992 GC heap before
{Heap before GC invocations=295 (full 43):
 PSYoungGen      total 7521280K, used 5421750K [0x0000000580100000, 0x00000007ffc00000, 0x0000000800000000)
  eden space 4792320K, 100% used [0x0000000580100000,0x00000006a4900000,0x00000006a4900000)
  from space 2728960K, 23% used [0x00000006a4900000,0x00000006cafadbc8,0x000000074b200000)
  to   space 2756608K, 0% used [0x0000000757800000,0x0000000757800000,0x00000007ffc00000)
 ParOldGen       total 14301696K, used 3358018K [0x0000000080200000, 0x00000003e9080000, 0x0000000580100000)
  object space 14301696K, 23% used [0x0000000080200000,0x000000014d1508a0,0x00000003e9080000)
 Metaspace       used 32219K, capacity 32535K, committed 32640K, reserved 1079296K
  class space    used 3596K, capacity 3710K, committed 3712K, reserved 1048576K
Event: 648.055 GC heap after
Heap after GC invocations=295 (full 43):
 PSYoungGen      total 7658496K, used 1016704K [0x0000000580100000, 0x00000007f9d00000, 0x0000000800000000)
  eden space 4999168K, 0% used [0x0000000580100000,0x0000000580100000,0x00000006b1300000)
  from space 2659328K, 38% used [0x0000000757800000,0x00000007958e02d0,0x00000007f9d00000)
  to   space 2692096K, 0% used [0x00000006b1300000,0x00000006b1300000,0x0000000755800000)
 ParOldGen       total 14301696K, used 3728846K [0x0000000080200000, 0x00000003e9080000, 0x0000000580100000)
  object space 14301696K, 26% used [0x0000000080200000,0x0000000163b73918,0x00000003e9080000)
 Metaspace       used 32219K, capacity 32535K, committed 32640K, reserved 1079296K
  class space    used 3596K, capacity 3710K, committed 3712K, reserved 1048576K
}
Event: 648.255 GC heap before
{Heap before GC invocations=296 (full 43):
 PSYoungGen      total 7658496K, used 6015872K [0x0000000580100000, 0x00000007f9d00000, 0x0000000800000000)
  eden space 4999168K, 100% used [0x0000000580100000,0x00000006b1300000,0x00000006b1300000)
  from space 2659328K, 38% used [0x0000000757800000,0x00000007958e02d0,0x00000007f9d00000)
  to   space 2692096K, 0% used [0x00000006b1300000,0x00000006b1300000,0x0000000755800000)
 ParOldGen       total 14301696K, used 3728846K [0x0000000080200000, 0x00000003e9080000, 0x0000000580100000)
  object space 14301696K, 26% used [0x0000000080200000,0x0000000163b73918,0x00000003e9080000)
 Metaspace       used 32219K, capacity 32535K, committed 32640K, reserved 1079296K
  class space    used 3596K, capacity 3710K, committed 3712K, reserved 1048576K
Event: 648.348 GC heap after
Heap after GC invocations=296 (full 43):
 PSYoungGen      total 7691264K, used 1590112K [0x0000000580100000, 0x00000007fb700000, 0x0000000800000000)
  eden space 4999168K, 0% used [0x0000000580100000,0x0000000580100000,0x00000006b1300000)
  from space 2692096K, 59% used [0x00000006b1300000,0x00000007123d8230,0x0000000755800000)
  to   space 2638336K, 0% used [0x000000075a680000,0x000000075a680000,0x00000007fb700000)
 ParOldGen       total 14301696K, used 4269699K [0x0000000080200000, 0x00000003e9080000, 0x0000000580100000)
  object space 14301696K, 29% used [0x0000000080200000,0x0000000184ba0cc8,0x00000003e9080000)
 Metaspace       used 32219K, capacity 32535K, committed 32640K, reserved 1079296K
  class space    used 3596K, capacity 3710K, committed 3712K, reserved 1048576K
}
Event: 648.559 GC heap before
{Heap before GC invocations=297 (full 43):
 PSYoungGen      total 7691264K, used 6589280K [0x0000000580100000, 0x00000007fb700000, 0x0000000800000000)
  eden space 4999168K, 100% used [0x0000000580100000,0x00000006b1300000,0x00000006b1300000)
  from space 2692096K, 59% used [0x00000006b1300000,0x00000007123d8230,0x0000000755800000)
  to   space 2638336K, 0% used [0x000000075a680000,0x000000075a680000,0x00000007fb700000)
 ParOldGen       total 14301696K, used 4269699K [0x0000000080200000, 0x00000003e9080000, 0x0000000580100000)
  object space 14301696K, 29% used [0x0000000080200000,0x0000000184ba0cc8,0x00000003e9080000)
 Metaspace       used 32219K, capacity 32535K, committed 32640K, reserved 1079296K
  class space    used 3596K, capacity 3710K, committed 3712K, reserved 1048576K
Event: 648.662 GC heap after
Heap after GC invocations=297 (full 43):
 PSYoungGen      total 7776256K, used 771267K [0x0000000580100000, 0x00000007fab80000, 0x0000000800000000)
  eden space 5149696K, 0% used [0x0000000580100000,0x0000000580100000,0x00000006ba600000)
  from space 2626560K, 29% used [0x000000075a680000,0x00000007897b0f70,0x00000007fab80000)
  to   space 2621952K, 0% used [0x00000006ba600000,0x00000006ba600000,0x000000075a680000)
 ParOldGen       total 14301696K, used 5875491K [0x0000000080200000, 0x00000003e9080000, 0x0000000580100000)
  object space 14301696K, 41% used [0x0000000080200000,0x00000001e6bc8ef8,0x00000003e9080000)
 Metaspace       used 32219K, capacity 32535K, committed 32640K, reserved 1079296K
  class space    used 3596K, capacity 3710K, committed 3712K, reserved 1048576K
}
Event: 648.853 GC heap before
{Heap before GC invocations=298 (full 43):
 PSYoungGen      total 7776256K, used 5870276K [0x0000000580100000, 0x00000007fab80000, 0x0000000800000000)
  eden space 5149696K, 99% used [0x0000000580100000,0x00000006b7480450,0x00000006ba600000)
  from space 2626560K, 29% used [0x000000075a680000,0x00000007897b0f70,0x00000007fab80000)
  to   space 2621952K, 0% used [0x00000006ba600000,0x00000006ba600000,0x000000075a680000)
 ParOldGen       total 14301696K, used 5875491K [0x0000000080200000, 0x00000003e9080000, 0x0000000580100000)
  object space 14301696K, 41% used [0x0000000080200000,0x00000001e6bc8ef8,0x00000003e9080000)
 Metaspace       used 32219K, capacity 32535K, committed 32640K, reserved 1079296K
  class space    used 3596K, capacity 3710K, committed 3712K, reserved 1048576K
Event: 649.060 GC heap after
Heap after GC invocations=298 (full 43):
 PSYoungGen      total 7558144K, used 2407993K [0x0000000580100000, 0x0000000800000000, 0x0000000800000000)
  eden space 5149696K, 0% used [0x0000000580100000,0x0000000580100000,0x00000006ba600000)
  from space 2408448K, 99% used [0x00000006ba600000,0x000000074d58e7d0,0x000000074d600000)
  to   space 2889216K, 0% used [0x000000074fa80000,0x000000074fa80000,0x0000000800000000)
 ParOldGen       total 14301696K, used 6613767K [0x0000000080200000, 0x00000003e9080000, 0x0000000580100000)
  object space 14301696K, 46% used [0x0000000080200000,0x0000000213cc1e58,0x00000003e9080000)
 Metaspace       used 32219K, capacity 32535K, committed 32640K, reserved 1079296K
  class space    used 3596K, capacity 3710K, committed 3712K, reserved 1048576K
}
Event: 649.277 GC heap before
{Heap before GC invocations=299 (full 43):
 PSYoungGen      total 7558144K, used 7557689K [0x0000000580100000, 0x0000000800000000, 0x0000000800000000)
  eden space 5149696K, 100% used [0x0000000580100000,0x00000006ba600000,0x00000006ba600000)
  from space 2408448K, 99% used [0x00000006ba600000,0x000000074d58e7d0,0x000000074d600000)
  to   space 2889216K, 0% used [0x000000074fa80000,0x000000074fa80000,0x0000000800000000)
 ParOldGen       total 14301696K, used 6613767K [0x0000000080200000, 0x00000003e9080000, 0x0000000580100000)
  object space 14301696K, 46% used [0x0000000080200000,0x0000000213cc1e58,0x00000003e9080000)
 Metaspace       used 32219K, capacity 32535K, committed 32640K, reserved 1079296K
  class space    used 3596K, capacity 3710K, committed 3712K, reserved 1048576K
Event: 651.255 GC heap after
Heap after GC invocations=299 (full 43):
 PSYoungGen      total 7623680K, used 1759207K [0x0000000580100000, 0x0000000800000000, 0x0000000800000000)
  eden space 4734464K, 0% used [0x0000000580100000,0x0000000580100000,0x00000006a1080000)
  from space 2889216K, 60% used [0x000000074fa80000,0x00000007bb079da8,0x0000000800000000)
  to   space 2861056K, 0% used [0x00000006a1080000,0x00000006a1080000,0x000000074fa80000)
 ParOldGen       total 14301696K, used 9027700K [0x0000000080200000, 0x00000003e9080000, 0x0000000580100000)
  object space 14301696K, 63% used [0x0000000080200000,0x00000002a721d298,0x00000003e9080000)
 Metaspace       used 32219K, capacity 32535K, committed 32640K, reserved 1079296K
  class space    used 3596K, capacity 3710K, committed 3712K, reserved 1048576K
}
Event: 651.542 GC heap before
{Heap before GC invocations=300 (full 43):
 PSYoungGen      total 7623680K, used 6493671K [0x0000000580100000, 0x0000000800000000, 0x0000000800000000)
  eden space 4734464K, 100% used [0x0000000580100000,0x00000006a1080000,0x00000006a1080000)
  from space 2889216K, 60% used [0x000000074fa80000,0x00000007bb079da8,0x0000000800000000)
  to   space 2861056K, 0% used [0x00000006a1080000,0x00000006a1080000,0x000000074fa80000)
 ParOldGen       total 14301696K, used 9027700K [0x0000000080200000, 0x00000003e9080000, 0x0000000580100000)
  object space 14301696K, 63% used [0x0000000080200000,0x00000002a721d298,0x00000003e9080000)
 Metaspace       used 32219K, capacity 32535K, committed 32640K, reserved 1079296K
  class space    used 3596K, capacity 3710K, committed 3712K, reserved 1048576K
Event: 654.030 GC heap after
Heap after GC invocations=300 (full 43):
 PSYoungGen      total 6460928K, used 1726266K [0x0000000580100000, 0x00000007f8980000, 0x0000000800000000)
  eden space 4734464K, 0% used [0x0000000580100000,0x0000000580100000,0x00000006a1080000)
  from space 1726464K, 99% used [0x00000006a1080000,0x000000070a64e830,0x000000070a680000)
  to   space 2814464K, 0% used [0x000000074cd00000,0x000000074cd00000,0x00000007f8980000)
 ParOldGen       total 14301696K, used 10733322K [0x0000000080200000, 0x00000003e9080000, 0x0000000580100000)
  object space 14301696K, 75% used [0x0000000080200000,0x000000030f3c29d8,0x00000003e9080000)
 Metaspace       used 32219K, capacity 32535K, committed 32640K, reserved 1079296K
  class space    used 3596K, capacity 3710K, committed 3712K, reserved 1048576K
}
Event: 654.290 GC heap before
{Heap before GC invocations=301 (full 43):
 PSYoungGen      total 6460928K, used 6460730K [0x0000000580100000, 0x00000007f8980000, 0x0000000800000000)
  eden space 4734464K, 100% used [0x0000000580100000,0x00000006a1080000,0x00000006a1080000)
  from space 1726464K, 99% used [0x00000006a1080000,0x000000070a64e830,0x000000070a680000)
  to   space 2814464K, 0% used [0x000000074cd00000,0x000000074cd00000,0x00000007f8980000)
 ParOldGen       total 14301696K, used 10733322K [0x0000000080200000, 0x00000003e9080000, 0x0000000580100000)
  object space 14301696K, 75% used [0x0000000080200000,0x000000030f3c29d8,0x00000003e9080000)
 Metaspace       used 32219K, capacity 32535K, committed 32640K, reserved 1079296K
  class space    used 3596K, capacity 3710K, committed 3712K, reserved 1048576K
Event: 656.554 GC heap after
Heap after GC invocations=301 (full 43):
 PSYoungGen      total 7595520K, used 1729907K [0x0000000580100000, 0x0000000800000000, 0x0000000800000000)
  eden space 4781056K, 0% used [0x0000000580100000,0x0000000580100000,0x00000006a3e00000)
  from space 2814464K, 61% used [0x000000074cd00000,0x00000007b665ce80,0x00000007f8980000)
  to   space 2767872K, 0% used [0x00000006a3e00000,0x00000006a3e00000,0x000000074cd00000)
 ParOldGen       total 14301696K, used 12050467K [0x0000000080200000, 0x00000003e9080000, 0x0000000580100000)
  object space 14301696K, 84% used [0x0000000080200000,0x000000035fa08fe0,0x00000003e9080000)
 Metaspace       used 32219K, capacity 32535K, committed 32640K, reserved 1079296K
  class space    used 3596K, capacity 3710K, committed 3712K, reserved 1048576K
}
Event: 656.554 GC heap before
{Heap before GC invocations=302 (full 44):
 PSYoungGen      total 7595520K, used 1729907K [0x0000000580100000, 0x0000000800000000, 0x0000000800000000)
  eden space 4781056K, 0% used [0x0000000580100000,0x0000000580100000,0x00000006a3e00000)
  from space 2814464K, 61% used [0x000000074cd00000,0x00000007b665ce80,0x00000007f8980000)
  to   space 2767872K, 0% used [0x00000006a3e00000,0x00000006a3e00000,0x000000074cd00000)
 ParOldGen       total 14301696K, used 12050467K [0x0000000080200000, 0x00000003e9080000, 0x0000000580100000)
  object space 14301696K, 84% used [0x0000000080200000,0x000000035fa08fe0,0x00000003e9080000)
 Metaspace       used 32219K, capacity 32535K, committed 32640K, reserved 1079296K
  class space    used 3596K, capacity 3710K, committed 3712K, reserved 1048576K
Event: 658.838 GC heap after
Heap after GC invocations=302 (full 44):
 PSYoungGen      total 7595520K, used 0K [0x0000000580100000, 0x0000000800000000, 0x0000000800000000)
  eden space 4781056K, 0% used [0x0000000580100000,0x0000000580100000,0x00000006a3e00000)
  from space 2814464K, 0% used [0x000000074cd00000,0x000000074cd00000,0x00000007f8980000)
  to   space 2767872K, 0% used [0x00000006a3e00000,0x00000006a3e00000,0x000000074cd00000)
 ParOldGen       total 16873472K, used 4972298K [0x0000000080200000, 0x0000000486000000, 0x0000000580100000)
  object space 16873472K, 29% used [0x0000000080200000,0x00000001af9c2a70,0x0000000486000000)
 Metaspace       used 32219K, capacity 32535K, committed 32640K, reserved 1079296K
  class space    used 3596K, capacity 3710K, committed 3712K, reserved 1048576K
}
Event: 659.336 GC heap before
{Heap before GC invocations=303 (full 44):
 PSYoungGen      total 7595520K, used 4781056K [0x0000000580100000, 0x0000000800000000, 0x0000000800000000)
  eden space 4781056K, 100% used [0x0000000580100000,0x00000006a3e00000,0x00000006a3e00000)
  from space 2814464K, 0% used [0x000000074cd00000,0x000000074cd00000,0x00000007f8980000)
  to   space 2767872K, 0% used [0x00000006a3e00000,0x00000006a3e00000,0x000000074cd00000)
 ParOldGen       total 16873472K, used 4972298K [0x0000000080200000, 0x0000000486000000, 0x0000000580100000)
  object space 16873472K, 29% used [0x0000000080200000,0x00000001af9c2a70,0x0000000486000000)
 Metaspace       used 32220K, capacity 32535K, committed 32640K, reserved 1079296K
  class space    used 3596K, capacity 3710K, committed 3712K, reserved 1048576K
Event: 661.003 GC heap after
Heap after GC invocations=303 (full 44):
 PSYoungGen      total 7548928K, used 1602011K [0x0000000580100000, 0x00000007f1780000, 0x0000000800000000)
  eden space 4781056K, 0% used [0x0000000580100000,0x0000000580100000,0x00000006a3e00000)
  from space 2767872K, 57% used [0x00000006a3e00000,0x0000000705a76fd0,0x000000074cd00000)
  to   space 2672128K, 0% used [0x000000074e600000,0x000000074e600000,0x00000007f1780000)
 ParOldGen       total 16873472K, used 4972298K [0x0000000080200000, 0x0000000486000000, 0x0000000580100000)
  object space 16873472K, 29% used [0x0000000080200000,0x00000001af9c2a70,0x0000000486000000)
 Metaspace       used 32220K, capacity 32535K, committed 32640K, reserved 1079296K
  class space    used 3596K, capacity 3710K, committed 3712K, reserved 1048576K
}
Event: 661.586 GC heap before
{Heap before GC invocations=304 (full 44):
 PSYoungGen      total 7548928K, used 6383067K [0x0000000580100000, 0x00000007f1780000, 0x0000000800000000)
  eden space 4781056K, 100% used [0x0000000580100000,0x00000006a3e00000,0x00000006a3e00000)
  from space 2767872K, 57% used [0x00000006a3e00000,0x0000000705a76fd0,0x000000074cd00000)
  to   space 2672128K, 0% used [0x000000074e600000,0x000000074e600000,0x00000007f1780000)
 ParOldGen       total 16873472K, used 4972298K [0x0000000080200000, 0x0000000486000000, 0x0000000580100000)
  object space 16873472K, 29% used [0x0000000080200000,0x00000001af9c2a70,0x0000000486000000)
 Metaspace       used 32220K, capacity 32535K, committed 32640K, reserved 1079296K
  class space    used 3596K, capacity 3710K, committed 3712K, reserved 1048576K
Event: 662.668 GC heap after
Heap after GC invocations=304 (full 44):
 PSYoungGen      total 7494656K, used 392320K [0x0000000580100000, 0x0000000800000000, 0x0000000800000000)
  eden space 4822528K, 0% used [0x0000000580100000,0x0000000580100000,0x00000006a6680000)
  from space 2672128K, 14% used [0x000000074e600000,0x0000000766520320,0x00000007f1780000)
  to   space 2752000K, 0% used [0x00000006a6680000,0x00000006a6680000,0x000000074e600000)
 ParOldGen       total 16873472K, used 5861308K [0x0000000080200000, 0x0000000486000000, 0x0000000580100000)
  object space 16873472K, 34% used [0x0000000080200000,0x00000001e5def1f0,0x0000000486000000)
 Metaspace       used 32220K, capacity 32535K, committed 32640K, reserved 1079296K
  class space    used 3596K, capacity 3710K, committed 3712K, reserved 1048576K
}
Event: 662.864 GC heap before
{Heap before GC invocations=305 (full 44):
 PSYoungGen      total 7494656K, used 5214848K [0x0000000580100000, 0x0000000800000000, 0x0000000800000000)
  eden space 4822528K, 100% used [0x0000000580100000,0x00000006a6680000,0x00000006a6680000)
  from space 2672128K, 14% used [0x000000074e600000,0x0000000766520320,0x00000007f1780000)
  to   space 2752000K, 0% used [0x00000006a6680000,0x00000006a6680000,0x000000074e600000)
 ParOldGen       total 16873472K, used 5861308K [0x0000000080200000, 0x0000000486000000, 0x0000000580100000)
  object space 16873472K, 34% used [0x0000000080200000,0x00000001e5def1f0,0x0000000486000000)
 Metaspace       used 32220K, capacity 32535K, committed 32640K, reserved 1079296K
  class space    used 3596K, capacity 3710K, committed 3712K, reserved 1048576K
Event: 662.909 GC heap after
Heap after GC invocations=305 (full 44):
 PSYoungGen      total 7574528K, used 906144K [0x0000000580100000, 0x00000007ff400000, 0x0000000800000000)
  eden space 4822528K, 0% used [0x0000000580100000,0x0000000580100000,0x00000006a6680000)
  from space 2752000K, 32% used [0x00000006a6680000,0x00000006ddb68290,0x000000074e600000)
  to   space 2705920K, 0% used [0x000000075a180000,0x000000075a180000,0x00000007ff400000)
 ParOldGen       total 16873472K, used 5861820K [0x0000000080200000, 0x0000000486000000, 0x0000000580100000)
  object space 16873472K, 34% used [0x0000000080200000,0x00000001e5e6f180,0x0000000486000000)
 Metaspace       used 32220K, capacity 32535K, committed 32640K, reserved 1079296K
  class space    used 3596K, capacity 3710K, committed 3712K, reserved 1048576K
}
Event: 663.102 GC heap before
{Heap before GC invocations=306 (full 44):
 PSYoungGen      total 7574528K, used 5728672K [0x0000000580100000, 0x00000007ff400000, 0x0000000800000000)
  eden space 4822528K, 100% used [0x0000000580100000,0x00000006a6680000,0x00000006a6680000)
  from space 2752000K, 32% used [0x00000006a6680000,0x00000006ddb68290,0x000000074e600000)
  to   space 2705920K, 0% used [0x000000075a180000,0x000000075a180000,0x00000007ff400000)
 ParOldGen       total 16873472K, used 5861820K [0x0000000080200000, 0x0000000486000000, 0x0000000580100000)
  object space 16873472K, 34% used [0x0000000080200000,0x00000001e5e6f180,0x0000000486000000)
 Metaspace       used 32221K, capacity 32535K, committed 32640K, reserved 1079296K
  class space    used 3596K, capacity 3710K, committed 3712K, reserved 1048576K
Event: 663.182 GC heap after
Heap after GC invocations=306 (full 44):
 PSYoungGen      total 7632384K, used 1639264K [0x0000000580100000, 0x00000007f9200000, 0x0000000800000000)
  eden space 5026816K, 0% used [0x0000000580100000,0x0000000580100000,0x00000006b2e00000)
  from space 2605568K, 62% used [0x000000075a180000,0x00000007be258250,0x00000007f9200000)
  to   space 2672640K, 0% used [0x00000006b2e00000,0x00000006b2e00000,0x0000000756000000)
 ParOldGen       total 16873472K, used 6173292K [0x0000000080200000, 0x0000000486000000, 0x0000000580100000)
  object space 16873472K, 36% used [0x0000000080200000,0x00000001f8e9b238,0x0000000486000000)
 Metaspace       used 32221K, capacity 32535K, committed 32640K, reserved 1079296K
  class space    used 3596K, capacity 3710K, committed 3712K, reserved 1048576K
}
Event: 663.393 GC heap before
{Heap before GC invocations=307 (full 44):
 PSYoungGen      total 7632384K, used 6666080K [0x0000000580100000, 0x00000007f9200000, 0x0000000800000000)
  eden space 5026816K, 100% used [0x0000000580100000,0x00000006b2e00000,0x00000006b2e00000)
  from space 2605568K, 62% used [0x000000075a180000,0x00000007be258250,0x00000007f9200000)
  to   space 2672640K, 0% used [0x00000006b2e00000,0x00000006b2e00000,0x0000000756000000)
 ParOldGen       total 16873472K, used 6173292K [0x0000000080200000, 0x0000000486000000, 0x0000000580100000)
  object space 16873472K, 36% used [0x0000000080200000,0x00000001f8e9b238,0x0000000486000000)
 Metaspace       used 32221K, capacity 32535K, committed 32640K, reserved 1079296K
  class space    used 3596K, capacity 3710K, committed 3712K, reserved 1048576K
Event: 663.504 GC heap after
Heap after GC invocations=307 (full 44):
 PSYoungGen      total 7699456K, used 1060929K [0x0000000580100000, 0x00000007fb680000, 0x0000000800000000)
  eden space 5026816K, 0% used [0x0000000580100000,0x0000000580100000,0x00000006b2e00000)
  from space 2672640K, 39% used [0x00000006b2e00000,0x00000006f3a10740,0x0000000756000000)
  to   space 2601472K, 0% used [0x000000075ca00000,0x000000075ca00000,0x00000007fb680000)
 ParOldGen       total 16873472K, used 7795502K [0x0000000080200000, 0x0000000486000000, 0x0000000580100000)
  object space 16873472K, 46% used [0x0000000080200000,0x000000025becba98,0x0000000486000000)
 Metaspace       used 32221K, capacity 32535K, committed 32640K, reserved 1079296K
  class space    used 3596K, capacity 3710K, committed 3712K, reserved 1048576K
}
Event: 663.706 GC heap before
{Heap before GC invocations=308 (full 44):
 PSYoungGen      total 7699456K, used 6087745K [0x0000000580100000, 0x00000007fb680000, 0x0000000800000000)
  eden space 5026816K, 100% used [0x0000000580100000,0x00000006b2e00000,0x00000006b2e00000)
  from space 2672640K, 39% used [0x00000006b2e00000,0x00000006f3a10740,0x0000000756000000)
  to   space 2601472K, 0% used [0x000000075ca00000,0x000000075ca00000,0x00000007fb680000)
 ParOldGen       total 16873472K, used 7795502K [0x0000000080200000, 0x0000000486000000, 0x0000000580100000)
  object space 16873472K, 46% used [0x0000000080200000,0x000000025becba98,0x0000000486000000)
 Metaspace       used 32221K, capacity 32535K, committed 32640K, reserved 1079296K
  class space    used 3596K, capacity 3710K, committed 3712K, reserved 1048576K
Event: 663.932 GC heap after
Heap after GC invocations=308 (full 44):
 PSYoungGen      total 7458304K, used 2270792K [0x0000000580100000, 0x0000000800000000, 0x0000000800000000)
  eden space 4856832K, 0% used [0x0000000580100000,0x0000000580100000,0x00000006a8800000)
  from space 2601472K, 87% used [0x000000075ca00000,0x00000007e7392060,0x00000007fb680000)
  to   space 2813952K, 0% used [0x00000006a8800000,0x00000006a8800000,0x0000000754400000)
 ParOldGen       total 16873472K, used 8889376K [0x0000000080200000, 0x0000000486000000, 0x0000000580100000)
  object space 16873472K, 52% used [0x0000000080200000,0x000000029eb081e8,0x0000000486000000)
 Metaspace       used 32221K, capacity 32535K, committed 32640K, reserved 1079296K
  class space    used 3596K, capacity 3710K, committed 3712K, reserved 1048576K
}
Event: 664.209 GC heap before
{Heap before GC invocations=309 (full 44):
 PSYoungGen      total 7458304K, used 7127624K [0x0000000580100000, 0x0000000800000000, 0x0000000800000000)
  eden space 4856832K, 100% used [0x0000000580100000,0x00000006a8800000,0x00000006a8800000)
  from space 2601472K, 87% used [0x000000075ca00000,0x00000007e7392060,0x00000007fb680000)
  to   space 2813952K, 0% used [0x00000006a8800000,0x00000006a8800000,0x0000000754400000)
 ParOldGen       total 16873472K, used 8889376K [0x0000000080200000, 0x0000000486000000, 0x0000000580100000)
  object space 16873472K, 52% used [0x0000000080200000,0x000000029eb081e8,0x0000000486000000)
 Metaspace       used 32221K, capacity 32535K, committed 32640K, reserved 1079296K
  class space    used 3596K, capacity 3710K, committed 3712K, reserved 1048576K
Event: 668.421 GC heap after
Heap after GC invocations=309 (full 44):
 PSYoungGen      total 7670784K, used 1459825K [0x0000000580100000, 0x00000007fcb80000, 0x0000000800000000)
  eden space 4856832K, 0% used [0x0000000580100000,0x0000000580100000,0x00000006a8800000)
  from space 2813952K, 51% used [0x00000006a8800000,0x000000070199c5f0,0x0000000754400000)
  to   space 2680832K, 0% used [0x0000000759180000,0x0000000759180000,0x00000007fcb80000)
 ParOldGen       total 16873472K, used 11012020K [0x0000000080200000, 0x0000000486000000, 0x0000000580100000)
  object space 16873472K, 65% used [0x0000000080200000,0x00000003203ed288,0x0000000486000000)
 Metaspace       used 32221K, capacity 32535K, committed 32640K, reserved 1079296K
  class space    used 3596K, capacity 3710K, committed 3712K, reserved 1048576K
}
Event: 668.656 GC heap before
{Heap before GC invocations=310 (full 44):
 PSYoungGen      total 7670784K, used 6294565K [0x0000000580100000, 0x00000007fcb80000, 0x0000000800000000)
  eden space 4856832K, 99% used [0x0000000580100000,0x00000006a726ce98,0x00000006a8800000)
  from space 2813952K, 51% used [0x00000006a8800000,0x000000070199c5f0,0x0000000754400000)
  to   space 2680832K, 0% used [0x0000000759180000,0x0000000759180000,0x00000007fcb80000)
 ParOldGen       total 16873472K, used 11012020K [0x0000000080200000, 0x0000000486000000, 0x0000000580100000)
  object space 16873472K, 65% used [0x0000000080200000,0x00000003203ed288,0x0000000486000000)
 Metaspace       used 32221K, capacity 32535K, committed 32640K, reserved 1079296K
  class space    used 3596K, capacity 3710K, committed 3712K, reserved 1048576K
Event: 671.863 GC heap after
Heap after GC invocations=310 (full 44):
 PSYoungGen      total 7516672K, used 1684269K [0x0000000580100000, 0x00000007f3500000, 0x0000000800000000)
  eden space 4989952K, 0% used [0x0000000580100000,0x0000000580100000,0x00000006b0a00000)
  from space 2526720K, 66% used [0x0000000759180000,0x00000007bfe4b7c0,0x00000007f3500000)
  to   space 2643456K, 0% used [0x00000006b0a00000,0x00000006b0a00000,0x0000000751f80000)
 ParOldGen       total 16873472K, used 12174598K [0x0000000080200000, 0x0000000486000000, 0x0000000580100000)
  object space 16873472K, 72% used [0x0000000080200000,0x0000000367341978,0x0000000486000000)
 Metaspace       used 32221K, capacity 32535K, committed 32640K, reserved 1079296K
  class space    used 3596K, capacity 3710K, committed 3712K, reserved 1048576K
}
Event: 672.102 GC heap before
{Heap before GC invocations=311 (full 44):
 PSYoungGen      total 7516672K, used 6674221K [0x0000000580100000, 0x00000007f3500000, 0x0000000800000000)
  eden space 4989952K, 100% used [0x0000000580100000,0x00000006b0a00000,0x00000006b0a00000)
  from space 2526720K, 66% used [0x0000000759180000,0x00000007bfe4b7c0,0x00000007f3500000)
  to   space 2643456K, 0% used [0x00000006b0a00000,0x00000006b0a00000,0x0000000751f80000)
 ParOldGen       total 16873472K, used 12174598K [0x0000000080200000, 0x0000000486000000, 0x0000000580100000)
  object space 16873472K, 72% used [0x0000000080200000,0x0000000367341978,0x0000000486000000)
 Metaspace       used 32221K, capacity 32535K, committed 32640K, reserved 1079296K
  class space    used 3596K, capacity 3710K, committed 3712K, reserved 1048576K
Event: 673.849 GC heap after
Heap after GC invocations=311 (full 44):
 PSYoungGen      total 7633408K, used 1954743K [0x0000000580100000, 0x0000000800000000, 0x0000000800000000)
  eden space 4989952K, 0% used [0x0000000580100000,0x0000000580100000,0x00000006b0a00000)
  from space 2643456K, 73% used [0x00000006b0a00000,0x0000000727eede70,0x0000000751f80000)
  to   space 2703872K, 0% used [0x000000075af80000,0x000000075af80000,0x0000000800000000)
 ParOldGen       total 16873472K, used 13426719K [0x0000000080200000, 0x0000000486000000, 0x0000000580100000)
  object space 16873472K, 79% used [0x0000000080200000,0x00000003b3a07d60,0x0000000486000000)
 Metaspace       used 32221K, capacity 32535K, committed 32640K, reserved 1079296K
  class space    used 3596K, capacity 3710K, committed 3712K, reserved 1048576K
}
Event: 674.264 GC heap before
{Heap before GC invocations=312 (full 44):
 PSYoungGen      total 7633408K, used 6944695K [0x0000000580100000, 0x0000000800000000, 0x0000000800000000)
  eden space 4989952K, 100% used [0x0000000580100000,0x00000006b0a00000,0x00000006b0a00000)
  from space 2643456K, 73% used [0x00000006b0a00000,0x0000000727eede70,0x0000000751f80000)
  to   space 2703872K, 0% used [0x000000075af80000,0x000000075af80000,0x0000000800000000)
 ParOldGen       total 16873472K, used 13426719K [0x0000000080200000, 0x0000000486000000, 0x0000000580100000)
  object space 16873472K, 79% used [0x0000000080200000,0x00000003b3a07d60,0x0000000486000000)
 Metaspace       used 32221K, capacity 32535K, committed 32640K, reserved 1079296K
  class space    used 3596K, capacity 3710K, committed 3712K, reserved 1048576K
Event: 676.583 GC heap after
Heap after GC invocations=312 (full 44):
 PSYoungGen      total 7797760K, used 1724944K [0x0000000580100000, 0x00000007fe600000, 0x0000000800000000)
  eden space 5120512K, 0% used [0x0000000580100000,0x0000000580100000,0x00000006b8980000)
  from space 2677248K, 64% used [0x000000075af80000,0x00000007c4404070,0x00000007fe600000)
  to   space 2660352K, 0% used [0x00000006b8980000,0x00000006b8980000,0x000000075af80000)
 ParOldGen       total 16873472K, used 15128009K [0x0000000080200000, 0x0000000486000000, 0x0000000580100000)
  object space 16873472K, 89% used [0x0000000080200000,0x000000041b772720,0x0000000486000000)
 Metaspace       used 32221K, capacity 32535K, committed 32640K, reserved 1079296K
  class space    used 3596K, capacity 3710K, committed 3712K, reserved 1048576K
}
Event: 676.583 GC heap before
{Heap before GC invocations=313 (full 45):
 PSYoungGen      total 7797760K, used 1724944K [0x0000000580100000, 0x00000007fe600000, 0x0000000800000000)
  eden space 5120512K, 0% used [0x0000000580100000,0x0000000580100000,0x00000006b8980000)
  from space 2677248K, 64% used [0x000000075af80000,0x00000007c4404070,0x00000007fe600000)
  to   space 2660352K, 0% used [0x00000006b8980000,0x00000006b8980000,0x000000075af80000)
 ParOldGen       total 16873472K, used 15128009K [0x0000000080200000, 0x0000000486000000, 0x0000000580100000)
  object space 16873472K, 89% used [0x0000000080200000,0x000000041b772720,0x0000000486000000)
 Metaspace       used 32221K, capacity 32535K, committed 32640K, reserved 1079296K
  class space    used 3596K, capacity 3710K, committed 3712K, reserved 1048576K
Event: 677.921 GC heap after
Heap after GC invocations=313 (full 45):
 PSYoungGen      total 7797760K, used 0K [0x0000000580100000, 0x00000007fe600000, 0x0000000800000000)
  eden space 5120512K, 0% used [0x0000000580100000,0x0000000580100000,0x00000006b8980000)
  from space 2677248K, 0% used [0x000000075af80000,0x000000075af80000,0x00000007fe600000)
  to   space 2660352K, 0% used [0x00000006b8980000,0x00000006b8980000,0x000000075af80000)
 ParOldGen       total 14891008K, used 2896318K [0x0000000080200000, 0x000000040d000000, 0x0000000580100000)
  object space 14891008K, 19% used [0x0000000080200000,0x0000000130e6f938,0x000000040d000000)
 Metaspace       used 32221K, capacity 32535K, committed 32640K, reserved 1079296K
  class space    used 3596K, capacity 3710K, committed 3712K, reserved 1048576K
}
Event: 697.737 GC heap before
{Heap before GC invocations=314 (full 45):
 PSYoungGen      total 7797760K, used 5120512K [0x0000000580100000, 0x00000007fe600000, 0x0000000800000000)
  eden space 5120512K, 100% used [0x0000000580100000,0x00000006b8980000,0x00000006b8980000)
  from space 2677248K, 0% used [0x000000075af80000,0x000000075af80000,0x00000007fe600000)
  to   space 2660352K, 0% used [0x00000006b8980000,0x00000006b8980000,0x000000075af80000)
 ParOldGen       total 14891008K, used 2896318K [0x0000000080200000, 0x000000040d000000, 0x0000000580100000)
  object space 14891008K, 19% used [0x0000000080200000,0x0000000130e6f938,0x000000040d000000)
 Metaspace       used 32226K, capacity 32535K, committed 32640K, reserved 1079296K
  class space    used 3596K, capacity 3710K, committed 3712K, reserved 1048576K
Event: 699.050 GC heap after
Heap after GC invocations=314 (full 45):
 PSYoungGen      total 6284288K, used 1163384K [0x0000000580100000, 0x00000007f9380000, 0x0000000800000000)
  eden space 5120512K, 0% used [0x0000000580100000,0x0000000580100000,0x00000006b8980000)
  from space 1163776K, 99% used [0x00000006b8980000,0x00000006ff99e1b8,0x00000006ffa00000)
  to   space 2613248K, 0% used [0x0000000759b80000,0x0000000759b80000,0x00000007f9380000)
 ParOldGen       total 14891008K, used 2896318K [0x0000000080200000, 0x000000040d000000, 0x0000000580100000)
  object space 14891008K, 19% used [0x0000000080200000,0x0000000130e6f938,0x000000040d000000)
 Metaspace       used 32226K, capacity 32535K, committed 32640K, reserved 1079296K
  class space    used 3596K, capacity 3710K, committed 3712K, reserved 1048576K
}
Event: 699.263 GC heap before
{Heap before GC invocations=315 (full 45):
 PSYoungGen      total 6284288K, used 6276042K [0x0000000580100000, 0x00000007f9380000, 0x0000000800000000)
  eden space 5120512K, 99% used [0x0000000580100000,0x00000006b81d4910,0x00000006b8980000)
  from space 1163776K, 99% used [0x00000006b8980000,0x00000006ff99e1b8,0x00000006ffa00000)
  to   space 2613248K, 0% used [0x0000000759b80000,0x0000000759b80000,0x00000007f9380000)
 ParOldGen       total 14891008K, used 2896318K [0x0000000080200000, 0x000000040d000000, 0x0000000580100000)
  object space 14891008K, 19% used [0x0000000080200000,0x0000000130e6f938,0x000000040d000000)
 Metaspace       used 32227K, capacity 32535K, committed 32640K, reserved 1079296K
  class space    used 3596K, capacity 3710K, committed 3712K, reserved 1048576K
Event: 701.040 GC heap after
Heap after GC invocations=315 (full 45):
 PSYoungGen      total 7746048K, used 772137K [0x0000000580100000, 0x0000000800000000, 0x0000000800000000)
  eden space 5132800K, 0% used [0x0000000580100000,0x0000000580100000,0x00000006b9580000)
  from space 2613248K, 29% used [0x0000000759b80000,0x0000000788d8a490,0x00000007f9380000)
  to   space 2627584K, 0% used [0x00000006b9580000,0x00000006b9580000,0x0000000759b80000)
 ParOldGen       total 14891008K, used 4038626K [0x0000000080200000, 0x000000040d000000, 0x0000000580100000)
  object space 14891008K, 27% used [0x0000000080200000,0x00000001769f8888,0x000000040d000000)
 Metaspace       used 32227K, capacity 32535K, committed 32640K, reserved 1079296K
  class space    used 3596K, capacity 3710K, committed 3712K, reserved 1048576K
}
Event: 701.248 GC heap before
{Heap before GC invocations=316 (full 45):
 PSYoungGen      total 7746048K, used 5904937K [0x0000000580100000, 0x0000000800000000, 0x0000000800000000)
  eden space 5132800K, 100% used [0x0000000580100000,0x00000006b9580000,0x00000006b9580000)
  from space 2613248K, 29% used [0x0000000759b80000,0x0000000788d8a490,0x00000007f9380000)
  to   space 2627584K, 0% used [0x00000006b9580000,0x00000006b9580000,0x0000000759b80000)
 ParOldGen       total 14891008K, used 4038626K [0x0000000080200000, 0x000000040d000000, 0x0000000580100000)
  object space 14891008K, 27% used [0x0000000080200000,0x00000001769f8888,0x000000040d000000)
 Metaspace       used 32227K, capacity 32535K, committed 32640K, reserved 1079296K
  class space    used 3596K, capacity 3710K, committed 3712K, reserved 1048576K
Event: 701.309 GC heap after
Heap after GC invocations=316 (full 45):
 PSYoungGen      total 7760384K, used 1311648K [0x0000000580100000, 0x00000007f4d00000, 0x0000000800000000)
  eden space 5132800K, 0% used [0x0000000580100000,0x0000000580100000,0x00000006b9580000)
  from space 2627584K, 49% used [0x00000006b9580000,0x0000000709668260,0x0000000759b80000)
  to   space 2528768K, 0% used [0x000000075a780000,0x000000075a780000,0x00000007f4d00000)
 ParOldGen       total 14891008K, used 4204132K [0x0000000080200000, 0x000000040d000000, 0x0000000580100000)
  object space 14891008K, 28% used [0x0000000080200000,0x0000000180b99318,0x000000040d000000)
 Metaspace       used 32227K, capacity 32535K, committed 32640K, reserved 1079296K
  class space    used 3596K, capacity 3710K, committed 3712K, reserved 1048576K
}
Event: 701.515 GC heap before
{Heap before GC invocations=317 (full 45):
 PSYoungGen      total 7760384K, used 6444448K [0x0000000580100000, 0x00000007f4d00000, 0x0000000800000000)
  eden space 5132800K, 100% used [0x0000000580100000,0x00000006b9580000,0x00000006b9580000)
  from space 2627584K, 49% used [0x00000006b9580000,0x0000000709668260,0x0000000759b80000)
  to   space 2528768K, 0% used [0x000000075a780000,0x000000075a780000,0x00000007f4d00000)
 ParOldGen       total 14891008K, used 4204132K [0x0000000080200000, 0x000000040d000000, 0x0000000580100000)
  object space 14891008K, 28% used [0x0000000080200000,0x0000000180b99318,0x000000040d000000)
 Metaspace       used 32227K, capacity 32535K, committed 32640K, reserved 1079296K
  class space    used 3596K, capacity 3710K, committed 3712K, reserved 1048576K
Event: 701.599 GC heap after
Heap after GC invocations=317 (full 45):
 PSYoungGen      total 7756288K, used 1311520K [0x0000000580100000, 0x00000007eea80000, 0x0000000800000000)
  eden space 5328384K, 0% used [0x0000000580100000,0x0000000580100000,0x00000006c5480000)
  from space 2427904K, 54% used [0x000000075a780000,0x00000007aa848160,0x00000007eea80000)
  to   space 2436096K, 0% used [0x00000006c5480000,0x00000006c5480000,0x0000000759f80000)
 ParOldGen       total 14891008K, used 4925149K [0x0000000080200000, 0x000000040d000000, 0x0000000580100000)
  object space 14891008K, 33% used [0x0000000080200000,0x00000001acbb7448,0x000000040d000000)
 Metaspace       used 32227K, capacity 32535K, committed 32640K, reserved 1079296K
  class space    used 3596K, capacity 3710K, committed 3712K, reserved 1048576K
}
Event: 701.808 GC heap before
{Heap before GC invocations=318 (full 45):
 PSYoungGen      total 7756288K, used 6634706K [0x0000000580100000, 0x00000007eea80000, 0x0000000800000000)
  eden space 5328384K, 99% used [0x0000000580100000,0x00000006c4f6c8c8,0x00000006c5480000)
  from space 2427904K, 54% used [0x000000075a780000,0x00000007aa848160,0x00000007eea80000)
  to   space 2436096K, 0% used [0x00000006c5480000,0x00000006c5480000,0x0000000759f80000)
 ParOldGen       total 14891008K, used 4925149K [0x0000000080200000, 0x000000040d000000, 0x0000000580100000)
  object space 14891008K, 33% used [0x0000000080200000,0x00000001acbb7448,0x000000040d000000)
 Metaspace       used 32227K, capacity 32535K, committed 32640K, reserved 1079296K
  class space    used 3596K, capacity 3710K, committed 3712K, reserved 1048576K
Event: 701.984 GC heap after
Heap after GC invocations=318 (full 45):
 PSYoungGen      total 7764480K, used 2122643K [0x0000000580100000, 0x0000000800000000, 0x0000000800000000)
  eden space 5328384K, 0% used [0x0000000580100000,0x0000000580100000,0x00000006c5480000)
  from space 2436096K, 87% used [0x00000006c5480000,0x0000000746d64ed0,0x0000000759f80000)
  to   space 2597376K, 0% used [0x0000000761780000,0x0000000761780000,0x0000000800000000)
 ParOldGen       total 14891008K, used 6268797K [0x0000000080200000, 0x000000040d000000, 0x0000000580100000)
  object space 14891008K, 42% used [0x0000000080200000,0x00000001febdf5b8,0x000000040d000000)
 Metaspace       used 32227K, capacity 32535K, committed 32640K, reserved 1079296K
  class space    used 3596K, capacity 3710K, committed 3712K, reserved 1048576K
}
Event: 702.196 GC heap before
{Heap before GC invocations=319 (full 45):
 PSYoungGen      total 7764480K, used 7451027K [0x0000000580100000, 0x0000000800000000, 0x0000000800000000)
  eden space 5328384K, 100% used [0x0000000580100000,0x00000006c5480000,0x00000006c5480000)
  from space 2436096K, 87% used [0x00000006c5480000,0x0000000746d64ed0,0x0000000759f80000)
  to   space 2597376K, 0% used [0x0000000761780000,0x0000000761780000,0x0000000800000000)
 ParOldGen       total 14891008K, used 6268797K [0x0000000080200000, 0x000000040d000000, 0x0000000580100000)
  object space 14891008K, 42% used [0x0000000080200000,0x00000001febdf5b8,0x000000040d000000)
 Metaspace       used 32227K, capacity 32535K, committed 32640K, reserved 1079296K
  class space    used 3596K, capacity 3710K, committed 3712K, reserved 1048576K
Event: 702.497 GC heap after
Heap after GC invocations=319 (full 45):
 PSYoungGen      total 7952384K, used 1521772K [0x0000000580100000, 0x00000007fe180000, 0x0000000800000000)
  eden space 5386240K, 0% used [0x0000000580100000,0x0000000580100000,0x00000006c8d00000)
  from space 2566144K, 59% used [0x0000000761780000,0x00000007be59b298,0x00000007fe180000)
  to   space 2501120K, 0% used [0x00000006c8d00000,0x00000006c8d00000,0x0000000761780000)
 ParOldGen       total 14891008K, used 7912733K [0x0000000080200000, 0x000000040d000000, 0x0000000580100000)
  object space 14891008K, 53% used [0x0000000080200000,0x0000000263147548,0x000000040d000000)
 Metaspace       used 32227K, capacity 32535K, committed 32640K, reserved 1079296K
  class space    used 3596K, capacity 3710K, committed 3712K, reserved 1048576K
}
Event: 702.897 GC heap before
{Heap before GC invocations=320 (full 45):
 PSYoungGen      total 7952384K, used 6908012K [0x0000000580100000, 0x00000007fe180000, 0x0000000800000000)
  eden space 5386240K, 100% used [0x0000000580100000,0x00000006c8d00000,0x00000006c8d00000)
  from space 2566144K, 59% used [0x0000000761780000,0x00000007be59b298,0x00000007fe180000)
  to   space 2501120K, 0% used [0x00000006c8d00000,0x00000006c8d00000,0x0000000761780000)
 ParOldGen       total 14891008K, used 7912733K [0x0000000080200000, 0x000000040d000000, 0x0000000580100000)
  object space 14891008K, 53% used [0x0000000080200000,0x0000000263147548,0x000000040d000000)
 Metaspace       used 32227K, capacity 32535K, committed 32640K, reserved 1079296K
  class space    used 3596K, capacity 3710K, committed 3712K, reserved 1048576K
Event: 704.760 GC heap after
Heap after GC invocations=320 (full 45):
 PSYoungGen      total 7515648K, used 2129271K [0x0000000580100000, 0x0000000800000000, 0x0000000800000000)
  eden space 5386240K, 0% used [0x0000000580100000,0x0000000580100000,0x00000006c8d00000)
  from space 2129408K, 99% used [0x00000006c8d00000,0x000000074ac5ded0,0x000000074ac80000)
  to   space 2637824K, 0% used [0x000000075f000000,0x000000075f000000,0x0000000800000000)
 ParOldGen       total 14891008K, used 9265557K [0x0000000080200000, 0x000000040d000000, 0x0000000580100000)
  object space 14891008K, 62% used [0x0000000080200000,0x00000002b5a65468,0x000000040d000000)
 Metaspace       used 32227K, capacity 32535K, committed 32640K, reserved 1079296K
  class space    used 3596K, capacity 3710K, committed 3712K, reserved 1048576K
}
Event: 705.148 GC heap before
{Heap before GC invocations=321 (full 45):
 PSYoungGen      total 7515648K, used 7515511K [0x0000000580100000, 0x0000000800000000, 0x0000000800000000)
  eden space 5386240K, 100% used [0x0000000580100000,0x00000006c8d00000,0x00000006c8d00000)
  from space 2129408K, 99% used [0x00000006c8d00000,0x000000074ac5ded0,0x000000074ac80000)
  to   space 2637824K, 0% used [0x000000075f000000,0x000000075f000000,0x0000000800000000)
 ParOldGen       total 14891008K, used 9265557K [0x0000000080200000, 0x000000040d000000, 0x0000000580100000)
  object space 14891008K, 62% used [0x0000000080200000,0x00000002b5a65468,0x000000040d000000)
 Metaspace       used 32227K, capacity 32535K, committed 32640K, reserved 1079296K
  class space    used 3596K, capacity 3710K, committed 3712K, reserved 1048576K
Event: 708.838 GC heap after
Heap after GC invocations=321 (full 45):
 PSYoungGen      total 7941120K, used 1462597K [0x0000000580100000, 0x0000000800000000, 0x0000000800000000)
  eden space 5303296K, 0% used [0x0000000580100000,0x0000000580100000,0x00000006c3c00000)
  from space 2637824K, 55% used [0x000000075f000000,0x00000007b84517e0,0x0000000800000000)
  to   space 2543616K, 0% used [0x00000006c3c00000,0x00000006c3c00000,0x000000075f000000)
 ParOldGen       total 14891008K, used 10953440K [0x0000000080200000, 0x000000040d000000, 0x0000000580100000)
  object space 14891008K, 73% used [0x0000000080200000,0x000000031cab8028,0x000000040d000000)
 Metaspace       used 32227K, capacity 32535K, committed 32640K, reserved 1079296K
  class space    used 3596K, capacity 3710K, committed 3712K, reserved 1048576K
}
Event: 709.563 GC heap before
{Heap before GC invocations=322 (full 45):
 PSYoungGen      total 7941120K, used 6765893K [0x0000000580100000, 0x0000000800000000, 0x0000000800000000)
  eden space 5303296K, 100% used [0x0000000580100000,0x00000006c3c00000,0x00000006c3c00000)
  from space 2637824K, 55% used [0x000000075f000000,0x00000007b84517e0,0x0000000800000000)
  to   space 2543616K, 0% used [0x00000006c3c00000,0x00000006c3c00000,0x000000075f000000)
 ParOldGen       total 14891008K, used 10953440K [0x0000000080200000, 0x000000040d000000, 0x0000000580100000)
  object space 14891008K, 73% used [0x0000000080200000,0x000000031cab8028,0x000000040d000000)
 Metaspace       used 32227K, capacity 32535K, committed 32640K, reserved 1079296K
  class space    used 3596K, capacity 3710K, committed 3712K, reserved 1048576K
Event: 710.328 GC heap after
Heap after GC invocations=322 (full 45):
 PSYoungGen      total 7846912K, used 701286K [0x0000000580100000, 0x00000007ff700000, 0x0000000800000000)
  eden space 5303296K, 0% used [0x0000000580100000,0x0000000580100000,0x00000006c3c00000)
  from space 2543616K, 27% used [0x00000006c3c00000,0x00000006ee8d9828,0x000000075f000000)
  to   space 2586112K, 0% used [0x0000000761980000,0x0000000761980000,0x00000007ff700000)
 ParOldGen       total 14891008K, used 12119678K [0x0000000080200000, 0x000000040d000000, 0x0000000580100000)
  object space 14891008K, 81% used [0x0000000080200000,0x0000000363d9f918,0x000000040d000000)
 Metaspace       used 32227K, capacity 32535K, committed 32640K, reserved 1079296K
  class space    used 3596K, capacity 3710K, committed 3712K, reserved 1048576K
}
Event: 710.595 GC heap before
{Heap before GC invocations=323 (full 45):
 PSYoungGen      total 7846912K, used 6004582K [0x0000000580100000, 0x00000007ff700000, 0x0000000800000000)
  eden space 5303296K, 100% used [0x0000000580100000,0x00000006c3c00000,0x00000006c3c00000)
  from space 2543616K, 27% used [0x00000006c3c00000,0x00000006ee8d9828,0x000000075f000000)
  to   space 2586112K, 0% used [0x0000000761980000,0x0000000761980000,0x00000007ff700000)
 ParOldGen       total 14891008K, used 12119678K [0x0000000080200000, 0x000000040d000000, 0x0000000580100000)
  object space 14891008K, 81% used [0x0000000080200000,0x0000000363d9f918,0x000000040d000000)
 Metaspace       used 32227K, capacity 32535K, committed 32640K, reserved 1079296K
  class space    used 3596K, capacity 3710K, committed 3712K, reserved 1048576K
Event: 710.742 GC heap after
Heap after GC invocations=323 (full 45):
 PSYoungGen      total 7900160K, used 1034417K [0x0000000580100000, 0x00000007fd980000, 0x0000000800000000)
  eden space 5344256K, 0% used [0x0000000580100000,0x0000000580100000,0x00000006c6400000)
  from space 2555904K, 40% used [0x0000000761980000,0x00000007a0bac6a0,0x00000007fd980000)
  to   space 2545152K, 0% used [0x00000006c6400000,0x00000006c6400000,0x0000000761980000)
 ParOldGen       total 14891008K, used 12718053K [0x0000000080200000, 0x000000040d000000, 0x0000000580100000)
  object space 14891008K, 85% used [0x0000000080200000,0x00000003885f9760,0x000000040d000000)
 Metaspace       used 32227K, capacity 32535K, committed 32640K, reserved 1079296K
  class space    used 3596K, capacity 3710K, committed 3712K, reserved 1048576K
}
Event: 710.742 GC heap before
{Heap before GC invocations=324 (full 46):
 PSYoungGen      total 7900160K, used 1034417K [0x0000000580100000, 0x00000007fd980000, 0x0000000800000000)
  eden space 5344256K, 0% used [0x0000000580100000,0x0000000580100000,0x00000006c6400000)
  from space 2555904K, 40% used [0x0000000761980000,0x00000007a0bac6a0,0x00000007fd980000)
  to   space 2545152K, 0% used [0x00000006c6400000,0x00000006c6400000,0x0000000761980000)
 ParOldGen       total 14891008K, used 12718053K [0x0000000080200000, 0x000000040d000000, 0x0000000580100000)
  object space 14891008K, 85% used [0x0000000080200000,0x00000003885f9760,0x000000040d000000)
 Metaspace       used 32227K, capacity 32535K, committed 32640K, reserved 1079296K
  class space    used 3596K, capacity 3710K, committed 3712K, reserved 1048576K
Event: 711.798 GC heap after
Heap after GC invocations=324 (full 46):
 PSYoungGen      total 7900160K, used 0K [0x0000000580100000, 0x00000007fd980000, 0x0000000800000000)
  eden space 5344256K, 0% used [0x0000000580100000,0x0000000580100000,0x00000006c6400000)
  from space 2555904K, 0% used [0x0000000761980000,0x0000000761980000,0x00000007fd980000)
  to   space 2545152K, 0% used [0x00000006c6400000,0x00000006c6400000,0x0000000761980000)
 ParOldGen       total 14386688K, used 2440007K [0x0000000080200000, 0x00000003ee380000, 0x0000000580100000)
  object space 14386688K, 16% used [0x0000000080200000,0x00000001150d1f80,0x00000003ee380000)
 Metaspace       used 32227K, capacity 32535K, committed 32640K, reserved 1079296K
  class space    used 3596K, capacity 3710K, committed 3712K, reserved 1048576K
}
Event: 712.042 GC heap before
{Heap before GC invocations=325 (full 46):
 PSYoungGen      total 7900160K, used 5307334K [0x0000000580100000, 0x00000007fd980000, 0x0000000800000000)
  eden space 5344256K, 99% used [0x0000000580100000,0x00000006c3ff1ae0,0x00000006c6400000)
  from space 2555904K, 0% used [0x0000000761980000,0x0000000761980000,0x00000007fd980000)
  to   space 2545152K, 0% used [0x00000006c6400000,0x00000006c6400000,0x0000000761980000)
 ParOldGen       total 14386688K, used 2440007K [0x0000000080200000, 0x00000003ee380000, 0x0000000580100000)
  object space 14386688K, 16% used [0x0000000080200000,0x00000001150d1f80,0x00000003ee380000)
 Metaspace       used 32227K, capacity 32535K, committed 32640K, reserved 1079296K
  class space    used 3596K, capacity 3710K, committed 3712K, reserved 1048576K
Event: 712.116 GC heap after
Heap after GC invocations=325 (full 46):
 PSYoungGen      total 6778368K, used 1433888K [0x0000000580100000, 0x00000007f2680000, 0x0000000800000000)
  eden space 5344256K, 0% used [0x0000000580100000,0x0000000580100000,0x00000006c6400000)
  from space 1434112K, 99% used [0x00000006c6400000,0x000000071dc482d0,0x000000071dc80000)
  to   space 2439168K, 0% used [0x000000075d880000,0x000000075d880000,0x00000007f2680000)
 ParOldGen       total 14386688K, used 2440007K [0x0000000080200000, 0x00000003ee380000, 0x0000000580100000)
  object space 14386688K, 16% used [0x0000000080200000,0x00000001150d1f80,0x00000003ee380000)
 Metaspace       used 32227K, capacity 32535K, committed 32640K, reserved 1079296K
  class space    used 3596K, capacity 3710K, committed 3712K, reserved 1048576K
}
Event: 712.327 GC heap before
{Heap before GC invocations=326 (full 46):
 PSYoungGen      total 6778368K, used 6758760K [0x0000000580100000, 0x00000007f2680000, 0x0000000800000000)
  eden space 5344256K, 99% used [0x0000000580100000,0x00000006c51120b8,0x00000006c6400000)
  from space 1434112K, 99% used [0x00000006c6400000,0x000000071dc482d0,0x000000071dc80000)
  to   space 2439168K, 0% used [0x000000075d880000,0x000000075d880000,0x00000007f2680000)
 ParOldGen       total 14386688K, used 2440007K [0x0000000080200000, 0x00000003ee380000, 0x0000000580100000)
  object space 14386688K, 16% used [0x0000000080200000,0x00000001150d1f80,0x00000003ee380000)
 Metaspace       used 32227K, capacity 32535K, committed 32640K, reserved 1079296K
  class space    used 3596K, capacity 3710K, committed 3712K, reserved 1048576K
Event: 712.414 GC heap after
Heap after GC invocations=326 (full 46):
 PSYoungGen      total 7916032K, used 1362378K [0x0000000580100000, 0x0000000800000000, 0x0000000800000000)
  eden space 5476864K, 0% used [0x0000000580100000,0x0000000580100000,0x00000006ce580000)
  from space 2439168K, 55% used [0x000000075d880000,0x00000007b0af2980,0x00000007f2680000)
  to   space 2345984K, 0% used [0x00000006ce580000,0x00000006ce580000,0x000000075d880000)
 ParOldGen       total 14386688K, used 3152458K [0x0000000080200000, 0x00000003ee380000, 0x0000000580100000)
  object space 14386688K, 21% used [0x0000000080200000,0x0000000140892a80,0x00000003ee380000)
 Metaspace       used 32227K, capacity 32535K, committed 32640K, reserved 1079296K
  class space    used 3596K, capacity 3710K, committed 3712K, reserved 1048576K
}
Event: 712.628 GC heap before
{Heap before GC invocations=327 (full 46):
 PSYoungGen      total 7916032K, used 6839242K [0x0000000580100000, 0x0000000800000000, 0x0000000800000000)
  eden space 5476864K, 100% used [0x0000000580100000,0x00000006ce580000,0x00000006ce580000)
  from space 2439168K, 55% used [0x000000075d880000,0x00000007b0af2980,0x00000007f2680000)
  to   space 2345984K, 0% used [0x00000006ce580000,0x00000006ce580000,0x000000075d880000)
 ParOldGen       total 14386688K, used 3152458K [0x0000000080200000, 0x00000003ee380000, 0x0000000580100000)
  object space 14386688K, 21% used [0x0000000080200000,0x0000000140892a80,0x00000003ee380000)
 Metaspace       used 32227K, capacity 32535K, committed 32640K, reserved 1079296K
  class space    used 3596K, capacity 3710K, committed 3712K, reserved 1048576K
Event: 712.814 GC heap after
Heap after GC invocations=327 (full 46):
 PSYoungGen      total 7822848K, used 2006921K [0x0000000580100000, 0x0000000800000000, 0x0000000800000000)
  eden space 5476864K, 0% used [0x0000000580100000,0x0000000580100000,0x00000006ce580000)
  from space 2345984K, 85% used [0x00000006ce580000,0x0000000748d62700,0x000000075d880000)
  to   space 2472960K, 0% used [0x0000000769100000,0x0000000769100000,0x0000000800000000)
 ParOldGen       total 14386688K, used 4436386K [0x0000000080200000, 0x00000003ee380000, 0x0000000580100000)
  object space 14386688K, 30% used [0x0000000080200000,0x000000018ee68b08,0x00000003ee380000)
 Metaspace       used 32227K, capacity 32535K, committed 32640K, reserved 1079296K
  class space    used 3596K, capacity 3710K, committed 3712K, reserved 1048576K
}
Event: 713.035 GC heap before
{Heap before GC invocations=328 (full 46):
 PSYoungGen      total 7822848K, used 7483785K [0x0000000580100000, 0x0000000800000000, 0x0000000800000000)
  eden space 5476864K, 100% used [0x0000000580100000,0x00000006ce580000,0x00000006ce580000)
  from space 2345984K, 85% used [0x00000006ce580000,0x0000000748d62700,0x000000075d880000)
  to   space 2472960K, 0% used [0x0000000769100000,0x0000000769100000,0x0000000800000000)
 ParOldGen       total 14386688K, used 4436386K [0x0000000080200000, 0x00000003ee380000, 0x0000000580100000)
  object space 14386688K, 30% used [0x0000000080200000,0x000000018ee68b08,0x00000003ee380000)
 Metaspace       used 32227K, capacity 32535K, committed 32640K, reserved 1079296K
  class space    used 3596K, capacity 3710K, committed 3712K, reserved 1048576K
Event: 714.029 GC heap after
Heap after GC invocations=328 (full 46):
 PSYoungGen      total 7767040K, used 2071115K [0x0000000580100000, 0x0000000800000000, 0x0000000800000000)
  eden space 5294080K, 0% used [0x0000000580100000,0x0000000580100000,0x00000006c3300000)
  from space 2472960K, 83% used [0x0000000769100000,0x00000007e7792fd0,0x0000000800000000)
  to   space 2595328K, 0% used [0x00000006c3300000,0x00000006c3300000,0x0000000761980000)
 ParOldGen       total 14386688K, used 6327602K [0x0000000080200000, 0x00000003ee380000, 0x0000000580100000)
  object space 14386688K, 43% used [0x0000000080200000,0x000000020254ca08,0x00000003ee380000)
 Metaspace       used 32227K, capacity 32535K, committed 32640K, reserved 1079296K
  class space    used 3596K, capacity 3710K, committed 3712K, reserved 1048576K
}
Event: 714.506 GC heap before
{Heap before GC invocations=329 (full 46):
 PSYoungGen      total 7767040K, used 7365195K [0x0000000580100000, 0x0000000800000000, 0x0000000800000000)
  eden space 5294080K, 100% used [0x0000000580100000,0x00000006c3300000,0x00000006c3300000)
  from space 2472960K, 83% used [0x0000000769100000,0x00000007e7792fd0,0x0000000800000000)
  to   space 2595328K, 0% used [0x00000006c3300000,0x00000006c3300000,0x0000000761980000)
 ParOldGen       total 14386688K, used 6327602K [0x0000000080200000, 0x00000003ee380000, 0x0000000580100000)
  object space 14386688K, 43% used [0x0000000080200000,0x000000020254ca08,0x00000003ee380000)
 Metaspace       used 32227K, capacity 32535K, committed 32640K, reserved 1079296K
  class space    used 3596K, capacity 3710K, committed 3712K, reserved 1048576K
Event: 716.646 GC heap after
Heap after GC invocations=329 (full 46):
 PSYoungGen      total 7390720K, used 2096443K [0x0000000580100000, 0x0000000800000000, 0x0000000800000000)
  eden space 5294080K, 0% used [0x0000000580100000,0x0000000580100000,0x00000006c3300000)
  from space 2096640K, 99% used [0x00000006c3300000,0x000000074324efd0,0x0000000743280000)
  to   space 2698240K, 0% used [0x000000075b500000,0x000000075b500000,0x0000000800000000)
 ParOldGen       total 14386688K, used 8145892K [0x0000000080200000, 0x00000003ee380000, 0x0000000580100000)
  object space 14386688K, 56% used [0x0000000080200000,0x00000002714f9108,0x00000003ee380000)
 Metaspace       used 32227K, capacity 32535K, committed 32640K, reserved 1079296K
  class space    used 3596K, capacity 3710K, committed 3712K, reserved 1048576K
}
Event: 716.923 GC heap before
{Heap before GC invocations=330 (full 46):
 PSYoungGen      total 7390720K, used 7390523K [0x0000000580100000, 0x0000000800000000, 0x0000000800000000)
  eden space 5294080K, 100% used [0x0000000580100000,0x00000006c3300000,0x00000006c3300000)
  from space 2096640K, 99% used [0x00000006c3300000,0x000000074324efd0,0x0000000743280000)
  to   space 2698240K, 0% used [0x000000075b500000,0x000000075b500000,0x0000000800000000)
 ParOldGen       total 14386688K, used 8145892K [0x0000000080200000, 0x00000003ee380000, 0x0000000580100000)
  object space 14386688K, 56% used [0x0000000080200000,0x00000002714f9108,0x00000003ee380000)
 Metaspace       used 32227K, capacity 32535K, committed 32640K, reserved 1079296K
  class space    used 3596K, capacity 3710K, committed 3712K, reserved 1048576K
Event: 718.446 GC heap after
Heap after GC invocations=330 (full 46):
 PSYoungGen      total 7878144K, used 1472359K [0x0000000580100000, 0x0000000800000000, 0x0000000800000000)
  eden space 5179904K, 0% used [0x0000000580100000,0x0000000580100000,0x00000006bc380000)
  from space 2698240K, 54% used [0x000000075b500000,0x00000007b52d9ca0,0x0000000800000000)
  to   space 2606592K, 0% used [0x00000006bc380000,0x00000006bc380000,0x000000075b500000)
 ParOldGen       total 14386688K, used 10202691K [0x0000000080200000, 0x00000003ee380000, 0x0000000580100000)
  object space 14386688K, 70% used [0x0000000080200000,0x00000002eed90e78,0x00000003ee380000)
 Metaspace       used 32227K, capacity 32535K, committed 32640K, reserved 1079296K
  class space    used 3596K, capacity 3710K, committed 3712K, reserved 1048576K
}
Event: 718.758 GC heap before
{Heap before GC invocations=331 (full 46):
 PSYoungGen      total 7878144K, used 6652263K [0x0000000580100000, 0x0000000800000000, 0x0000000800000000)
  eden space 5179904K, 100% used [0x0000000580100000,0x00000006bc380000,0x00000006bc380000)
  from space 2698240K, 54% used [0x000000075b500000,0x00000007b52d9ca0,0x0000000800000000)
  to   space 2606592K, 0% used [0x00000006bc380000,0x00000006bc380000,0x000000075b500000)
 ParOldGen       total 14386688K, used 10202691K [0x0000000080200000, 0x00000003ee380000, 0x0000000580100000)
  object space 14386688K, 70% used [0x0000000080200000,0x00000002eed90e78,0x00000003ee380000)
 Metaspace       used 32227K, capacity 32535K, committed 32640K, reserved 1079296K
  class space    used 3596K, capacity 3710K, committed 3712K, reserved 1048576K
Event: 719.541 GC heap after
Heap after GC invocations=331 (full 46):
 PSYoungGen      total 6661120K, used 1481007K [0x0000000580100000, 0x00000007efc80000, 0x0000000800000000)
  eden space 5179904K, 0% used [0x0000000580100000,0x0000000580100000,0x00000006bc380000)
  from space 1481216K, 99% used [0x00000006bc380000,0x00000007169cbf90,0x0000000716a00000)
  to   space 2519552K, 0% used [0x0000000756000000,0x0000000756000000,0x00000007efc80000)
 ParOldGen       total 14386688K, used 11313703K [0x0000000080200000, 0x00000003ee380000, 0x0000000580100000)
  object space 14386688K, 78% used [0x0000000080200000,0x0000000332a89e38,0x00000003ee380000)
 Metaspace       used 32227K, capacity 32535K, committed 32640K, reserved 1079296K
  class space    used 3596K, capacity 3710K, committed 3712K, reserved 1048576K
}
Event: 738.795 GC heap before
{Heap before GC invocations=332 (full 46):
 PSYoungGen      total 6661120K, used 6659952K [0x0000000580100000, 0x00000007efc80000, 0x0000000800000000)
  eden space 5179904K, 99% used [0x0000000580100000,0x00000006bc290288,0x00000006bc380000)
  from space 1481216K, 99% used [0x00000006bc380000,0x00000007169cbf90,0x0000000716a00000)
  to   space 2519552K, 0% used [0x0000000756000000,0x0000000756000000,0x00000007efc80000)
 ParOldGen       total 14386688K, used 11313703K [0x0000000080200000, 0x00000003ee380000, 0x0000000580100000)
  object space 14386688K, 78% used [0x0000000080200000,0x0000000332a89e38,0x00000003ee380000)
 Metaspace       used 32281K, capacity 32663K, committed 32896K, reserved 1079296K
  class space    used 3596K, capacity 3710K, committed 3712K, reserved 1048576K
Event: 739.336 GC heap after
Heap after GC invocations=332 (full 46):
 PSYoungGen      total 7570432K, used 247906K [0x0000000580100000, 0x0000000800000000, 0x0000000800000000)
  eden space 5050880K, 0% used [0x0000000580100000,0x0000000580100000,0x00000006b4580000)
  from space 2519552K, 9% used [0x0000000756000000,0x0000000765218ac0,0x00000007efc80000)
  to   space 2648576K, 0% used [0x00000006b4580000,0x00000006b4580000,0x0000000756000000)
 ParOldGen       total 14386688K, used 11880008K [0x0000000080200000, 0x00000003ee380000, 0x0000000580100000)
  object space 14386688K, 82% used [0x0000000080200000,0x00000003553921d8,0x00000003ee380000)
 Metaspace       used 32281K, capacity 32663K, committed 32896K, reserved 1079296K
  class space    used 3596K, capacity 3710K, committed 3712K, reserved 1048576K
}
Event: 739.336 GC heap before
{Heap before GC invocations=333 (full 47):
 PSYoungGen      total 7570432K, used 247906K [0x0000000580100000, 0x0000000800000000, 0x0000000800000000)
  eden space 5050880K, 0% used [0x0000000580100000,0x0000000580100000,0x00000006b4580000)
  from space 2519552K, 9% used [0x0000000756000000,0x0000000765218ac0,0x00000007efc80000)
  to   space 2648576K, 0% used [0x00000006b4580000,0x00000006b4580000,0x0000000756000000)
 ParOldGen       total 14386688K, used 11880008K [0x0000000080200000, 0x00000003ee380000, 0x0000000580100000)
  object space 14386688K, 82% used [0x0000000080200000,0x00000003553921d8,0x00000003ee380000)
 Metaspace       used 32281K, capacity 32663K, committed 32896K, reserved 1079296K
  class space    used 3596K, capacity 3710K, committed 3712K, reserved 1048576K
Event: 739.968 GC heap after
Heap after GC invocations=333 (full 47):
 PSYoungGen      total 7570432K, used 0K [0x0000000580100000, 0x0000000800000000, 0x0000000800000000)
  eden space 5050880K, 0% used [0x0000000580100000,0x0000000580100000,0x00000006b4580000)
  from space 2519552K, 0% used [0x0000000756000000,0x0000000756000000,0x00000007efc80000)
  to   space 2648576K, 0% used [0x00000006b4580000,0x00000006b4580000,0x0000000756000000)
 ParOldGen       total 13622272K, used 1249935K [0x0000000080200000, 0x00000003bf900000, 0x0000000580100000)
  object space 13622272K, 9% used [0x0000000080200000,0x00000000cc6a3e40,0x00000003bf900000)
 Metaspace       used 32281K, capacity 32663K, committed 32896K, reserved 1079296K
  class space    used 3596K, capacity 3710K, committed 3712K, reserved 1048576K
}
Event: 741.061 GC heap before
{Heap before GC invocations=334 (full 47):
 PSYoungGen      total 7570432K, used 5050447K [0x0000000580100000, 0x0000000800000000, 0x0000000800000000)
  eden space 5050880K, 99% used [0x0000000580100000,0x00000006b4513f98,0x00000006b4580000)
  from space 2519552K, 0% used [0x0000000756000000,0x0000000756000000,0x00000007efc80000)
  to   space 2648576K, 0% used [0x00000006b4580000,0x00000006b4580000,0x0000000756000000)
 ParOldGen       total 13622272K, used 1249935K [0x0000000080200000, 0x00000003bf900000, 0x0000000580100000)
  object space 13622272K, 9% used [0x0000000080200000,0x00000000cc6a3e40,0x00000003bf900000)
 Metaspace       used 32281K, capacity 32663K, committed 32896K, reserved 1079296K
  class space    used 3596K, capacity 3710K, committed 3712K, reserved 1048576K
Event: 741.093 GC heap after
Heap after GC invocations=334 (full 47):
 PSYoungGen      total 7699456K, used 685368K [0x0000000580100000, 0x0000000800000000, 0x0000000800000000)
  eden space 5050880K, 0% used [0x0000000580100000,0x0000000580100000,0x00000006b4580000)
  from space 2648576K, 25% used [0x00000006b4580000,0x00000006de2ce0f8,0x0000000756000000)
  to   space 2654208K, 0% used [0x000000075e000000,0x000000075e000000,0x0000000800000000)
 ParOldGen       total 13622272K, used 1249935K [0x0000000080200000, 0x00000003bf900000, 0x0000000580100000)
  object space 13622272K, 9% used [0x0000000080200000,0x00000000cc6a3e40,0x00000003bf900000)
 Metaspace       used 32281K, capacity 32663K, committed 32896K, reserved 1079296K
  class space    used 3596K, capacity 3710K, committed 3712K, reserved 1048576K
}
Event: 741.298 GC heap before
{Heap before GC invocations=335 (full 47):
 PSYoungGen      total 7699456K, used 5721377K [0x0000000580100000, 0x0000000800000000, 0x0000000800000000)
  eden space 5050880K, 99% used [0x0000000580100000,0x00000006b36fa438,0x00000006b4580000)
  from space 2648576K, 25% used [0x00000006b4580000,0x00000006de2ce0f8,0x0000000756000000)
  to   space 2654208K, 0% used [0x000000075e000000,0x000000075e000000,0x0000000800000000)
 ParOldGen       total 13622272K, used 1249935K [0x0000000080200000, 0x00000003bf900000, 0x0000000580100000)
  object space 13622272K, 9% used [0x0000000080200000,0x00000000cc6a3e40,0x00000003bf900000)
 Metaspace       used 32281K, capacity 32663K, committed 32896K, reserved 1079296K
  class space    used 3596K, capacity 3710K, committed 3712K, reserved 1048576K
Event: 741.361 GC heap after
Heap after GC invocations=335 (full 47):
 PSYoungGen      total 7605248K, used 1295296K [0x0000000580100000, 0x00000007f1e80000, 0x0000000800000000)
  eden space 5181952K, 0% used [0x0000000580100000,0x0000000580100000,0x00000006bc580000)
  from space 2423296K, 53% used [0x000000075e000000,0x00000007ad0f0290,0x00000007f1e80000)
  to   space 2535936K, 0% used [0x00000006bc580000,0x00000006bc580000,0x0000000757200000)
 ParOldGen       total 13622272K, used 1420506K [0x0000000080200000, 0x00000003bf900000, 0x0000000580100000)
  object space 13622272K, 10% used [0x0000000080200000,0x00000000d6d36ba0,0x00000003bf900000)
 Metaspace       used 32281K, capacity 32663K, committed 32896K, reserved 1079296K
  class space    used 3596K, capacity 3710K, committed 3712K, reserved 1048576K
}
Event: 741.576 GC heap before
{Heap before GC invocations=336 (full 47):
 PSYoungGen      total 7605248K, used 6443581K [0x0000000580100000, 0x00000007f1e80000, 0x0000000800000000)
  eden space 5181952K, 99% used [0x0000000580100000,0x00000006ba49f360,0x00000006bc580000)
  from space 2423296K, 53% used [0x000000075e000000,0x00000007ad0f0290,0x00000007f1e80000)
  to   space 2535936K, 0% used [0x00000006bc580000,0x00000006bc580000,0x0000000757200000)
 ParOldGen       total 13622272K, used 1420506K [0x0000000080200000, 0x00000003bf900000, 0x0000000580100000)
  object space 13622272K, 10% used [0x0000000080200000,0x00000000d6d36ba0,0x00000003bf900000)
 Metaspace       used 32281K, capacity 32663K, committed 32896K, reserved 1079296K
  class space    used 3596K, capacity 3710K, committed 3712K, reserved 1048576K
Event: 741.663 GC heap after
Heap after GC invocations=336 (full 47):
 PSYoungGen      total 7717888K, used 1475392K [0x0000000580100000, 0x00000007fdf00000, 0x0000000800000000)
  eden space 5181952K, 0% used [0x0000000580100000,0x0000000580100000,0x00000006bc580000)
  from space 2535936K, 58% used [0x00000006bc580000,0x00000007166501b0,0x0000000757200000)
  to   space 2462720K, 0% used [0x0000000767a00000,0x0000000767a00000,0x00000007fdf00000)
 ParOldGen       total 13622272K, used 2239859K [0x0000000080200000, 0x00000003bf900000, 0x0000000580100000)
  object space 13622272K, 16% used [0x0000000080200000,0x0000000108d5cd10,0x00000003bf900000)
 Metaspace       used 32281K, capacity 32663K, committed 32896K, reserved 1079296K
  class space    used 3596K, capacity 3710K, committed 3712K, reserved 1048576K
}
Event: 741.874 GC heap before
{Heap before GC invocations=337 (full 47):
 PSYoungGen      total 7717888K, used 6657344K [0x0000000580100000, 0x00000007fdf00000, 0x0000000800000000)
  eden space 5181952K, 100% used [0x0000000580100000,0x00000006bc580000,0x00000006bc580000)
  from space 2535936K, 58% used [0x00000006bc580000,0x00000007166501b0,0x0000000757200000)
  to   space 2462720K, 0% used [0x0000000767a00000,0x0000000767a00000,0x00000007fdf00000)
 ParOldGen       total 13622272K, used 2239859K [0x0000000080200000, 0x00000003bf900000, 0x0000000580100000)
  object space 13622272K, 16% used [0x0000000080200000,0x0000000108d5cd10,0x00000003bf900000)
 Metaspace       used 32281K, capacity 32663K, committed 32896K, reserved 1079296K
  class space    used 3596K, capacity 3710K, committed 3712K, reserved 1048576K
Event: 742.018 GC heap after
Heap after GC invocations=337 (full 47):
 PSYoungGen      total 7811072K, used 1528467K [0x0000000580100000, 0x00000007f5880000, 0x0000000800000000)
  eden space 5486080K, 0% used [0x0000000580100000,0x0000000580100000,0x00000006cee80000)
  from space 2324992K, 65% used [0x0000000767a00000,0x00000007c4ea4e80,0x00000007f5880000)
  to   space 2413568K, 0% used [0x00000006cee80000,0x00000006cee80000,0x0000000762380000)
 ParOldGen       total 13622272K, used 3780115K [0x0000000080200000, 0x00000003bf900000, 0x0000000580100000)
  object space 13622272K, 27% used [0x0000000080200000,0x0000000166d84ee0,0x00000003bf900000)
 Metaspace       used 32281K, capacity 32663K, committed 32896K, reserved 1079296K
  class space    used 3596K, capacity 3710K, committed 3712K, reserved 1048576K
}
Event: 742.240 GC heap before
{Heap before GC invocations=338 (full 47):
 PSYoungGen      total 7811072K, used 7014547K [0x0000000580100000, 0x00000007f5880000, 0x0000000800000000)
  eden space 5486080K, 100% used [0x0000000580100000,0x00000006cee80000,0x00000006cee80000)
  from space 2324992K, 65% used [0x0000000767a00000,0x00000007c4ea4e80,0x00000007f5880000)
  to   space 2413568K, 0% used [0x00000006cee80000,0x00000006cee80000,0x0000000762380000)
 ParOldGen       total 13622272K, used 3780115K [0x0000000080200000, 0x00000003bf900000, 0x0000000580100000)
  object space 13622272K, 27% used [0x0000000080200000,0x0000000166d84ee0,0x00000003bf900000)
 Metaspace       used 32281K, capacity 32663K, committed 32896K, reserved 1079296K
  class space    used 3596K, capacity 3710K, committed 3712K, reserved 1048576K
Event: 742.554 GC heap after
Heap after GC invocations=338 (full 47):
 PSYoungGen      total 7646208K, used 2159835K [0x0000000580100000, 0x0000000800000000, 0x0000000800000000)
  eden space 5486080K, 0% used [0x0000000580100000,0x0000000580100000,0x00000006cee80000)
  from space 2160128K, 99% used [0x00000006cee80000,0x0000000752bb6fc0,0x0000000752c00000)
  to   space 2598400K, 0% used [0x0000000761680000,0x0000000761680000,0x0000000800000000)
 ParOldGen       total 13622272K, used 5133531K [0x0000000080200000, 0x00000003bf900000, 0x0000000580100000)
  object space 13622272K, 37% used [0x0000000080200000,0x00000001b9736da0,0x00000003bf900000)
 Metaspace       used 32281K, capacity 32663K, committed 32896K, reserved 1079296K
  class space    used 3596K, capacity 3710K, committed 3712K, reserved 1048576K
}
Event: 742.946 GC heap before
{Heap before GC invocations=339 (full 47):
 PSYoungGen      total 7646208K, used 7645915K [0x0000000580100000, 0x0000000800000000, 0x0000000800000000)
  eden space 5486080K, 100% used [0x0000000580100000,0x00000006cee80000,0x00000006cee80000)
  from space 2160128K, 99% used [0x00000006cee80000,0x0000000752bb6fc0,0x0000000752c00000)
  to   space 2598400K, 0% used [0x0000000761680000,0x0000000761680000,0x0000000800000000)
 ParOldGen       total 13622272K, used 5133531K [0x0000000080200000, 0x00000003bf900000, 0x0000000580100000)
  object space 13622272K, 37% used [0x0000000080200000,0x00000001b9736da0,0x00000003bf900000)
 Metaspace       used 32281K, capacity 32663K, committed 32896K, reserved 1079296K
  class space    used 3596K, capacity 3710K, committed 3712K, reserved 1048576K
Event: 744.474 GC heap after
Heap after GC invocations=339 (full 47):
 PSYoungGen      total 7796224K, used 1889679K [0x0000000580100000, 0x0000000800000000, 0x0000000800000000)
  eden space 5197824K, 0% used [0x0000000580100000,0x0000000580100000,0x00000006bd500000)
  from space 2598400K, 72% used [0x0000000761680000,0x00000007d4be3f20,0x0000000800000000)
  to   space 2643456K, 0% used [0x00000006bd500000,0x00000006bd500000,0x000000075ea80000)
 ParOldGen       total 13622272K, used 7039751K [0x0000000080200000, 0x00000003bf900000, 0x0000000580100000)
  object space 13622272K, 51% used [0x0000000080200000,0x000000022dcc1dc0,0x00000003bf900000)
 Metaspace       used 32281K, capacity 32663K, committed 32896K, reserved 1079296K
  class space    used 3596K, capacity 3710K, committed 3712K, reserved 1048576K
}
Event: 744.700 GC heap before
{Heap before GC invocations=340 (full 47):
 PSYoungGen      total 7796224K, used 7087503K [0x0000000580100000, 0x0000000800000000, 0x0000000800000000)
  eden space 5197824K, 100% used [0x0000000580100000,0x00000006bd500000,0x00000006bd500000)
  from space 2598400K, 72% used [0x0000000761680000,0x00000007d4be3f20,0x0000000800000000)
  to   space 2643456K, 0% used [0x00000006bd500000,0x00000006bd500000,0x000000075ea80000)
 ParOldGen       total 13622272K, used 7039751K [0x0000000080200000, 0x00000003bf900000, 0x0000000580100000)
  object space 13622272K, 51% used [0x0000000080200000,0x000000022dcc1dc0,0x00000003bf900000)
 Metaspace       used 32281K, capacity 32663K, committed 32896K, reserved 1079296K
  class space    used 3596K, capacity 3710K, committed 3712K, reserved 1048576K
Event: 745.365 GC heap after
Heap after GC invocations=340 (full 47):
 PSYoungGen      total 6735360K, used 1537401K [0x0000000580100000, 0x00000007f6700000, 0x0000000800000000)
  eden space 5197824K, 0% used [0x0000000580100000,0x0000000580100000,0x00000006bd500000)
  from space 1537536K, 99% used [0x00000006bd500000,0x000000071b25e690,0x000000071b280000)
  to   space 2542592K, 0% used [0x000000075b400000,0x000000075b400000,0x00000007f6700000)
 ParOldGen       total 13622272K, used 8669709K [0x0000000080200000, 0x00000003bf900000, 0x0000000580100000)
  object space 13622272K, 63% used [0x0000000080200000,0x0000000291483560,0x00000003bf900000)
 Metaspace       used 32281K, capacity 32663K, committed 32896K, reserved 1079296K
  class space    used 3596K, capacity 3710K, committed 3712K, reserved 1048576K
}
Event: 745.642 GC heap before
{Heap before GC invocations=341 (full 47):
 PSYoungGen      total 6735360K, used 6726775K [0x0000000580100000, 0x00000007f6700000, 0x0000000800000000)
  eden space 5197824K, 99% used [0x0000000580100000,0x00000006bccbf7d8,0x00000006bd500000)
  from space 1537536K, 99% used [0x00000006bd500000,0x000000071b25e690,0x000000071b280000)
  to   space 2542592K, 0% used [0x000000075b400000,0x000000075b400000,0x00000007f6700000)
 ParOldGen       total 13622272K, used 8669709K [0x0000000080200000, 0x00000003bf900000, 0x0000000580100000)
  object space 13622272K, 63% used [0x0000000080200000,0x0000000291483560,0x00000003bf900000)
 Metaspace       used 32281K, capacity 32663K, committed 32896K, reserved 1079296K
  class space    used 3596K, capacity 3710K, committed 3712K, reserved 1048576K
Event: 747.805 GC heap after
Heap after GC invocations=341 (full 47):
 PSYoungGen      total 7880704K, used 1529676K [0x0000000580100000, 0x0000000800000000, 0x0000000800000000)
  eden space 5338112K, 0% used [0x0000000580100000,0x0000000580100000,0x00000006c5e00000)
  from space 2542592K, 60% used [0x000000075b400000,0x00000007b89d31d0,0x00000007f6700000)
  to   space 2447360K, 0% used [0x00000006c5e00000,0x00000006c5e00000,0x000000075b400000)
 ParOldGen       total 13622272K, used 9940111K [0x0000000080200000, 0x00000003bf900000, 0x0000000580100000)
  object space 13622272K, 72% used [0x0000000080200000,0x00000002ded23cc8,0x00000003bf900000)
 Metaspace       used 32281K, capacity 32663K, committed 32896K, reserved 1079296K
  class space    used 3596K, capacity 3710K, committed 3712K, reserved 1048576K
}
Event: 748.043 GC heap before
{Heap before GC invocations=342 (full 47):
 PSYoungGen      total 7880704K, used 6867788K [0x0000000580100000, 0x0000000800000000, 0x0000000800000000)
  eden space 5338112K, 100% used [0x0000000580100000,0x00000006c5e00000,0x00000006c5e00000)
  from space 2542592K, 60% used [0x000000075b400000,0x00000007b89d31d0,0x00000007f6700000)
  to   space 2447360K, 0% used [0x00000006c5e00000,0x00000006c5e00000,0x000000075b400000)
 ParOldGen       total 13622272K, used 9940111K [0x0000000080200000, 0x00000003bf900000, 0x0000000580100000)
  object space 13622272K, 72% used [0x0000000080200000,0x00000002ded23cc8,0x00000003bf900000)
 Metaspace       used 32281K, capacity 32663K, committed 32896K, reserved 1079296K
  class space    used 3596K, capacity 3710K, committed 3712K, reserved 1048576K
Event: 748.843 GC heap after
Heap after GC invocations=342 (full 47):
 PSYoungGen      total 7785472K, used 1377757K [0x0000000580100000, 0x00000007f1700000, 0x0000000800000000)
  eden space 5338112K, 0% used [0x0000000580100000,0x0000000580100000,0x00000006c5e00000)
  from space 2447360K, 56% used [0x00000006c5e00000,0x0000000719f774a8,0x000000075b400000)
  to   space 2375680K, 0% used [0x0000000760700000,0x0000000760700000,0x00000007f1700000)
 ParOldGen       total 13622272K, used 10950087K [0x0000000080200000, 0x00000003bf900000, 0x0000000580100000)
  object space 13622272K, 80% used [0x0000000080200000,0x000000031c771c50,0x00000003bf900000)
 Metaspace       used 32281K, capacity 32663K, committed 32896K, reserved 1079296K
  class space    used 3596K, capacity 3710K, committed 3712K, reserved 1048576K
}
Event: 749.077 GC heap before
{Heap before GC invocations=343 (full 47):
 PSYoungGen      total 7785472K, used 6715869K [0x0000000580100000, 0x00000007f1700000, 0x0000000800000000)
  eden space 5338112K, 100% used [0x0000000580100000,0x00000006c5e00000,0x00000006c5e00000)
  from space 2447360K, 56% used [0x00000006c5e00000,0x0000000719f774a8,0x000000075b400000)
  to   space 2375680K, 0% used [0x0000000760700000,0x0000000760700000,0x00000007f1700000)
 ParOldGen       total 13622272K, used 10950087K [0x0000000080200000, 0x00000003bf900000, 0x0000000580100000)
  object space 13622272K, 80% used [0x0000000080200000,0x000000031c771c50,0x00000003bf900000)
 Metaspace       used 32281K, capacity 32663K, committed 32896K, reserved 1079296K
  class space    used 3596K, capacity 3710K, committed 3712K, reserved 1048576K
Event: 749.279 GC heap after
Heap after GC invocations=343 (full 47):
 PSYoungGen      total 7818752K, used 1873070K [0x0000000580100000, 0x0000000800000000, 0x0000000800000000)
  eden space 5443072K, 0% used [0x0000000580100000,0x0000000580100000,0x00000006cc480000)
  from space 2375680K, 78% used [0x0000000760700000,0x00000007d2c2b830,0x00000007f1700000)
  to   space 2427392K, 0% used [0x00000006cc480000,0x00000006cc480000,0x0000000760700000)
 ParOldGen       total 13622272K, used 12088702K [0x0000000080200000, 0x00000003bf900000, 0x0000000580100000)
  object space 13622272K, 88% used [0x0000000080200000,0x0000000361f5fb78,0x00000003bf900000)
 Metaspace       used 32281K, capacity 32663K, committed 32896K, reserved 1079296K
  class space    used 3596K, capacity 3710K, committed 3712K, reserved 1048576K
}
Event: 749.279 GC heap before
{Heap before GC invocations=344 (full 48):
 PSYoungGen      total 7818752K, used 1873070K [0x0000000580100000, 0x0000000800000000, 0x0000000800000000)
  eden space 5443072K, 0% used [0x0000000580100000,0x0000000580100000,0x00000006cc480000)
  from space 2375680K, 78% used [0x0000000760700000,0x00000007d2c2b830,0x00000007f1700000)
  to   space 2427392K, 0% used [0x00000006cc480000,0x00000006cc480000,0x0000000760700000)
 ParOldGen       total 13622272K, used 12088702K [0x0000000080200000, 0x00000003bf900000, 0x0000000580100000)
  object space 13622272K, 88% used [0x0000000080200000,0x0000000361f5fb78,0x00000003bf900000)
 Metaspace       used 32281K, capacity 32663K, committed 32896K, reserved 1079296K
  class space    used 3596K, capacity 3710K, committed 3712K, reserved 1048576K
Event: 750.927 GC heap after
Heap after GC invocations=344 (full 48):
 PSYoungGen      total 7818752K, used 0K [0x0000000580100000, 0x0000000800000000, 0x0000000800000000)
  eden space 5443072K, 0% used [0x0000000580100000,0x0000000580100000,0x00000006cc480000)
  from space 2375680K, 0% used [0x0000000760700000,0x0000000760700000,0x00000007f1700000)
  to   space 2427392K, 0% used [0x00000006cc480000,0x00000006cc480000,0x0000000760700000)
 ParOldGen       total 16818688K, used 4492164K [0x0000000080200000, 0x0000000482a80000, 0x0000000580100000)
  object space 16818688K, 26% used [0x0000000080200000,0x00000001924e1130,0x0000000482a80000)
 Metaspace       used 32281K, capacity 32663K, committed 32896K, reserved 1079296K
  class space    used 3596K, capacity 3710K, committed 3712K, reserved 1048576K
}
Event: 751.196 GC heap before
{Heap before GC invocations=345 (full 48):
 PSYoungGen      total 7818752K, used 5443072K [0x0000000580100000, 0x0000000800000000, 0x0000000800000000)
  eden space 5443072K, 100% used [0x0000000580100000,0x00000006cc480000,0x00000006cc480000)
  from space 2375680K, 0% used [0x0000000760700000,0x0000000760700000,0x00000007f1700000)
  to   space 2427392K, 0% used [0x00000006cc480000,0x00000006cc480000,0x0000000760700000)
 ParOldGen       total 16818688K, used 4492164K [0x0000000080200000, 0x0000000482a80000, 0x0000000580100000)
  object space 16818688K, 26% used [0x0000000080200000,0x00000001924e1130,0x0000000482a80000)
 Metaspace       used 32281K, capacity 32663K, committed 32896K, reserved 1079296K
  class space    used 3596K, capacity 3710K, committed 3712K, reserved 1048576K
Event: 751.904 GC heap after
Heap after GC invocations=345 (full 48):
 PSYoungGen      total 7870464K, used 1954047K [0x0000000580100000, 0x0000000800000000, 0x0000000800000000)
  eden space 5443072K, 0% used [0x0000000580100000,0x0000000580100000,0x00000006cc480000)
  from space 2427392K, 80% used [0x00000006cc480000,0x00000007438bff00,0x0000000760700000)
  to   space 2493952K, 0% used [0x0000000767c80000,0x0000000767c80000,0x0000000800000000)
 ParOldGen       total 16818688K, used 4492164K [0x0000000080200000, 0x0000000482a80000, 0x0000000580100000)
  object space 16818688K, 26% used [0x0000000080200000,0x00000001924e1130,0x0000000482a80000)
 Metaspace       used 32281K, capacity 32663K, committed 32896K, reserved 1079296K
  class space    used 3596K, capacity 3710K, committed 3712K, reserved 1048576K
}
Event: 752.187 GC heap before
{Heap before GC invocations=346 (full 48):
 PSYoungGen      total 7870464K, used 7397119K [0x0000000580100000, 0x0000000800000000, 0x0000000800000000)
  eden space 5443072K, 100% used [0x0000000580100000,0x00000006cc480000,0x00000006cc480000)
  from space 2427392K, 80% used [0x00000006cc480000,0x00000007438bff00,0x0000000760700000)
  to   space 2493952K, 0% used [0x0000000767c80000,0x0000000767c80000,0x0000000800000000)
 ParOldGen       total 16818688K, used 4492164K [0x0000000080200000, 0x0000000482a80000, 0x0000000580100000)
  object space 16818688K, 26% used [0x0000000080200000,0x00000001924e1130,0x0000000482a80000)
 Metaspace       used 32281K, capacity 32663K, committed 32896K, reserved 1079296K
  class space    used 3596K, capacity 3710K, committed 3712K, reserved 1048576K
Event: 753.382 GC heap after
Heap after GC invocations=346 (full 48):
 PSYoungGen      total 7946752K, used 1556298K [0x0000000580100000, 0x00000007f9400000, 0x0000000800000000)
  eden space 5563392K, 0% used [0x0000000580100000,0x0000000580100000,0x00000006d3a00000)
  from space 2383360K, 65% used [0x0000000767c80000,0x00000007c6c52ac0,0x00000007f9400000)
  to   space 2405376K, 0% used [0x00000006d3a00000,0x00000006d3a00000,0x0000000766700000)
 ParOldGen       total 16818688K, used 6067301K [0x0000000080200000, 0x0000000482a80000, 0x0000000580100000)
  object space 16818688K, 36% used [0x0000000080200000,0x00000001f2719480,0x0000000482a80000)
 Metaspace       used 32281K, capacity 32663K, committed 32896K, reserved 1079296K
  class space    used 3596K, capacity 3710K, committed 3712K, reserved 1048576K
}
Event: 753.625 GC heap before
{Heap before GC invocations=347 (full 48):
 PSYoungGen      total 7946752K, used 7119690K [0x0000000580100000, 0x00000007f9400000, 0x0000000800000000)
  eden space 5563392K, 100% used [0x0000000580100000,0x00000006d3a00000,0x00000006d3a00000)
  from space 2383360K, 65% used [0x0000000767c80000,0x00000007c6c52ac0,0x00000007f9400000)
  to   space 2405376K, 0% used [0x00000006d3a00000,0x00000006d3a00000,0x0000000766700000)
 ParOldGen       total 16818688K, used 6067301K [0x0000000080200000, 0x0000000482a80000, 0x0000000580100000)
  object space 16818688K, 36% used [0x0000000080200000,0x00000001f2719480,0x0000000482a80000)
 Metaspace       used 32281K, capacity 32663K, committed 32896K, reserved 1079296K
  class space    used 3596K, capacity 3710K, committed 3712K, reserved 1048576K
Event: 754.306 GC heap after
Heap after GC invocations=347 (full 48):
 PSYoungGen      total 7968768K, used 1504208K [0x0000000580100000, 0x00000007f8980000, 0x0000000800000000)
  eden space 5563392K, 0% used [0x0000000580100000,0x0000000580100000,0x00000006d3a00000)
  from space 2405376K, 62% used [0x00000006d3a00000,0x000000072f6f40e8,0x0000000766700000)
  to   space 2333696K, 0% used [0x000000076a280000,0x000000076a280000,0x00000007f8980000)
 ParOldGen       total 16818688K, used 7208100K [0x0000000080200000, 0x0000000482a80000, 0x0000000580100000)
  object space 16818688K, 42% used [0x0000000080200000,0x00000002381293d8,0x0000000482a80000)
 Metaspace       used 32281K, capacity 32663K, committed 32896K, reserved 1079296K
  class space    used 3596K, capacity 3710K, committed 3712K, reserved 1048576K
}
Event: 754.541 GC heap before
{Heap before GC invocations=348 (full 48):
 PSYoungGen      total 7968768K, used 7067600K [0x0000000580100000, 0x00000007f8980000, 0x0000000800000000)
  eden space 5563392K, 100% used [0x0000000580100000,0x00000006d3a00000,0x00000006d3a00000)
  from space 2405376K, 62% used [0x00000006d3a00000,0x000000072f6f40e8,0x0000000766700000)
  to   space 2333696K, 0% used [0x000000076a280000,0x000000076a280000,0x00000007f8980000)
 ParOldGen       total 16818688K, used 7208100K [0x0000000080200000, 0x0000000482a80000, 0x0000000580100000)
  object space 16818688K, 42% used [0x0000000080200000,0x00000002381293d8,0x0000000482a80000)
 Metaspace       used 32281K, capacity 32663K, committed 32896K, reserved 1079296K
  class space    used 3596K, capacity 3710K, committed 3712K, reserved 1048576K
Event: 756.780 GC heap after
Heap after GC invocations=348 (full 48):
 PSYoungGen      total 8045568K, used 1682047K [0x0000000580100000, 0x00000007f7800000, 0x0000000800000000)
  eden space 5729792K, 0% used [0x0000000580100000,0x0000000580100000,0x00000006ddc80000)
  from space 2315776K, 72% used [0x000000076a280000,0x00000007d0d1fff0,0x00000007f7800000)
  to   space 2299904K, 0% used [0x00000006ddc80000,0x00000006ddc80000,0x000000076a280000)
 ParOldGen       total 16818688K, used 8470904K [0x0000000080200000, 0x0000000482a80000, 0x0000000580100000)
  object space 16818688K, 50% used [0x0000000080200000,0x000000028525e030,0x0000000482a80000)
 Metaspace       used 32281K, capacity 32663K, committed 32896K, reserved 1079296K
  class space    used 3596K, capacity 3710K, committed 3712K, reserved 1048576K
}
Event: 757.029 GC heap before
{Heap before GC invocations=349 (full 48):
 PSYoungGen      total 8045568K, used 7411839K [0x0000000580100000, 0x00000007f7800000, 0x0000000800000000)
  eden space 5729792K, 100% used [0x0000000580100000,0x00000006ddc80000,0x00000006ddc80000)
  from space 2315776K, 72% used [0x000000076a280000,0x00000007d0d1fff0,0x00000007f7800000)
  to   space 2299904K, 0% used [0x00000006ddc80000,0x00000006ddc80000,0x000000076a280000)
 ParOldGen       total 16818688K, used 8470904K [0x0000000080200000, 0x0000000482a80000, 0x0000000580100000)
  object space 16818688K, 50% used [0x0000000080200000,0x000000028525e030,0x0000000482a80000)
 Metaspace       used 32281K, capacity 32663K, committed 32896K, reserved 1079296K
  class space    used 3596K, capacity 3710K, committed 3712K, reserved 1048576K
Event: 758.053 GC heap after
Heap after GC invocations=349 (full 48):
 PSYoungGen      total 8029696K, used 2151977K [0x0000000580100000, 0x0000000800000000, 0x0000000800000000)
  eden space 5729792K, 0% used [0x0000000580100000,0x0000000580100000,0x00000006ddc80000)
  from space 2299904K, 93% used [0x00000006ddc80000,0x000000076120a688,0x000000076a280000)
  to   space 2440192K, 0% used [0x000000076b100000,0x000000076b100000,0x0000000800000000)
 ParOldGen       total 16818688K, used 9842799K [0x0000000080200000, 0x0000000482a80000, 0x0000000580100000)
  object space 16818688K, 58% used [0x0000000080200000,0x00000002d8e1bf88,0x0000000482a80000)
 Metaspace       used 32281K, capacity 32663K, committed 32896K, reserved 1079296K
  class space    used 3596K, capacity 3710K, committed 3712K, reserved 1048576K
}
Event: 758.542 GC heap before
{Heap before GC invocations=350 (full 48):
 PSYoungGen      total 8029696K, used 7881769K [0x0000000580100000, 0x0000000800000000, 0x0000000800000000)
  eden space 5729792K, 100% used [0x0000000580100000,0x00000006ddc80000,0x00000006ddc80000)
  from space 2299904K, 93% used [0x00000006ddc80000,0x000000076120a688,0x000000076a280000)
  to   space 2440192K, 0% used [0x000000076b100000,0x000000076b100000,0x0000000800000000)
 ParOldGen       total 16818688K, used 9842799K [0x0000000080200000, 0x0000000482a80000, 0x0000000580100000)
  object space 16818688K, 58% used [0x0000000080200000,0x00000002d8e1bf88,0x0000000482a80000)
 Metaspace       used 32281K, capacity 32663K, committed 32896K, reserved 1079296K
  class space    used 3596K, capacity 3710K, committed 3712K, reserved 1048576K
Event: 760.864 GC heap after
Heap after GC invocations=350 (full 48):
 PSYoungGen      total 8067584K, used 1298306K [0x0000000580100000, 0x0000000800000000, 0x0000000800000000)
  eden space 5627392K, 0% used [0x0000000580100000,0x0000000580100000,0x00000006d7880000)
  from space 2440192K, 53% used [0x000000076b100000,0x00000007ba4e08d0,0x0000000800000000)
  to   space 2417152K, 0% used [0x00000006d7880000,0x00000006d7880000,0x000000076b100000)
 ParOldGen       total 16818688K, used 11468519K [0x0000000080200000, 0x0000000482a80000, 0x0000000580100000)
  object space 16818688K, 68% used [0x0000000080200000,0x000000033c1b9e48,0x0000000482a80000)
 Metaspace       used 32281K, capacity 32663K, committed 32896K, reserved 1079296K
  class space    used 3596K, capacity 3710K, committed 3712K, reserved 1048576K
}
Event: 772.426 GC heap before
{Heap before GC invocations=351 (full 48):
 PSYoungGen      total 8067584K, used 6898980K [0x0000000580100000, 0x0000000800000000, 0x0000000800000000)
  eden space 5627392K, 99% used [0x0000000580100000,0x00000006d5e688e0,0x00000006d7880000)
  from space 2440192K, 53% used [0x000000076b100000,0x00000007ba4e08d0,0x0000000800000000)
  to   space 2417152K, 0% used [0x00000006d7880000,0x00000006d7880000,0x000000076b100000)
 ParOldGen       total 16818688K, used 11468519K [0x0000000080200000, 0x0000000482a80000, 0x0000000580100000)
  object space 16818688K, 68% used [0x0000000080200000,0x000000033c1b9e48,0x0000000482a80000)
 Metaspace       used 32289K, capacity 32663K, committed 32896K, reserved 1079296K
  class space    used 3596K, capacity 3710K, committed 3712K, reserved 1048576K
Event: 772.898 GC heap after
Heap after GC invocations=351 (full 48):
 PSYoungGen      total 7195136K, used 1567361K [0x0000000580100000, 0x00000007f5580000, 0x0000000800000000)
  eden space 5627392K, 0% used [0x0000000580100000,0x0000000580100000,0x00000006d7880000)
  from space 1567744K, 99% used [0x00000006d7880000,0x0000000737320628,0x0000000737380000)
  to   space 2341376K, 0% used [0x0000000766700000,0x0000000766700000,0x00000007f5580000)
 ParOldGen       total 16818688K, used 12003273K [0x0000000080200000, 0x0000000482a80000, 0x0000000580100000)
  object space 16818688K, 71% used [0x0000000080200000,0x000000035cbf2768,0x0000000482a80000)
 Metaspace       used 32289K, capacity 32663K, committed 32896K, reserved 1079296K
  class space    used 3596K, capacity 3710K, committed 3712K, reserved 1048576K
}
Event: 784.031 GC heap before
{Heap before GC invocations=352 (full 48):
 PSYoungGen      total 7195136K, used 7194753K [0x0000000580100000, 0x00000007f5580000, 0x0000000800000000)
  eden space 5627392K, 100% used [0x0000000580100000,0x00000006d7880000,0x00000006d7880000)
  from space 1567744K, 99% used [0x00000006d7880000,0x0000000737320628,0x0000000737380000)
  to   space 2341376K, 0% used [0x0000000766700000,0x0000000766700000,0x00000007f5580000)
 ParOldGen       total 16818688K, used 12003273K [0x0000000080200000, 0x0000000482a80000, 0x0000000580100000)
  object space 16818688K, 71% used [0x0000000080200000,0x000000035cbf2768,0x0000000482a80000)
 Metaspace       used 32289K, capacity 32663K, committed 32896K, reserved 1079296K
  class space    used 3596K, capacity 3710K, committed 3712K, reserved 1048576K
Event: 784.102 GC heap after
Heap after GC invocations=352 (full 48):
 PSYoungGen      total 7883776K, used 660049K [0x0000000580100000, 0x0000000800000000, 0x0000000800000000)
  eden space 5542400K, 0% used [0x0000000580100000,0x0000000580100000,0x00000006d2580000)
  from space 2341376K, 28% used [0x0000000766700000,0x000000078eb945c8,0x00000007f5580000)
  to   space 2426368K, 0% used [0x00000006d2580000,0x00000006d2580000,0x0000000766700000)
 ParOldGen       total 16818688K, used 12241883K [0x0000000080200000, 0x0000000482a80000, 0x0000000580100000)
  object space 16818688K, 72% used [0x0000000080200000,0x000000036b4f6ec8,0x0000000482a80000)
 Metaspace       used 32289K, capacity 32663K, committed 32896K, reserved 1079296K
  class space    used 3596K, capacity 3710K, committed 3712K, reserved 1048576K
}
Event: 784.330 GC heap before
{Heap before GC invocations=353 (full 48):
 PSYoungGen      total 7883776K, used 6202449K [0x0000000580100000, 0x0000000800000000, 0x0000000800000000)
  eden space 5542400K, 100% used [0x0000000580100000,0x00000006d2580000,0x00000006d2580000)
  from space 2341376K, 28% used [0x0000000766700000,0x000000078eb945c8,0x00000007f5580000)
  to   space 2426368K, 0% used [0x00000006d2580000,0x00000006d2580000,0x0000000766700000)
 ParOldGen       total 16818688K, used 12241883K [0x0000000080200000, 0x0000000482a80000, 0x0000000580100000)
  object space 16818688K, 72% used [0x0000000080200000,0x000000036b4f6ec8,0x0000000482a80000)
 Metaspace       used 32289K, capacity 32663K, committed 32896K, reserved 1079296K
  class space    used 3596K, capacity 3710K, committed 3712K, reserved 1048576K
Event: 784.393 GC heap after
Heap after GC invocations=353 (full 48):
 PSYoungGen      total 7968768K, used 1377216K [0x0000000580100000, 0x00000007fc900000, 0x0000000800000000)
  eden space 5542400K, 0% used [0x0000000580100000,0x0000000580100000,0x00000006d2580000)
  from space 2426368K, 56% used [0x00000006d2580000,0x00000007266702b0,0x0000000766700000)
  to   space 2355712K, 0% used [0x000000076cc80000,0x000000076cc80000,0x00000007fc900000)
 ParOldGen       total 16818688K, used 12245911K [0x0000000080200000, 0x0000000482a80000, 0x0000000580100000)
  object space 16818688K, 72% used [0x0000000080200000,0x000000036b8e5f70,0x0000000482a80000)
 Metaspace       used 32289K, capacity 32663K, committed 32896K, reserved 1079296K
  class space    used 3596K, capacity 3710K, committed 3712K, reserved 1048576K
}
Event: 784.618 GC heap before
{Heap before GC invocations=354 (full 48):
 PSYoungGen      total 7968768K, used 6919616K [0x0000000580100000, 0x00000007fc900000, 0x0000000800000000)
  eden space 5542400K, 100% used [0x0000000580100000,0x00000006d2580000,0x00000006d2580000)
  from space 2426368K, 56% used [0x00000006d2580000,0x00000007266702b0,0x0000000766700000)
  to   space 2355712K, 0% used [0x000000076cc80000,0x000000076cc80000,0x00000007fc900000)
 ParOldGen       total 16818688K, used 12245911K [0x0000000080200000, 0x0000000482a80000, 0x0000000580100000)
  object space 16818688K, 72% used [0x0000000080200000,0x000000036b8e5f70,0x0000000482a80000)
 Metaspace       used 32289K, capacity 32663K, committed 32896K, reserved 1079296K
  class space    used 3596K, capacity 3710K, committed 3712K, reserved 1048576K
Event: 784.722 GC heap after
Heap after GC invocations=354 (full 48):
 PSYoungGen      total 7956992K, used 1606400K [0x0000000580100000, 0x00000007f6600000, 0x0000000800000000)
  eden space 5702656K, 0% used [0x0000000580100000,0x0000000580100000,0x00000006dc200000)
  from space 2254336K, 71% used [0x000000076cc80000,0x00000007ced40190,0x00000007f6600000)
  to   space 2312192K, 0% used [0x00000006dc200000,0x00000006dc200000,0x0000000769400000)
 ParOldGen       total 16818688K, used 13098040K [0x0000000080200000, 0x0000000482a80000, 0x0000000580100000)
  object space 16818688K, 77% used [0x0000000080200000,0x000000039f90e110,0x0000000482a80000)
 Metaspace       used 32289K, capacity 32663K, committed 32896K, reserved 1079296K
  class space    used 3596K, capacity 3710K, committed 3712K, reserved 1048576K
}
Event: 784.954 GC heap before
{Heap before GC invocations=355 (full 48):
 PSYoungGen      total 7956992K, used 7309056K [0x0000000580100000, 0x00000007f6600000, 0x0000000800000000)
  eden space 5702656K, 100% used [0x0000000580100000,0x00000006dc200000,0x00000006dc200000)
  from space 2254336K, 71% used [0x000000076cc80000,0x00000007ced40190,0x00000007f6600000)
  to   space 2312192K, 0% used [0x00000006dc200000,0x00000006dc200000,0x0000000769400000)
 ParOldGen       total 16818688K, used 13098040K [0x0000000080200000, 0x0000000482a80000, 0x0000000580100000)
  object space 16818688K, 77% used [0x0000000080200000,0x000000039f90e110,0x0000000482a80000)
 Metaspace       used 32289K, capacity 32663K, committed 32896K, reserved 1079296K
  class space    used 3596K, capacity 3710K, committed 3712K, reserved 1048576K
Event: 785.127 GC heap after
Heap after GC invocations=355 (full 48):
 PSYoungGen      total 8014848K, used 1839071K [0x0000000580100000, 0x0000000800000000, 0x0000000800000000)
  eden space 5702656K, 0% used [0x0000000580100000,0x0000000580100000,0x00000006dc200000)
  from space 2312192K, 79% used [0x00000006dc200000,0x000000074c5f7ee0,0x0000000769400000)
  to   space 2355200K, 0% used [0x0000000770400000,0x0000000770400000,0x0000000800000000)
 ParOldGen       total 16818688K, used 14703792K [0x0000000080200000, 0x0000000482a80000, 0x0000000580100000)
  object space 16818688K, 87% used [0x0000000080200000,0x000000040192c2a0,0x0000000482a80000)
 Metaspace       used 32289K, capacity 32663K, committed 32896K, reserved 1079296K
  class space    used 3596K, capacity 3710K, committed 3712K, reserved 1048576K
}
Event: 785.127 GC heap before
{Heap before GC invocations=356 (full 49):
 PSYoungGen      total 8014848K, used 1839071K [0x0000000580100000, 0x0000000800000000, 0x0000000800000000)
  eden space 5702656K, 0% used [0x0000000580100000,0x0000000580100000,0x00000006dc200000)
  from space 2312192K, 79% used [0x00000006dc200000,0x000000074c5f7ee0,0x0000000769400000)
  to   space 2355200K, 0% used [0x0000000770400000,0x0000000770400000,0x0000000800000000)
 ParOldGen       total 16818688K, used 14703792K [0x0000000080200000, 0x0000000482a80000, 0x0000000580100000)
  object space 16818688K, 87% used [0x0000000080200000,0x000000040192c2a0,0x0000000482a80000)
 Metaspace       used 32289K, capacity 32663K, committed 32896K, reserved 1079296K
  class space    used 3596K, capacity 3710K, committed 3712K, reserved 1048576K
Event: 786.436 GC heap after
Heap after GC invocations=356 (full 49):
 PSYoungGen      total 8014848K, used 0K [0x0000000580100000, 0x0000000800000000, 0x0000000800000000)
  eden space 5702656K, 0% used [0x0000000580100000,0x0000000580100000,0x00000006dc200000)
  from space 2312192K, 0% used [0x00000006dc200000,0x00000006dc200000,0x0000000769400000)
  to   space 2355200K, 0% used [0x0000000770400000,0x0000000770400000,0x0000000800000000)
 ParOldGen       total 17391616K, used 4747003K [0x0000000080200000, 0x00000004a5a00000, 0x0000000580100000)
  object space 17391616K, 27% used [0x0000000080200000,0x00000001a1dbeed0,0x00000004a5a00000)
 Metaspace       used 32289K, capacity 32663K, committed 32896K, reserved 1079296K
  class space    used 3596K, capacity 3710K, committed 3712K, reserved 1048576K
}
Event: 786.674 GC heap before
{Heap before GC invocations=357 (full 49):
 PSYoungGen      total 8014848K, used 5702656K [0x0000000580100000, 0x0000000800000000, 0x0000000800000000)
  eden space 5702656K, 100% used [0x0000000580100000,0x00000006dc200000,0x00000006dc200000)
  from space 2312192K, 0% used [0x00000006dc200000,0x00000006dc200000,0x0000000769400000)
  to   space 2355200K, 0% used [0x0000000770400000,0x0000000770400000,0x0000000800000000)
 ParOldGen       total 17391616K, used 4747003K [0x0000000080200000, 0x00000004a5a00000, 0x0000000580100000)
  object space 17391616K, 27% used [0x0000000080200000,0x00000001a1dbeed0,0x00000004a5a00000)
 Metaspace       used 32289K, capacity 32663K, committed 32896K, reserved 1079296K
  class space    used 3596K, capacity 3710K, committed 3712K, reserved 1048576K
Event: 787.913 GC heap after
Heap after GC invocations=357 (full 49):
 PSYoungGen      total 7716864K, used 2315584K [0x0000000580100000, 0x0000000800000000, 0x0000000800000000)
  eden space 5361664K, 0% used [0x0000000580100000,0x0000000580100000,0x00000006c7500000)
  from space 2355200K, 98% used [0x0000000770400000,0x00000007fd950370,0x0000000800000000)
  to   space 2561536K, 0% used [0x00000006c7500000,0x00000006c7500000,0x0000000763a80000)
 ParOldGen       total 17391616K, used 4747003K [0x0000000080200000, 0x00000004a5a00000, 0x0000000580100000)
  object space 17391616K, 27% used [0x0000000080200000,0x00000001a1dbeed0,0x00000004a5a00000)
 Metaspace       used 32289K, capacity 32663K, committed 32896K, reserved 1079296K
  class space    used 3596K, capacity 3710K, committed 3712K, reserved 1048576K
}
Event: 788.296 GC heap before
{Heap before GC invocations=358 (full 49):
 PSYoungGen      total 7716864K, used 7677248K [0x0000000580100000, 0x0000000800000000, 0x0000000800000000)
  eden space 5361664K, 100% used [0x0000000580100000,0x00000006c7500000,0x00000006c7500000)
  from space 2355200K, 98% used [0x0000000770400000,0x00000007fd950370,0x0000000800000000)
  to   space 2561536K, 0% used [0x00000006c7500000,0x00000006c7500000,0x0000000763a80000)
 ParOldGen       total 17391616K, used 4747003K [0x0000000080200000, 0x00000004a5a00000, 0x0000000580100000)
  object space 17391616K, 27% used [0x0000000080200000,0x00000001a1dbeed0,0x00000004a5a00000)
 Metaspace       used 32289K, capacity 32663K, committed 32896K, reserved 1079296K
  class space    used 3596K, capacity 3710K, committed 3712K, reserved 1048576K
Event: 790.055 GC heap after
Heap after GC invocations=358 (full 49):
 PSYoungGen      total 7648768K, used 2286901K [0x0000000580100000, 0x0000000800000000, 0x0000000800000000)
  eden space 5361664K, 0% used [0x0000000580100000,0x0000000580100000,0x00000006c7500000)
  from space 2287104K, 99% used [0x00000006c7500000,0x0000000752e4d4f0,0x0000000752e80000)
  to   space 2715648K, 0% used [0x000000075a400000,0x000000075a400000,0x0000000800000000)
 ParOldGen       total 17391616K, used 6879528K [0x0000000080200000, 0x00000004a5a00000, 0x0000000580100000)
  object space 17391616K, 39% used [0x0000000080200000,0x000000022404a290,0x00000004a5a00000)
 Metaspace       used 32289K, capacity 32663K, committed 32896K, reserved 1079296K
  class space    used 3596K, capacity 3710K, committed 3712K, reserved 1048576K
}
Event: 790.383 GC heap before
{Heap before GC invocations=359 (full 49):
 PSYoungGen      total 7648768K, used 7639959K [0x0000000580100000, 0x0000000800000000, 0x0000000800000000)
  eden space 5361664K, 99% used [0x0000000580100000,0x00000006c6c98af8,0x00000006c7500000)
  from space 2287104K, 99% used [0x00000006c7500000,0x0000000752e4d4f0,0x0000000752e80000)
  to   space 2715648K, 0% used [0x000000075a400000,0x000000075a400000,0x0000000800000000)
 ParOldGen       total 17391616K, used 6879528K [0x0000000080200000, 0x00000004a5a00000, 0x0000000580100000)
  object space 17391616K, 39% used [0x0000000080200000,0x000000022404a290,0x00000004a5a00000)
 Metaspace       used 32289K, capacity 32663K, committed 32896K, reserved 1079296K
  class space    used 3596K, capacity 3710K, committed 3712K, reserved 1048576K
Event: 793.962 GC heap after
Heap after GC invocations=359 (full 49):
 PSYoungGen      total 7819264K, used 1368812K [0x0000000580100000, 0x0000000800000000, 0x0000000800000000)
  eden space 5103616K, 0% used [0x0000000580100000,0x0000000580100000,0x00000006b7900000)
  from space 2715648K, 50% used [0x000000075a400000,0x00000007adcbb320,0x0000000800000000)
  to   space 2665472K, 0% used [0x00000006b7900000,0x00000006b7900000,0x000000075a400000)
 ParOldGen       total 17391616K, used 9025365K [0x0000000080200000, 0x00000004a5a00000, 0x0000000580100000)
  object space 17391616K, 51% used [0x0000000080200000,0x00000002a6fd56a0,0x00000004a5a00000)
 Metaspace       used 32289K, capacity 32663K, committed 32896K, reserved 1079296K
  class space    used 3596K, capacity 3710K, committed 3712K, reserved 1048576K
}
Event: 794.194 GC heap before
{Heap before GC invocations=360 (full 49):
 PSYoungGen      total 7819264K, used 6472428K [0x0000000580100000, 0x0000000800000000, 0x0000000800000000)
  eden space 5103616K, 100% used [0x0000000580100000,0x00000006b7900000,0x00000006b7900000)
  from space 2715648K, 50% used [0x000000075a400000,0x00000007adcbb320,0x0000000800000000)
  to   space 2665472K, 0% used [0x00000006b7900000,0x00000006b7900000,0x000000075a400000)
 ParOldGen       total 17391616K, used 9025365K [0x0000000080200000, 0x00000004a5a00000, 0x0000000580100000)
  object space 17391616K, 51% used [0x0000000080200000,0x00000002a6fd56a0,0x00000004a5a00000)
 Metaspace       used 32289K, capacity 32663K, committed 32896K, reserved 1079296K
  class space    used 3596K, capacity 3710K, committed 3712K, reserved 1048576K
Event: 796.047 GC heap after
Heap after GC invocations=360 (full 49):
 PSYoungGen      total 6398464K, used 1294776K [0x0000000580100000, 0x00000007f7f00000, 0x0000000800000000)
  eden space 5103616K, 0% used [0x0000000580100000,0x0000000580100000,0x00000006b7900000)
  from space 1294848K, 99% used [0x00000006b7900000,0x000000070696e0a0,0x0000000706980000)
  to   space 2624512K, 0% used [0x0000000757c00000,0x0000000757c00000,0x00000007f7f00000)
 ParOldGen       total 17391616K, used 10079044K [0x0000000080200000, 0x00000004a5a00000, 0x0000000580100000)
  object space 17391616K, 57% used [0x0000000080200000,0x00000002e74d12a0,0x00000004a5a00000)
 Metaspace       used 32289K, capacity 32663K, committed 32896K, reserved 1079296K
  class space    used 3596K, capacity 3710K, committed 3712K, reserved 1048576K
}
Event: 796.267 GC heap before
{Heap before GC invocations=361 (full 49):
 PSYoungGen      total 6398464K, used 6398392K [0x0000000580100000, 0x00000007f7f00000, 0x0000000800000000)
  eden space 5103616K, 100% used [0x0000000580100000,0x00000006b7900000,0x00000006b7900000)
  from space 1294848K, 99% used [0x00000006b7900000,0x000000070696e0a0,0x0000000706980000)
  to   space 2624512K, 0% used [0x0000000757c00000,0x0000000757c00000,0x00000007f7f00000)
 ParOldGen       total 17391616K, used 10079044K [0x0000000080200000, 0x00000004a5a00000, 0x0000000580100000)
  object space 17391616K, 57% used [0x0000000080200000,0x00000002e74d12a0,0x00000004a5a00000)
 Metaspace       used 32289K, capacity 32663K, committed 32896K, reserved 1079296K
  class space    used 3596K, capacity 3710K, committed 3712K, reserved 1048576K
Event: 796.989 GC heap after
Heap after GC invocations=361 (full 49):
 PSYoungGen      total 7768064K, used 1257832K [0x0000000580100000, 0x0000000800000000, 0x0000000800000000)
  eden space 5143552K, 0% used [0x0000000580100000,0x0000000580100000,0x00000006ba000000)
  from space 2624512K, 47% used [0x0000000757c00000,0x00000007a485a160,0x00000007f7f00000)
  to   space 2584576K, 0% used [0x00000006ba000000,0x00000006ba000000,0x0000000757c00000)
 ParOldGen       total 17391616K, used 10858154K [0x0000000080200000, 0x00000004a5a00000, 0x0000000580100000)
  object space 17391616K, 62% used [0x0000000080200000,0x0000000316daa880,0x00000004a5a00000)
 Metaspace       used 32289K, capacity 32663K, committed 32896K, reserved 1079296K
  class space    used 3596K, capacity 3710K, committed 3712K, reserved 1048576K
}
Event: 797.212 GC heap before
{Heap before GC invocations=362 (full 49):
 PSYoungGen      total 7768064K, used 6401384K [0x0000000580100000, 0x0000000800000000, 0x0000000800000000)
  eden space 5143552K, 100% used [0x0000000580100000,0x00000006ba000000,0x00000006ba000000)
  from space 2624512K, 47% used [0x0000000757c00000,0x00000007a485a160,0x00000007f7f00000)
  to   space 2584576K, 0% used [0x00000006ba000000,0x00000006ba000000,0x0000000757c00000)
 ParOldGen       total 17391616K, used 10858154K [0x0000000080200000, 0x00000004a5a00000, 0x0000000580100000)
  object space 17391616K, 62% used [0x0000000080200000,0x0000000316daa880,0x00000004a5a00000)
 Metaspace       used 32289K, capacity 32663K, committed 32896K, reserved 1079296K
  class space    used 3596K, capacity 3710K, committed 3712K, reserved 1048576K
Event: 797.415 GC heap after
Heap after GC invocations=362 (full 49):
 PSYoungGen      total 7728128K, used 1842383K [0x0000000580100000, 0x00000007fd300000, 0x0000000800000000)
  eden space 5143552K, 0% used [0x0000000580100000,0x0000000580100000,0x00000006ba000000)
  from space 2584576K, 71% used [0x00000006ba000000,0x000000072a733ca0,0x0000000757c00000)
  to   space 2581504K, 0% used [0x000000075fa00000,0x000000075fa00000,0x00000007fd300000)
 ParOldGen       total 17391616K, used 12024045K [0x0000000080200000, 0x00000004a5a00000, 0x0000000580100000)
  object space 17391616K, 69% used [0x0000000080200000,0x000000035e03b4c0,0x00000004a5a00000)
 Metaspace       used 32289K, capacity 32663K, committed 32896K, reserved 1079296K
  class space    used 3596K, capacity 3710K, committed 3712K, reserved 1048576K
}
Event: 797.648 GC heap before
{Heap before GC invocations=363 (full 49):
 PSYoungGen      total 7728128K, used 6985935K [0x0000000580100000, 0x00000007fd300000, 0x0000000800000000)
  eden space 5143552K, 100% used [0x0000000580100000,0x00000006ba000000,0x00000006ba000000)
  from space 2584576K, 71% used [0x00000006ba000000,0x000000072a733ca0,0x0000000757c00000)
  to   space 2581504K, 0% used [0x000000075fa00000,0x000000075fa00000,0x00000007fd300000)
 ParOldGen       total 17391616K, used 12024045K [0x0000000080200000, 0x00000004a5a00000, 0x0000000580100000)
  object space 17391616K, 69% used [0x0000000080200000,0x000000035e03b4c0,0x00000004a5a00000)
 Metaspace       used 32289K, capacity 32663K, committed 32896K, reserved 1079296K
  class space    used 3596K, capacity 3710K, committed 3712K, reserved 1048576K
Event: 798.670 GC heap after
Heap after GC invocations=363 (full 49):
 PSYoungGen      total 7876096K, used 1804286K [0x0000000580100000, 0x00000007fce00000, 0x0000000800000000)
  eden space 5299712K, 0% used [0x0000000580100000,0x0000000580100000,0x00000006c3880000)
  from space 2576384K, 70% used [0x000000075fa00000,0x00000007cdbff800,0x00000007fce00000)
  to   space 2557440K, 0% used [0x00000006c3880000,0x00000006c3880000,0x000000075fa00000)
 ParOldGen       total 17391616K, used 13713666K [0x0000000080200000, 0x00000004a5a00000, 0x0000000580100000)
  object space 17391616K, 78% used [0x0000000080200000,0x00000003c52408d8,0x00000004a5a00000)
 Metaspace       used 32289K, capacity 32663K, committed 32896K, reserved 1079296K
  class space    used 3596K, capacity 3710K, committed 3712K, reserved 1048576K
}
Event: 798.956 GC heap before
{Heap before GC invocations=364 (full 49):
 PSYoungGen      total 7876096K, used 7103998K [0x0000000580100000, 0x00000007fce00000, 0x0000000800000000)
  eden space 5299712K, 100% used [0x0000000580100000,0x00000006c3880000,0x00000006c3880000)
  from space 2576384K, 70% used [0x000000075fa00000,0x00000007cdbff800,0x00000007fce00000)
  to   space 2557440K, 0% used [0x00000006c3880000,0x00000006c3880000,0x000000075fa00000)
 ParOldGen       total 17391616K, used 13713666K [0x0000000080200000, 0x00000004a5a00000, 0x0000000580100000)
  object space 17391616K, 78% used [0x0000000080200000,0x00000003c52408d8,0x00000004a5a00000)
 Metaspace       used 32289K, capacity 32663K, committed 32896K, reserved 1079296K
  class space    used 3596K, capacity 3710K, committed 3712K, reserved 1048576K
Event: 799.851 GC heap after
Heap after GC invocations=364 (full 49):
 PSYoungGen      total 6685696K, used 1385664K [0x0000000580100000, 0x00000007f8680000, 0x0000000800000000)
  eden space 5299712K, 0% used [0x0000000580100000,0x0000000580100000,0x00000006c3880000)
  from space 1385984K, 99% used [0x00000006c3880000,0x00000007181b02f8,0x0000000718200000)
  to   space 2504704K, 0% used [0x000000075f880000,0x000000075f880000,0x00000007f8680000)
 ParOldGen       total 17391616K, used 15212058K [0x0000000080200000, 0x00000004a5a00000, 0x0000000580100000)
  object space 17391616K, 87% used [0x0000000080200000,0x00000004209868c8,0x00000004a5a00000)
 Metaspace       used 32289K, capacity 32663K, committed 32896K, reserved 1079296K
  class space    used 3596K, capacity 3710K, committed 3712K, reserved 1048576K
}
Event: 799.851 GC heap before
{Heap before GC invocations=365 (full 50):
 PSYoungGen      total 6685696K, used 1385664K [0x0000000580100000, 0x00000007f8680000, 0x0000000800000000)
  eden space 5299712K, 0% used [0x0000000580100000,0x0000000580100000,0x00000006c3880000)
  from space 1385984K, 99% used [0x00000006c3880000,0x00000007181b02f8,0x0000000718200000)
  to   space 2504704K, 0% used [0x000000075f880000,0x000000075f880000,0x00000007f8680000)
 ParOldGen       total 17391616K, used 15212058K [0x0000000080200000, 0x00000004a5a00000, 0x0000000580100000)
  object space 17391616K, 87% used [0x0000000080200000,0x00000004209868c8,0x00000004a5a00000)
 Metaspace       used 32289K, capacity 32663K, committed 32896K, reserved 1079296K
  class space    used 3596K, capacity 3710K, committed 3712K, reserved 1048576K
Event: 801.183 GC heap after
Heap after GC invocations=365 (full 50):
 PSYoungGen      total 6685696K, used 0K [0x0000000580100000, 0x00000007f8680000, 0x0000000800000000)
  eden space 5299712K, 0% used [0x0000000580100000,0x0000000580100000,0x00000006c3880000)
  from space 1385984K, 0% used [0x00000006c3880000,0x00000006c3880000,0x0000000718200000)
  to   space 2504704K, 0% used [0x000000075f880000,0x000000075f880000,0x00000007f8680000)
 ParOldGen       total 16854016K, used 3806733K [0x0000000080200000, 0x0000000484d00000, 0x0000000580100000)
  object space 16854016K, 22% used [0x0000000080200000,0x0000000168783438,0x0000000484d00000)
 Metaspace       used 32289K, capacity 32663K, committed 32896K, reserved 1079296K
  class space    used 3596K, capacity 3710K, committed 3712K, reserved 1048576K
}
Event: 801.455 GC heap before
{Heap before GC invocations=366 (full 50):
 PSYoungGen      total 6685696K, used 5299712K [0x0000000580100000, 0x00000007f8680000, 0x0000000800000000)
  eden space 5299712K, 100% used [0x0000000580100000,0x00000006c3880000,0x00000006c3880000)
  from space 1385984K, 0% used [0x00000006c3880000,0x00000006c3880000,0x0000000718200000)
  to   space 2504704K, 0% used [0x000000075f880000,0x000000075f880000,0x00000007f8680000)
 ParOldGen       total 16854016K, used 3806733K [0x0000000080200000, 0x0000000484d00000, 0x0000000580100000)
  object space 16854016K, 22% used [0x0000000080200000,0x0000000168783438,0x0000000484d00000)
 Metaspace       used 32289K, capacity 32663K, committed 32896K, reserved 1079296K
  class space    used 3596K, capacity 3710K, committed 3712K, reserved 1048576K
Event: 802.292 GC heap after
Heap after GC invocations=366 (full 50):
 PSYoungGen      total 7881728K, used 1774100K [0x0000000580100000, 0x0000000800000000, 0x0000000800000000)
  eden space 5377024K, 0% used [0x0000000580100000,0x0000000580100000,0x00000006c8400000)
  from space 2504704K, 70% used [0x000000075f880000,0x00000007cbd05290,0x00000007f8680000)
  to   space 2478592K, 0% used [0x00000006c8400000,0x00000006c8400000,0x000000075f880000)
 ParOldGen       total 16854016K, used 3806733K [0x0000000080200000, 0x0000000484d00000, 0x0000000580100000)
  object space 16854016K, 22% used [0x0000000080200000,0x0000000168783438,0x0000000484d00000)
 Metaspace       used 32289K, capacity 32663K, committed 32896K, reserved 1079296K
  class space    used 3596K, capacity 3710K, committed 3712K, reserved 1048576K
}
Event: 802.526 GC heap before
{Heap before GC invocations=367 (full 50):
 PSYoungGen      total 7881728K, used 7111918K [0x0000000580100000, 0x0000000800000000, 0x0000000800000000)
  eden space 5377024K, 99% used [0x0000000580100000,0x00000006c5db6680,0x00000006c8400000)
  from space 2504704K, 70% used [0x000000075f880000,0x00000007cbd05290,0x00000007f8680000)
  to   space 2478592K, 0% used [0x00000006c8400000,0x00000006c8400000,0x000000075f880000)
 ParOldGen       total 16854016K, used 3806733K [0x0000000080200000, 0x0000000484d00000, 0x0000000580100000)
  object space 16854016K, 22% used [0x0000000080200000,0x0000000168783438,0x0000000484d00000)
 Metaspace       used 32289K, capacity 32663K, committed 32896K, reserved 1079296K
  class space    used 3596K, capacity 3710K, committed 3712K, reserved 1048576K
Event: 804.046 GC heap after
Heap after GC invocations=367 (full 50):
 PSYoungGen      total 7855616K, used 1628649K [0x0000000580100000, 0x00000007f4580000, 0x0000000800000000)
  eden space 5377024K, 0% used [0x0000000580100000,0x0000000580100000,0x00000006c8400000)
  from space 2478592K, 65% used [0x00000006c8400000,0x000000072ba7a5f8,0x000000075f880000)
  to   space 2396160K, 0% used [0x0000000762180000,0x0000000762180000,0x00000007f4580000)
 ParOldGen       total 16854016K, used 5305104K [0x0000000080200000, 0x0000000484d00000, 0x0000000580100000)
  object space 16854016K, 31% used [0x0000000080200000,0x00000001c3ec4350,0x0000000484d00000)
 Metaspace       used 32289K, capacity 32663K, committed 32896K, reserved 1079296K
  class space    used 3596K, capacity 3710K, committed 3712K, reserved 1048576K
}
Event: 804.342 GC heap before
{Heap before GC invocations=368 (full 50):
 PSYoungGen      total 7855616K, used 7005673K [0x0000000580100000, 0x00000007f4580000, 0x0000000800000000)
  eden space 5377024K, 100% used [0x0000000580100000,0x00000006c8400000,0x00000006c8400000)
  from space 2478592K, 65% used [0x00000006c8400000,0x000000072ba7a5f8,0x000000075f880000)
  to   space 2396160K, 0% used [0x0000000762180000,0x0000000762180000,0x00000007f4580000)
 ParOldGen       total 16854016K, used 5305104K [0x0000000080200000, 0x0000000484d00000, 0x0000000580100000)
  object space 16854016K, 31% used [0x0000000080200000,0x00000001c3ec4350,0x0000000484d00000)
 Metaspace       used 32289K, capacity 32663K, committed 32896K, reserved 1079296K
  class space    used 3596K, capacity 3710K, committed 3712K, reserved 1048576K
Event: 805.294 GC heap after
Heap after GC invocations=368 (full 50):
 PSYoungGen      total 7828992K, used 2015279K [0x0000000580100000, 0x0000000800000000, 0x0000000800000000)
  eden space 5432832K, 0% used [0x0000000580100000,0x0000000580100000,0x00000006cba80000)
  from space 2396160K, 84% used [0x0000000762180000,0x00000007dd18bff0,0x00000007f4580000)
  to   space 2464768K, 0% used [0x00000006cba80000,0x00000006cba80000,0x0000000762180000)
 ParOldGen       total 16854016K, used 6652489K [0x0000000080200000, 0x0000000484d00000, 0x0000000580100000)
  object space 16854016K, 39% used [0x0000000080200000,0x0000000216292608,0x0000000484d00000)
 Metaspace       used 32289K, capacity 32663K, committed 32896K, reserved 1079296K
  class space    used 3596K, capacity 3710K, committed 3712K, reserved 1048576K
}
Event: 805.601 GC heap before
{Heap before GC invocations=369 (full 50):
 PSYoungGen      total 7828992K, used 7448111K [0x0000000580100000, 0x0000000800000000, 0x0000000800000000)
  eden space 5432832K, 100% used [0x0000000580100000,0x00000006cba80000,0x00000006cba80000)
  from space 2396160K, 84% used [0x0000000762180000,0x00000007dd18bff0,0x00000007f4580000)
  to   space 2464768K, 0% used [0x00000006cba80000,0x00000006cba80000,0x0000000762180000)
 ParOldGen       total 16854016K, used 6652489K [0x0000000080200000, 0x0000000484d00000, 0x0000000580100000)
  object space 16854016K, 39% used [0x0000000080200000,0x0000000216292608,0x0000000484d00000)
 Metaspace       used 32289K, capacity 32663K, committed 32896K, reserved 1079296K
  class space    used 3596K, capacity 3710K, committed 3712K, reserved 1048576K
Event: 806.798 GC heap after
Heap after GC invocations=369 (full 50):
 PSYoungGen      total 7897600K, used 1361645K [0x0000000580100000, 0x0000000800000000, 0x0000000800000000)
  eden space 5432832K, 0% used [0x0000000580100000,0x0000000580100000,0x00000006cba80000)
  from space 2464768K, 55% used [0x00000006cba80000,0x000000071ec3b6c0,0x0000000762180000)
  to   space 2435072K, 0% used [0x000000076b600000,0x000000076b600000,0x0000000800000000)
 ParOldGen       total 16854016K, used 8294242K [0x0000000080200000, 0x0000000484d00000, 0x0000000580100000)
  object space 16854016K, 49% used [0x0000000080200000,0x000000027a5d88a0,0x0000000484d00000)
 Metaspace       used 32289K, capacity 32663K, committed 32896K, reserved 1079296K
  class space    used 3596K, capacity 3710K, committed 3712K, reserved 1048576K
}
Event: 827.881 GC heap before
{Heap before GC invocations=370 (full 50):
 PSYoungGen      total 7897600K, used 6794477K [0x0000000580100000, 0x0000000800000000, 0x0000000800000000)
  eden space 5432832K, 100% used [0x0000000580100000,0x00000006cba80000,0x00000006cba80000)
  from space 2464768K, 55% used [0x00000006cba80000,0x000000071ec3b6c0,0x0000000762180000)
  to   space 2435072K, 0% used [0x000000076b600000,0x000000076b600000,0x0000000800000000)
 ParOldGen       total 16854016K, used 8294242K [0x0000000080200000, 0x0000000484d00000, 0x0000000580100000)
  object space 16854016K, 49% used [0x0000000080200000,0x000000027a5d88a0,0x0000000484d00000)
 Metaspace       used 32398K, capacity 32727K, committed 32896K, reserved 1079296K
  class space    used 3598K, capacity 3710K, committed 3712K, reserved 1048576K
Event: 830.104 GC heap after
Heap after GC invocations=370 (full 50):
 PSYoungGen      total 7775232K, used 348220K [0x0000000580100000, 0x0000000800000000, 0x0000000800000000)
  eden space 5340160K, 0% used [0x0000000580100000,0x0000000580100000,0x00000006c6000000)
  from space 2435072K, 14% used [0x000000076b600000,0x0000000780a0f1c0,0x0000000800000000)
  to   space 2572288K, 0% used [0x00000006c6000000,0x00000006c6000000,0x0000000763000000)
 ParOldGen       total 16854016K, used 8592893K [0x0000000080200000, 0x0000000484d00000, 0x0000000580100000)
  object space 16854016K, 50% used [0x0000000080200000,0x000000028c97f618,0x0000000484d00000)
 Metaspace       used 32398K, capacity 32727K, committed 32896K, reserved 1079296K
  class space    used 3598K, capacity 3710K, committed 3712K, reserved 1048576K
}
Event: 830.331 GC heap before
{Heap before GC invocations=371 (full 50):
 PSYoungGen      total 7775232K, used 5688380K [0x0000000580100000, 0x0000000800000000, 0x0000000800000000)
  eden space 5340160K, 100% used [0x0000000580100000,0x00000006c6000000,0x00000006c6000000)
  from space 2435072K, 14% used [0x000000076b600000,0x0000000780a0f1c0,0x0000000800000000)
  to   space 2572288K, 0% used [0x00000006c6000000,0x00000006c6000000,0x0000000763000000)
 ParOldGen       total 16854016K, used 8592893K [0x0000000080200000, 0x0000000484d00000, 0x0000000580100000)
  object space 16854016K, 50% used [0x0000000080200000,0x000000028c97f618,0x0000000484d00000)
 Metaspace       used 32398K, capacity 32727K, committed 32896K, reserved 1079296K
  class space    used 3598K, capacity 3710K, committed 3712K, reserved 1048576K
Event: 830.400 GC heap after
Heap after GC invocations=371 (full 50):
 PSYoungGen      total 7912448K, used 983968K [0x0000000580100000, 0x0000000800000000, 0x0000000800000000)
  eden space 5340160K, 0% used [0x0000000580100000,0x0000000580100000,0x00000006c6000000)
  from space 2572288K, 38% used [0x00000006c6000000,0x00000007020e8310,0x0000000763000000)
  to   space 2553344K, 0% used [0x0000000764280000,0x0000000764280000,0x0000000800000000)
 ParOldGen       total 16854016K, used 8838103K [0x0000000080200000, 0x0000000484d00000, 0x0000000580100000)
  object space 16854016K, 52% used [0x0000000080200000,0x000000029b8f5e60,0x0000000484d00000)
 Metaspace       used 32398K, capacity 32727K, committed 32896K, reserved 1079296K
  class space    used 3598K, capacity 3710K, committed 3712K, reserved 1048576K
}
Event: 830.624 GC heap before
{Heap before GC invocations=372 (full 50):
 PSYoungGen      total 7912448K, used 6324128K [0x0000000580100000, 0x0000000800000000, 0x0000000800000000)
  eden space 5340160K, 100% used [0x0000000580100000,0x00000006c6000000,0x00000006c6000000)
  from space 2572288K, 38% used [0x00000006c6000000,0x00000007020e8310,0x0000000763000000)
  to   space 2553344K, 0% used [0x0000000764280000,0x0000000764280000,0x0000000800000000)
 ParOldGen       total 16854016K, used 8838103K [0x0000000080200000, 0x0000000484d00000, 0x0000000580100000)
  object space 16854016K, 52% used [0x0000000080200000,0x000000029b8f5e60,0x0000000484d00000)
 Metaspace       used 32398K, capacity 32727K, committed 32896K, reserved 1079296K
  class space    used 3598K, capacity 3710K, committed 3712K, reserved 1048576K
Event: 830.709 GC heap after
Heap after GC invocations=372 (full 50):
 PSYoungGen      total 7715328K, used 1508192K [0x0000000580100000, 0x00000007f3f80000, 0x0000000800000000)
  eden space 5359104K, 0% used [0x0000000580100000,0x0000000580100000,0x00000006c7280000)
  from space 2356224K, 64% used [0x0000000764280000,0x00000007c0358250,0x00000007f3f80000)
  to   space 2464256K, 0% used [0x00000006c7280000,0x00000006c7280000,0x000000075d900000)
 ParOldGen       total 16854016K, used 9378931K [0x0000000080200000, 0x0000000484d00000, 0x0000000580100000)
  object space 16854016K, 55% used [0x0000000080200000,0x00000002bc91cfe8,0x0000000484d00000)
 Metaspace       used 32398K, capacity 32727K, committed 32896K, reserved 1079296K
  class space    used 3598K, capacity 3710K, committed 3712K, reserved 1048576K
}
Event: 830.926 GC heap before
{Heap before GC invocations=373 (full 50):
 PSYoungGen      total 7715328K, used 6862158K [0x0000000580100000, 0x00000007f3f80000, 0x0000000800000000)
  eden space 5359104K, 99% used [0x0000000580100000,0x00000006c6d7b818,0x00000006c7280000)
  from space 2356224K, 64% used [0x0000000764280000,0x00000007c0358250,0x00000007f3f80000)
  to   space 2464256K, 0% used [0x00000006c7280000,0x00000006c7280000,0x000000075d900000)
 ParOldGen       total 16854016K, used 9378931K [0x0000000080200000, 0x0000000484d00000, 0x0000000580100000)
  object space 16854016K, 55% used [0x0000000080200000,0x00000002bc91cfe8,0x0000000484d00000)
 Metaspace       used 32398K, capacity 32727K, committed 32896K, reserved 1079296K
  class space    used 3598K, capacity 3710K, committed 3712K, reserved 1048576K
Event: 831.044 GC heap after
Heap after GC invocations=373 (full 50):
 PSYoungGen      total 7823360K, used 1421364K [0x0000000580100000, 0x00000007fb080000, 0x0000000800000000)
  eden space 5359104K, 0% used [0x0000000580100000,0x0000000580100000,0x00000006c7280000)
  from space 2464256K, 57% used [0x00000006c7280000,0x000000071de8d120,0x000000075d900000)
  to   space 2369536K, 0% used [0x000000076a680000,0x000000076a680000,0x00000007fb080000)
 ParOldGen       total 16854016K, used 10755300K [0x0000000080200000, 0x0000000484d00000, 0x0000000580100000)
  object space 16854016K, 63% used [0x0000000080200000,0x00000003109391f8,0x0000000484d00000)
 Metaspace       used 32398K, capacity 32727K, committed 32896K, reserved 1079296K
  class space    used 3598K, capacity 3710K, committed 3712K, reserved 1048576K
}
Event: 831.252 GC heap before
{Heap before GC invocations=374 (full 50):
 PSYoungGen      total 7823360K, used 6780468K [0x0000000580100000, 0x00000007fb080000, 0x0000000800000000)
  eden space 5359104K, 100% used [0x0000000580100000,0x00000006c7280000,0x00000006c7280000)
  from space 2464256K, 57% used [0x00000006c7280000,0x000000071de8d120,0x000000075d900000)
  to   space 2369536K, 0% used [0x000000076a680000,0x000000076a680000,0x00000007fb080000)
 ParOldGen       total 16854016K, used 10755300K [0x0000000080200000, 0x0000000484d00000, 0x0000000580100000)
  object space 16854016K, 63% used [0x0000000080200000,0x00000003109391f8,0x0000000484d00000)
 Metaspace       used 32398K, capacity 32727K, committed 32896K, reserved 1079296K
  class space    used 3598K, capacity 3710K, committed 3712K, reserved 1048576K
Event: 831.444 GC heap after
Heap after GC invocations=374 (full 50):
 PSYoungGen      total 7990272K, used 1817333K [0x0000000580100000, 0x00000007ff880000, 0x0000000800000000)
  eden space 5620736K, 0% used [0x0000000580100000,0x0000000580100000,0x00000006d7200000)
  from space 2369536K, 76% used [0x000000076a680000,0x00000007d953d6c0,0x00000007fb080000)
  to   space 2413056K, 0% used [0x00000006d7200000,0x00000006d7200000,0x000000076a680000)
 ParOldGen       total 16854016K, used 12143208K [0x0000000080200000, 0x0000000484d00000, 0x0000000580100000)
  object space 16854016K, 72% used [0x0000000080200000,0x000000036549a308,0x0000000484d00000)
 Metaspace       used 32398K, capacity 32727K, committed 32896K, reserved 1079296K
  class space    used 3598K, capacity 3710K, committed 3712K, reserved 1048576K
}
Event: 831.670 GC heap before
{Heap before GC invocations=375 (full 50):
 PSYoungGen      total 7990272K, used 7438069K [0x0000000580100000, 0x00000007ff880000, 0x0000000800000000)
  eden space 5620736K, 100% used [0x0000000580100000,0x00000006d7200000,0x00000006d7200000)
  from space 2369536K, 76% used [0x000000076a680000,0x00000007d953d6c0,0x00000007fb080000)
  to   space 2413056K, 0% used [0x00000006d7200000,0x00000006d7200000,0x000000076a680000)
 ParOldGen       total 16854016K, used 12143208K [0x0000000080200000, 0x0000000484d00000, 0x0000000580100000)
  object space 16854016K, 72% used [0x0000000080200000,0x000000036549a308,0x0000000484d00000)
 Metaspace       used 32398K, capacity 32727K, committed 32896K, reserved 1079296K
  class space    used 3598K, capacity 3710K, committed 3712K, reserved 1048576K
Event: 832.639 GC heap after
Heap after GC invocations=375 (full 50):
 PSYoungGen      total 7704064K, used 2083026K [0x0000000580100000, 0x0000000800000000, 0x0000000800000000)
  eden space 5620736K, 0% used [0x0000000580100000,0x0000000580100000,0x00000006d7200000)
  from space 2083328K, 99% used [0x00000006d7200000,0x0000000756434a10,0x0000000756480000)
  to   space 2540544K, 0% used [0x0000000764f00000,0x0000000764f00000,0x0000000800000000)
 ParOldGen       total 16854016K, used 13686136K [0x0000000080200000, 0x0000000484d00000, 0x0000000580100000)
  object space 16854016K, 81% used [0x0000000080200000,0x00000003c375e228,0x0000000484d00000)
 Metaspace       used 32398K, capacity 32727K, committed 32896K, reserved 1079296K
  class space    used 3598K, capacity 3710K, committed 3712K, reserved 1048576K
}
Event: 833.088 GC heap before
{Heap before GC invocations=376 (full 50):
 PSYoungGen      total 7704064K, used 7703762K [0x0000000580100000, 0x0000000800000000, 0x0000000800000000)
  eden space 5620736K, 100% used [0x0000000580100000,0x00000006d7200000,0x00000006d7200000)
  from space 2083328K, 99% used [0x00000006d7200000,0x0000000756434a10,0x0000000756480000)
  to   space 2540544K, 0% used [0x0000000764f00000,0x0000000764f00000,0x0000000800000000)
 ParOldGen       total 16854016K, used 13686136K [0x0000000080200000, 0x0000000484d00000, 0x0000000580100000)
  object space 16854016K, 81% used [0x0000000080200000,0x00000003c375e228,0x0000000484d00000)
 Metaspace       used 32398K, capacity 32727K, committed 32896K, reserved 1079296K
  class space    used 3598K, capacity 3710K, committed 3712K, reserved 1048576K
Event: 835.365 GC heap after
Heap after GC invocations=376 (full 50):
 PSYoungGen      total 7590912K, used 2294612K [0x0000000580100000, 0x0000000800000000, 0x0000000800000000)
  eden space 5050368K, 0% used [0x0000000580100000,0x0000000580100000,0x00000006b4500000)
  from space 2540544K, 90% used [0x0000000764f00000,0x00000007f0fd50b0,0x0000000800000000)
  to   space 2717184K, 0% used [0x00000006b4500000,0x00000006b4500000,0x000000075a280000)
 ParOldGen       total 16854016K, used 15323228K [0x0000000080200000, 0x0000000484d00000, 0x0000000580100000)
  object space 16854016K, 90% used [0x0000000080200000,0x0000000427617068,0x0000000484d00000)
 Metaspace       used 32398K, capacity 32727K, committed 32896K, reserved 1079296K
  class space    used 3598K, capacity 3710K, committed 3712K, reserved 1048576K
}
Event: 835.365 GC heap before
{Heap before GC invocations=377 (full 51):
 PSYoungGen      total 7590912K, used 2294612K [0x0000000580100000, 0x0000000800000000, 0x0000000800000000)
  eden space 5050368K, 0% used [0x0000000580100000,0x0000000580100000,0x00000006b4500000)
  from space 2540544K, 90% used [0x0000000764f00000,0x00000007f0fd50b0,0x0000000800000000)
  to   space 2717184K, 0% used [0x00000006b4500000,0x00000006b4500000,0x000000075a280000)
 ParOldGen       total 16854016K, used 15323228K [0x0000000080200000, 0x0000000484d00000, 0x0000000580100000)
  object space 16854016K, 90% used [0x0000000080200000,0x0000000427617068,0x0000000484d00000)
 Metaspace       used 32398K, capacity 32727K, committed 32896K, reserved 1079296K
  class space    used 3598K, capacity 3710K, committed 3712K, reserved 1048576K
Event: 837.553 GC heap after
Heap after GC invocations=377 (full 51):
 PSYoungGen      total 7590912K, used 0K [0x0000000580100000, 0x0000000800000000, 0x0000000800000000)
  eden space 5050368K, 0% used [0x0000000580100000,0x0000000580100000,0x00000006b4500000)
  from space 2540544K, 0% used [0x0000000764f00000,0x0000000764f00000,0x0000000800000000)
  to   space 2717184K, 0% used [0x00000006b4500000,0x00000006b4500000,0x000000075a280000)
 ParOldGen       total 18121728K, used 4837307K [0x0000000080200000, 0x00000004d2300000, 0x0000000580100000)
  object space 18121728K, 26% used [0x0000000080200000,0x00000001a75eeee8,0x00000004d2300000)
 Metaspace       used 32398K, capacity 32727K, committed 32896K, reserved 1079296K
  class space    used 3598K, capacity 3710K, committed 3712K, reserved 1048576K
}
Event: 838.086 GC heap before
{Heap before GC invocations=378 (full 51):
 PSYoungGen      total 7590912K, used 5050368K [0x0000000580100000, 0x0000000800000000, 0x0000000800000000)
  eden space 5050368K, 100% used [0x0000000580100000,0x00000006b4500000,0x00000006b4500000)
  from space 2540544K, 0% used [0x0000000764f00000,0x0000000764f00000,0x0000000800000000)
  to   space 2717184K, 0% used [0x00000006b4500000,0x00000006b4500000,0x000000075a280000)
 ParOldGen       total 18121728K, used 4837307K [0x0000000080200000, 0x00000004d2300000, 0x0000000580100000)
  object space 18121728K, 26% used [0x0000000080200000,0x00000001a75eeee8,0x00000004d2300000)
 Metaspace       used 32398K, capacity 32727K, committed 32896K, reserved 1079296K
  class space    used 3598K, capacity 3710K, committed 3712K, reserved 1048576K
Event: 839.041 GC heap after
Heap after GC invocations=378 (full 51):
 PSYoungGen      total 7767552K, used 1225709K [0x0000000580100000, 0x0000000800000000, 0x0000000800000000)
  eden space 5050368K, 0% used [0x0000000580100000,0x0000000580100000,0x00000006b4500000)
  from space 2717184K, 45% used [0x00000006b4500000,0x00000006ff1fb6e0,0x000000075a280000)
  to   space 2675712K, 0% used [0x000000075cb00000,0x000000075cb00000,0x0000000800000000)
 ParOldGen       total 18121728K, used 4837307K [0x0000000080200000, 0x00000004d2300000, 0x0000000580100000)
  object space 18121728K, 26% used [0x0000000080200000,0x00000001a75eeee8,0x00000004d2300000)
 Metaspace       used 32398K, capacity 32727K, committed 32896K, reserved 1079296K
  class space    used 3598K, capacity 3710K, committed 3712K, reserved 1048576K
}
Event: 839.714 GC heap before
{Heap before GC invocations=379 (full 51):
 PSYoungGen      total 7767552K, used 6276077K [0x0000000580100000, 0x0000000800000000, 0x0000000800000000)
  eden space 5050368K, 100% used [0x0000000580100000,0x00000006b4500000,0x00000006b4500000)
  from space 2717184K, 45% used [0x00000006b4500000,0x00000006ff1fb6e0,0x000000075a280000)
  to   space 2675712K, 0% used [0x000000075cb00000,0x000000075cb00000,0x0000000800000000)
 ParOldGen       total 18121728K, used 4837307K [0x0000000080200000, 0x00000004d2300000, 0x0000000580100000)
  object space 18121728K, 26% used [0x0000000080200000,0x00000001a75eeee8,0x00000004d2300000)
 Metaspace       used 32398K, capacity 32727K, committed 32896K, reserved 1079296K
  class space    used 3598K, capacity 3710K, committed 3712K, reserved 1048576K
Event: 840.550 GC heap after
Heap after GC invocations=379 (full 51):
 PSYoungGen      total 7744512K, used 885138K [0x0000000580100000, 0x00000007fe980000, 0x0000000800000000)
  eden space 5091840K, 0% used [0x0000000580100000,0x0000000580100000,0x00000006b6d80000)
  from space 2652672K, 33% used [0x000000075cb00000,0x0000000792b649a0,0x00000007fe980000)
  to   space 2684928K, 0% used [0x00000006b6d80000,0x00000006b6d80000,0x000000075ab80000)
 ParOldGen       total 18121728K, used 5763318K [0x0000000080200000, 0x00000004d2300000, 0x0000000580100000)
  object space 18121728K, 31% used [0x0000000080200000,0x00000001dfe3dbb0,0x00000004d2300000)
 Metaspace       used 32398K, capacity 32727K, committed 32896K, reserved 1079296K
  class space    used 3598K, capacity 3710K, committed 3712K, reserved 1048576K
}
Event: 840.758 GC heap before
{Heap before GC invocations=380 (full 51):
 PSYoungGen      total 7744512K, used 5976978K [0x0000000580100000, 0x00000007fe980000, 0x0000000800000000)
  eden space 5091840K, 100% used [0x0000000580100000,0x00000006b6d80000,0x00000006b6d80000)
  from space 2652672K, 33% used [0x000000075cb00000,0x0000000792b649a0,0x00000007fe980000)
  to   space 2684928K, 0% used [0x00000006b6d80000,0x00000006b6d80000,0x000000075ab80000)
 ParOldGen       total 18121728K, used 5763318K [0x0000000080200000, 0x00000004d2300000, 0x0000000580100000)
  object space 18121728K, 31% used [0x0000000080200000,0x00000001dfe3dbb0,0x00000004d2300000)
 Metaspace       used 32398K, capacity 32727K, committed 32896K, reserved 1079296K
  class space    used 3598K, capacity 3710K, committed 3712K, reserved 1048576K
Event: 840.828 GC heap after
Heap after GC invocations=380 (full 51):
 PSYoungGen      total 7776768K, used 892049K [0x0000000580100000, 0x0000000800000000, 0x0000000800000000)
  eden space 5091840K, 0% used [0x0000000580100000,0x0000000580100000,0x00000006b6d80000)
  from space 2684928K, 33% used [0x00000006b6d80000,0x00000006ed4a4630,0x000000075ab80000)
  to   space 2673152K, 0% used [0x000000075cd80000,0x000000075cd80000,0x0000000800000000)
 ParOldGen       total 18121728K, used 6099503K [0x0000000080200000, 0x00000004d2300000, 0x0000000580100000)
  object space 18121728K, 33% used [0x0000000080200000,0x00000001f468bd88,0x00000004d2300000)
 Metaspace       used 32398K, capacity 32727K, committed 32896K, reserved 1079296K
  class space    used 3598K, capacity 3710K, committed 3712K, reserved 1048576K
}
Event: 841.054 GC heap before
{Heap before GC invocations=381 (full 51):
 PSYoungGen      total 7776768K, used 5927021K [0x0000000580100000, 0x0000000800000000, 0x0000000800000000)
  eden space 5091840K, 98% used [0x0000000580100000,0x00000006b35f7000,0x00000006b6d80000)
  from space 2684928K, 33% used [0x00000006b6d80000,0x00000006ed4a4630,0x000000075ab80000)
  to   space 2673152K, 0% used [0x000000075cd80000,0x000000075cd80000,0x0000000800000000)
 ParOldGen       total 18121728K, used 6099503K [0x0000000080200000, 0x00000004d2300000, 0x0000000580100000)
  object space 18121728K, 33% used [0x0000000080200000,0x00000001f468bd88,0x00000004d2300000)
 Metaspace       used 32398K, capacity 32727K, committed 32896K, reserved 1079296K
  class space    used 3598K, capacity 3710K, committed 3712K, reserved 1048576K
Event: 842.490 GC heap after
Heap after GC invocations=381 (full 51):
 PSYoungGen      total 7557632K, used 1412352K [0x0000000580100000, 0x00000007f1380000, 0x0000000800000000)
  eden space 5126656K, 0% used [0x0000000580100000,0x0000000580100000,0x00000006b8f80000)
  from space 2430976K, 58% used [0x000000075cd80000,0x00000007b30c0230,0x00000007f1380000)
  to   space 2557952K, 0% used [0x00000006b8f80000,0x00000006b8f80000,0x0000000755180000)
 ParOldGen       total 18121728K, used 6716541K [0x0000000080200000, 0x00000004d2300000, 0x0000000580100000)
  object space 18121728K, 37% used [0x0000000080200000,0x000000021a11f4e8,0x00000004d2300000)
 Metaspace       used 32398K, capacity 32727K, committed 32896K, reserved 1079296K
  class space    used 3598K, capacity 3710K, committed 3712K, reserved 1048576K
}
Event: 842.716 GC heap before
{Heap before GC invocations=382 (full 51):
 PSYoungGen      total 7557632K, used 6519996K [0x0000000580100000, 0x00000007f1380000, 0x0000000800000000)
  eden space 5126656K, 99% used [0x0000000580100000,0x00000006b7cef0e0,0x00000006b8f80000)
  from space 2430976K, 58% used [0x000000075cd80000,0x00000007b30c0230,0x00000007f1380000)
  to   space 2557952K, 0% used [0x00000006b8f80000,0x00000006b8f80000,0x0000000755180000)
 ParOldGen       total 18121728K, used 6716541K [0x0000000080200000, 0x00000004d2300000, 0x0000000580100000)
  object space 18121728K, 37% used [0x0000000080200000,0x000000021a11f4e8,0x00000004d2300000)
 Metaspace       used 32398K, capacity 32727K, committed 32896K, reserved 1079296K
  class space    used 3598K, capacity 3710K, committed 3712K, reserved 1048576K
Event: 843.442 GC heap after
Heap after GC invocations=382 (full 51):
 PSYoungGen      total 7684608K, used 1138334K [0x0000000580100000, 0x0000000800000000, 0x0000000800000000)
  eden space 5126656K, 0% used [0x0000000580100000,0x0000000580100000,0x00000006b8f80000)
  from space 2557952K, 44% used [0x00000006b8f80000,0x00000006fe7278f0,0x0000000755180000)
  to   space 2499072K, 0% used [0x0000000767780000,0x0000000767780000,0x0000000800000000)
 ParOldGen       total 18121728K, used 7805295K [0x0000000080200000, 0x00000004d2300000, 0x0000000580100000)
  object space 18121728K, 43% used [0x0000000080200000,0x000000025c85bca8,0x00000004d2300000)
 Metaspace       used 32398K, capacity 32727K, committed 32896K, reserved 1079296K
  class space    used 3598K, capacity 3710K, committed 3712K, reserved 1048576K
}
Event: 843.648 GC heap before
{Heap before GC invocations=383 (full 51):
 PSYoungGen      total 7684608K, used 6264990K [0x0000000580100000, 0x0000000800000000, 0x0000000800000000)
  eden space 5126656K, 100% used [0x0000000580100000,0x00000006b8f80000,0x00000006b8f80000)
  from space 2557952K, 44% used [0x00000006b8f80000,0x00000006fe7278f0,0x0000000755180000)
  to   space 2499072K, 0% used [0x0000000767780000,0x0000000767780000,0x0000000800000000)
 ParOldGen       total 18121728K, used 7805295K [0x0000000080200000, 0x00000004d2300000, 0x0000000580100000)
  object space 18121728K, 43% used [0x0000000080200000,0x000000025c85bca8,0x00000004d2300000)
 Metaspace       used 32398K, capacity 32727K, committed 32896K, reserved 1079296K
  class space    used 3598K, capacity 3710K, committed 3712K, reserved 1048576K
Event: 843.826 GC heap after
Heap after GC invocations=383 (full 51):
 PSYoungGen      total 7804416K, used 1953941K [0x0000000580100000, 0x0000000800000000, 0x0000000800000000)
  eden space 5305344K, 0% used [0x0000000580100000,0x0000000580100000,0x00000006c3e00000)
  from space 2499072K, 78% used [0x0000000767780000,0x00000007deba5720,0x0000000800000000)
  to   space 2589696K, 0% used [0x00000006c3e00000,0x00000006c3e00000,0x0000000761f00000)
 ParOldGen       total 18121728K, used 8902458K [0x0000000080200000, 0x00000004d2300000, 0x0000000580100000)
  object space 18121728K, 49% used [0x0000000080200000,0x000000029f7ce9f0,0x00000004d2300000)
 Metaspace       used 32398K, capacity 32727K, committed 32896K, reserved 1079296K
  class space    used 3598K, capacity 3710K, committed 3712K, reserved 1048576K
}
Event: 844.040 GC heap before
{Heap before GC invocations=384 (full 51):
 PSYoungGen      total 7804416K, used 7259285K [0x0000000580100000, 0x0000000800000000, 0x0000000800000000)
  eden space 5305344K, 100% used [0x0000000580100000,0x00000006c3e00000,0x00000006c3e00000)
  from space 2499072K, 78% used [0x0000000767780000,0x00000007deba5720,0x0000000800000000)
  to   space 2589696K, 0% used [0x00000006c3e00000,0x00000006c3e00000,0x0000000761f00000)
 ParOldGen       total 18121728K, used 8902458K [0x0000000080200000, 0x00000004d2300000, 0x0000000580100000)
  object space 18121728K, 49% used [0x0000000080200000,0x000000029f7ce9f0,0x00000004d2300000)
 Metaspace       used 32398K, capacity 32727K, committed 32896K, reserved 1079296K
  class space    used 3598K, capacity 3710K, committed 3712K, reserved 1048576K
Event: 845.152 GC heap after
Heap after GC invocations=384 (full 51):
 PSYoungGen      total 7895040K, used 1752744K [0x0000000580100000, 0x0000000800000000, 0x0000000800000000)
  eden space 5305344K, 0% used [0x0000000580100000,0x0000000580100000,0x00000006c3e00000)
  from space 2589696K, 67% used [0x00000006c3e00000,0x000000072edaa1c0,0x0000000761f00000)
  to   space 2582528K, 0% used [0x0000000762600000,0x0000000762600000,0x0000000800000000)
 ParOldGen       total 18121728K, used 10606735K [0x0000000080200000, 0x00000004d2300000, 0x0000000580100000)
  object space 18121728K, 58% used [0x0000000080200000,0x0000000307823de0,0x00000004d2300000)
 Metaspace       used 32398K, capacity 32727K, committed 32896K, reserved 1079296K
  class space    used 3598K, capacity 3710K, committed 3712K, reserved 1048576K
}
Event: 845.545 GC heap before
{Heap before GC invocations=385 (full 51):
 PSYoungGen      total 7895040K, used 7058088K [0x0000000580100000, 0x0000000800000000, 0x0000000800000000)
  eden space 5305344K, 100% used [0x0000000580100000,0x00000006c3e00000,0x00000006c3e00000)
  from space 2589696K, 67% used [0x00000006c3e00000,0x000000072edaa1c0,0x0000000761f00000)
  to   space 2582528K, 0% used [0x0000000762600000,0x0000000762600000,0x0000000800000000)
 ParOldGen       total 18121728K, used 10606735K [0x0000000080200000, 0x00000004d2300000, 0x0000000580100000)
  object space 18121728K, 58% used [0x0000000080200000,0x0000000307823de0,0x00000004d2300000)
 Metaspace       used 32398K, capacity 32727K, committed 32896K, reserved 1079296K
  class space    used 3598K, capacity 3710K, committed 3712K, reserved 1048576K
Event: 848.696 GC heap after
Heap after GC invocations=385 (full 51):
 PSYoungGen      total 7872512K, used 1770199K [0x0000000580100000, 0x00000007fea00000, 0x0000000800000000)
  eden space 5312512K, 0% used [0x0000000580100000,0x0000000580100000,0x00000006c4500000)
  from space 2560000K, 69% used [0x0000000762600000,0x00000007ce6b5f70,0x00000007fea00000)
  to   space 2574848K, 0% used [0x00000006c4500000,0x00000006c4500000,0x0000000761780000)
 ParOldGen       total 18121728K, used 12041997K [0x0000000080200000, 0x00000004d2300000, 0x0000000580100000)
  object space 18121728K, 66% used [0x0000000080200000,0x000000035f1c35a0,0x00000004d2300000)
 Metaspace       used 32398K, capacity 32727K, committed 32896K, reserved 1079296K
  class space    used 3598K, capacity 3710K, committed 3712K, reserved 1048576K
}
Event: 848.949 GC heap before
{Heap before GC invocations=386 (full 51):
 PSYoungGen      total 7872512K, used 7082711K [0x0000000580100000, 0x00000007fea00000, 0x0000000800000000)
  eden space 5312512K, 100% used [0x0000000580100000,0x00000006c4500000,0x00000006c4500000)
  from space 2560000K, 69% used [0x0000000762600000,0x00000007ce6b5f70,0x00000007fea00000)
  to   space 2574848K, 0% used [0x00000006c4500000,0x00000006c4500000,0x0000000761780000)
 ParOldGen       total 18121728K, used 12041997K [0x0000000080200000, 0x00000004d2300000, 0x0000000580100000)
  object space 18121728K, 66% used [0x0000000080200000,0x000000035f1c35a0,0x00000004d2300000)
 Metaspace       used 32398K, capacity 32727K, committed 32896K, reserved 1079296K
  class space    used 3598K, capacity 3710K, committed 3712K, reserved 1048576K
Event: 849.622 GC heap after
Heap after GC invocations=386 (full 51):
 PSYoungGen      total 6976000K, used 1663008K [0x0000000580100000, 0x00000007fa480000, 0x0000000800000000)
  eden space 5312512K, 0% used [0x0000000580100000,0x0000000580100000,0x00000006c4500000)
  from space 1663488K, 99% used [0x00000006c4500000,0x0000000729d082d0,0x0000000729d80000)
  to   space 2520576K, 0% used [0x0000000760700000,0x0000000760700000,0x00000007fa480000)
 ParOldGen       total 18121728K, used 13441862K [0x0000000080200000, 0x00000004d2300000, 0x0000000580100000)
  object space 18121728K, 74% used [0x0000000080200000,0x00000003b48d1910,0x00000004d2300000)
 Metaspace       used 32398K, capacity 32727K, committed 32896K, reserved 1079296K
  class space    used 3598K, capacity 3710K, committed 3712K, reserved 1048576K
}
Event: 849.974 GC heap before
{Heap before GC invocations=387 (full 51):
 PSYoungGen      total 6976000K, used 6975520K [0x0000000580100000, 0x00000007fa480000, 0x0000000800000000)
  eden space 5312512K, 100% used [0x0000000580100000,0x00000006c4500000,0x00000006c4500000)
  from space 1663488K, 99% used [0x00000006c4500000,0x0000000729d082d0,0x0000000729d80000)
  to   space 2520576K, 0% used [0x0000000760700000,0x0000000760700000,0x00000007fa480000)
 ParOldGen       total 18121728K, used 13441862K [0x0000000080200000, 0x00000004d2300000, 0x0000000580100000)
  object space 18121728K, 74% used [0x0000000080200000,0x00000003b48d1910,0x00000004d2300000)
 Metaspace       used 32398K, capacity 32727K, committed 32896K, reserved 1079296K
  class space    used 3598K, capacity 3710K, committed 3712K, reserved 1048576K
Event: 851.938 GC heap after
Heap after GC invocations=387 (full 51):
 PSYoungGen      total 7937024K, used 1624512K [0x0000000580100000, 0x0000000800000000, 0x0000000800000000)
  eden space 5416448K, 0% used [0x0000000580100000,0x0000000580100000,0x00000006caa80000)
  from space 2520576K, 64% used [0x0000000760700000,0x00000007c3970380,0x00000007fa480000)
  to   space 2454016K, 0% used [0x00000006caa80000,0x00000006caa80000,0x0000000760700000)
 ParOldGen       total 18121728K, used 14818230K [0x0000000080200000, 0x00000004d2300000, 0x0000000580100000)
  object space 18121728K, 81% used [0x0000000080200000,0x00000004088eda30,0x00000004d2300000)
 Metaspace       used 32398K, capacity 32727K, committed 32896K, reserved 1079296K
  class space    used 3598K, capacity 3710K, committed 3712K, reserved 1048576K
}
Event: 872.180 GC heap before
{Heap before GC invocations=388 (full 51):
 PSYoungGen      total 7937024K, used 7040685K [0x0000000580100000, 0x0000000800000000, 0x0000000800000000)
  eden space 5416448K, 99% used [0x0000000580100000,0x00000006caa3b278,0x00000006caa80000)
  from space 2520576K, 64% used [0x0000000760700000,0x00000007c3970380,0x00000007fa480000)
  to   space 2454016K, 0% used [0x00000006caa80000,0x00000006caa80000,0x0000000760700000)
 ParOldGen       total 18121728K, used 14818230K [0x0000000080200000, 0x00000004d2300000, 0x0000000580100000)
  object space 18121728K, 81% used [0x0000000080200000,0x00000004088eda30,0x00000004d2300000)
 Metaspace       used 32405K, capacity 32727K, committed 32896K, reserved 1079296K
  class space    used 3598K, capacity 3710K, committed 3712K, reserved 1048576K
Event: 874.546 GC heap after
Heap after GC invocations=388 (full 51):
 PSYoungGen      total 7870464K, used 275257K [0x0000000580100000, 0x0000000800000000, 0x0000000800000000)
  eden space 5416448K, 0% used [0x0000000580100000,0x0000000580100000,0x00000006caa80000)
  from space 2454016K, 11% used [0x00000006caa80000,0x00000006db74e4c0,0x0000000760700000)
  to   space 2579968K, 0% used [0x0000000762880000,0x0000000762880000,0x0000000800000000)
 ParOldGen       total 18121728K, used 15815140K [0x0000000080200000, 0x00000004d2300000, 0x0000000580100000)
  object space 18121728K, 87% used [0x0000000080200000,0x00000004456791d8,0x00000004d2300000)
 Metaspace       used 32405K, capacity 32727K, committed 32896K, reserved 1079296K
  class space    used 3598K, capacity 3710K, committed 3712K, reserved 1048576K
}
Event: 875.423 GC heap before
{Heap before GC invocations=389 (full 51):
 PSYoungGen      total 7870464K, used 5691705K [0x0000000580100000, 0x0000000800000000, 0x0000000800000000)
  eden space 5416448K, 100% used [0x0000000580100000,0x00000006caa80000,0x00000006caa80000)
  from space 2454016K, 11% used [0x00000006caa80000,0x00000006db74e4c0,0x0000000760700000)
  to   space 2579968K, 0% used [0x0000000762880000,0x0000000762880000,0x0000000800000000)
 ParOldGen       total 18121728K, used 15815140K [0x0000000080200000, 0x00000004d2300000, 0x0000000580100000)
  object space 18121728K, 87% used [0x0000000080200000,0x00000004456791d8,0x00000004d2300000)
 Metaspace       used 32407K, capacity 32727K, committed 32896K, reserved 1079296K
  class space    used 3598K, capacity 3710K, committed 3712K, reserved 1048576K
Event: 875.507 GC heap after
Heap after GC invocations=389 (full 51):
 PSYoungGen      total 7896576K, used 714304K [0x0000000580100000, 0x0000000800000000, 0x0000000800000000)
  eden space 5316608K, 0% used [0x0000000580100000,0x0000000580100000,0x00000006c4900000)
  from space 2579968K, 27% used [0x0000000762880000,0x000000078e2102b0,0x0000000800000000)
  to   space 2584064K, 0% used [0x00000006c4900000,0x00000006c4900000,0x0000000762480000)
 ParOldGen       total 18121728K, used 16058108K [0x0000000080200000, 0x00000004d2300000, 0x0000000580100000)
  object space 18121728K, 88% used [0x0000000080200000,0x00000004543bf058,0x00000004d2300000)
 Metaspace       used 32407K, capacity 32727K, committed 32896K, reserved 1079296K
  class space    used 3598K, capacity 3710K, committed 3712K, reserved 1048576K
}
Event: 875.507 GC heap before
{Heap before GC invocations=390 (full 52):
 PSYoungGen      total 7896576K, used 714304K [0x0000000580100000, 0x0000000800000000, 0x0000000800000000)
  eden space 5316608K, 0% used [0x0000000580100000,0x0000000580100000,0x00000006c4900000)
  from space 2579968K, 27% used [0x0000000762880000,0x000000078e2102b0,0x0000000800000000)
  to   space 2584064K, 0% used [0x00000006c4900000,0x00000006c4900000,0x0000000762480000)
 ParOldGen       total 18121728K, used 16058108K [0x0000000080200000, 0x00000004d2300000, 0x0000000580100000)
  object space 18121728K, 88% used [0x0000000080200000,0x00000004543bf058,0x00000004d2300000)
 Metaspace       used 32407K, capacity 32727K, committed 32896K, reserved 1079296K
  class space    used 3598K, capacity 3710K, committed 3712K, reserved 1048576K
Event: 876.146 GC heap after
Heap after GC invocations=390 (full 52):
 PSYoungGen      total 7896576K, used 0K [0x0000000580100000, 0x0000000800000000, 0x0000000800000000)
  eden space 5316608K, 0% used [0x0000000580100000,0x0000000580100000,0x00000006c4900000)
  from space 2579968K, 0% used [0x0000000762880000,0x0000000762880000,0x0000000800000000)
  to   space 2584064K, 0% used [0x00000006c4900000,0x00000006c4900000,0x0000000762480000)
 ParOldGen       total 15163392K, used 1954109K [0x0000000080200000, 0x000000041da00000, 0x0000000580100000)
  object space 15163392K, 12% used [0x0000000080200000,0x00000000f764f538,0x000000041da00000)
 Metaspace       used 32407K, capacity 32727K, committed 32896K, reserved 1079296K
  class space    used 3598K, capacity 3710K, committed 3712K, reserved 1048576K
}
Event: 876.388 GC heap before
{Heap before GC invocations=391 (full 52):
 PSYoungGen      total 7896576K, used 5316608K [0x0000000580100000, 0x0000000800000000, 0x0000000800000000)
  eden space 5316608K, 100% used [0x0000000580100000,0x00000006c4900000,0x00000006c4900000)
  from space 2579968K, 0% used [0x0000000762880000,0x0000000762880000,0x0000000800000000)
  to   space 2584064K, 0% used [0x00000006c4900000,0x00000006c4900000,0x0000000762480000)
 ParOldGen       total 15163392K, used 1954109K [0x0000000080200000, 0x000000041da00000, 0x0000000580100000)
  object space 15163392K, 12% used [0x0000000080200000,0x00000000f764f538,0x000000041da00000)
 Metaspace       used 32407K, capacity 32727K, committed 32896K, reserved 1079296K
  class space    used 3598K, capacity 3710K, committed 3712K, reserved 1048576K
Event: 876.463 GC heap after
Heap after GC invocations=391 (full 52):
 PSYoungGen      total 6817280K, used 1500160K [0x0000000580100000, 0x00000007f7f00000, 0x0000000800000000)
  eden space 5316608K, 0% used [0x0000000580100000,0x0000000580100000,0x00000006c4900000)
  from space 1500672K, 99% used [0x00000006c4900000,0x00000007202002d0,0x0000000720280000)
  to   space 2515968K, 0% used [0x000000075e600000,0x000000075e600000,0x00000007f7f00000)
 ParOldGen       total 15163392K, used 1954109K [0x0000000080200000, 0x000000041da00000, 0x0000000580100000)
  object space 15163392K, 12% used [0x0000000080200000,0x00000000f764f538,0x000000041da00000)
 Metaspace       used 32407K, capacity 32727K, committed 32896K, reserved 1079296K
  class space    used 3598K, capacity 3710K, committed 3712K, reserved 1048576K
}
Event: 876.677 GC heap before
{Heap before GC invocations=392 (full 52):
 PSYoungGen      total 6817280K, used 6800266K [0x0000000580100000, 0x00000007f7f00000, 0x0000000800000000)
  eden space 5316608K, 99% used [0x0000000580100000,0x00000006c38e2710,0x00000006c4900000)
  from space 1500672K, 99% used [0x00000006c4900000,0x00000007202002d0,0x0000000720280000)
  to   space 2515968K, 0% used [0x000000075e600000,0x000000075e600000,0x00000007f7f00000)
 ParOldGen       total 15163392K, used 1954109K [0x0000000080200000, 0x000000041da00000, 0x0000000580100000)
  object space 15163392K, 12% used [0x0000000080200000,0x00000000f764f538,0x000000041da00000)
 Metaspace       used 32407K, capacity 32727K, committed 32896K, reserved 1079296K
  class space    used 3598K, capacity 3710K, committed 3712K, reserved 1048576K
Event: 876.776 GC heap after
Heap after GC invocations=392 (full 52):
 PSYoungGen      total 7940096K, used 1396316K [0x0000000580100000, 0x0000000800000000, 0x0000000800000000)
  eden space 5424128K, 0% used [0x0000000580100000,0x0000000580100000,0x00000006cb200000)
  from space 2515968K, 55% used [0x000000075e600000,0x00000007b39970c0,0x00000007f7f00000)
  to   space 2412544K, 0% used [0x00000006cb200000,0x00000006cb200000,0x000000075e600000)
 ParOldGen       total 15163392K, used 2937416K [0x0000000080200000, 0x000000041da00000, 0x0000000580100000)
  object space 15163392K, 19% used [0x0000000080200000,0x00000001336923f0,0x000000041da00000)
 Metaspace       used 32407K, capacity 32727K, committed 32896K, reserved 1079296K
  class space    used 3598K, capacity 3710K, committed 3712K, reserved 1048576K
}
Event: 876.992 GC heap before
{Heap before GC invocations=393 (full 52):
 PSYoungGen      total 7940096K, used 6820444K [0x0000000580100000, 0x0000000800000000, 0x0000000800000000)
  eden space 5424128K, 100% used [0x0000000580100000,0x00000006cb200000,0x00000006cb200000)
  from space 2515968K, 55% used [0x000000075e600000,0x00000007b39970c0,0x00000007f7f00000)
  to   space 2412544K, 0% used [0x00000006cb200000,0x00000006cb200000,0x000000075e600000)
 ParOldGen       total 15163392K, used 2937416K [0x0000000080200000, 0x000000041da00000, 0x0000000580100000)
  object space 15163392K, 19% used [0x0000000080200000,0x00000001336923f0,0x000000041da00000)
 Metaspace       used 32407K, capacity 32727K, committed 32896K, reserved 1079296K
  class space    used 3598K, capacity 3710K, committed 3712K, reserved 1048576K
Event: 877.194 GC heap after
Heap after GC invocations=393 (full 52):
 PSYoungGen      total 7836672K, used 2094007K [0x0000000580100000, 0x0000000800000000, 0x0000000800000000)
  eden space 5424128K, 0% used [0x0000000580100000,0x0000000580100000,0x00000006cb200000)
  from space 2412544K, 86% used [0x00000006cb200000,0x000000074aeedf60,0x000000075e600000)
  to   space 2576896K, 0% used [0x0000000762b80000,0x0000000762b80000,0x0000000800000000)
 ParOldGen       total 15163392K, used 4316909K [0x0000000080200000, 0x000000041da00000, 0x0000000580100000)
  object space 15163392K, 28% used [0x0000000080200000,0x00000001879bb4a0,0x000000041da00000)
 Metaspace       used 32407K, capacity 32727K, committed 32896K, reserved 1079296K
  class space    used 3598K, capacity 3710K, committed 3712K, reserved 1048576K
}
Event: 877.422 GC heap before
{Heap before GC invocations=394 (full 52):
 PSYoungGen      total 7836672K, used 7518135K [0x0000000580100000, 0x0000000800000000, 0x0000000800000000)
  eden space 5424128K, 100% used [0x0000000580100000,0x00000006cb200000,0x00000006cb200000)
  from space 2412544K, 86% used [0x00000006cb200000,0x000000074aeedf60,0x000000075e600000)
  to   space 2576896K, 0% used [0x0000000762b80000,0x0000000762b80000,0x0000000800000000)
 ParOldGen       total 15163392K, used 4316909K [0x0000000080200000, 0x000000041da00000, 0x0000000580100000)
  object space 15163392K, 28% used [0x0000000080200000,0x00000001879bb4a0,0x000000041da00000)
 Metaspace       used 32407K, capacity 32727K, committed 32896K, reserved 1079296K
  class space    used 3598K, capacity 3710K, committed 3712K, reserved 1048576K
Event: 880.022 GC heap after
Heap after GC invocations=394 (full 52):
 PSYoungGen      total 7915008K, used 1728804K [0x0000000580100000, 0x0000000800000000, 0x0000000800000000)
  eden space 5338112K, 0% used [0x0000000580100000,0x0000000580100000,0x00000006c5e00000)
  from space 2576896K, 67% used [0x0000000762b80000,0x00000007cc3c91d8,0x0000000800000000)
  to   space 2569728K, 0% used [0x00000006c5e00000,0x00000006c5e00000,0x0000000762b80000)
 ParOldGen       total 15163392K, used 6144015K [0x0000000080200000, 0x000000041da00000, 0x0000000580100000)
  object space 15163392K, 40% used [0x0000000080200000,0x00000001f7203c50,0x000000041da00000)
 Metaspace       used 32407K, capacity 32727K, committed 32896K, reserved 1079296K
  class space    used 3598K, capacity 3710K, committed 3712K, reserved 1048576K
}
Event: 880.450 GC heap before
{Heap before GC invocations=395 (full 52):
 PSYoungGen      total 7915008K, used 7066916K [0x0000000580100000, 0x0000000800000000, 0x0000000800000000)
  eden space 5338112K, 100% used [0x0000000580100000,0x00000006c5e00000,0x00000006c5e00000)
  from space 2576896K, 67% used [0x0000000762b80000,0x00000007cc3c91d8,0x0000000800000000)
  to   space 2569728K, 0% used [0x00000006c5e00000,0x00000006c5e00000,0x0000000762b80000)
 ParOldGen       total 15163392K, used 6144015K [0x0000000080200000, 0x000000041da00000, 0x0000000580100000)
  object space 15163392K, 40% used [0x0000000080200000,0x00000001f7203c50,0x000000041da00000)
 Metaspace       used 32407K, capacity 32727K, committed 32896K, reserved 1079296K
  class space    used 3598K, capacity 3710K, committed 3712K, reserved 1048576K
Event: 882.851 GC heap after
Heap after GC invocations=395 (full 52):
 PSYoungGen      total 7907840K, used 1784395K [0x0000000580100000, 0x0000000800000000, 0x0000000800000000)
  eden space 5338112K, 0% used [0x0000000580100000,0x0000000580100000,0x00000006c5e00000)
  from space 2569728K, 69% used [0x00000006c5e00000,0x0000000732c92ee0,0x0000000762b80000)
  to   space 2576384K, 0% used [0x0000000762c00000,0x0000000762c00000,0x0000000800000000)
 ParOldGen       total 15163392K, used 7666645K [0x0000000080200000, 0x000000041da00000, 0x0000000580100000)
  object space 15163392K, 50% used [0x0000000080200000,0x00000002540f5420,0x000000041da00000)
 Metaspace       used 32407K, capacity 32727K, committed 32896K, reserved 1079296K
  class space    used 3598K, capacity 3710K, committed 3712K, reserved 1048576K
}
Event: 883.082 GC heap before
{Heap before GC invocations=396 (full 52):
 PSYoungGen      total 7907840K, used 7122507K [0x0000000580100000, 0x0000000800000000, 0x0000000800000000)
  eden space 5338112K, 100% used [0x0000000580100000,0x00000006c5e00000,0x00000006c5e00000)
  from space 2569728K, 69% used [0x00000006c5e00000,0x0000000732c92ee0,0x0000000762b80000)
  to   space 2576384K, 0% used [0x0000000762c00000,0x0000000762c00000,0x0000000800000000)
 ParOldGen       total 15163392K, used 7666645K [0x0000000080200000, 0x000000041da00000, 0x0000000580100000)
  object space 15163392K, 50% used [0x0000000080200000,0x00000002540f5420,0x000000041da00000)
 Metaspace       used 32407K, capacity 32727K, committed 32896K, reserved 1079296K
  class space    used 3598K, capacity 3710K, committed 3712K, reserved 1048576K
Event: 884.934 GC heap after
Heap after GC invocations=396 (full 52):
 PSYoungGen      total 7751680K, used 1561294K [0x0000000580100000, 0x00000007f6080000, 0x0000000800000000)
  eden space 5338624K, 0% used [0x0000000580100000,0x0000000580100000,0x00000006c5e80000)
  from space 2413056K, 64% used [0x0000000762c00000,0x00000007c20b3a20,0x00000007f6080000)
  to   space 2491392K, 0% used [0x00000006c5e80000,0x00000006c5e80000,0x000000075df80000)
 ParOldGen       total 15163392K, used 8986698K [0x0000000080200000, 0x000000041da00000, 0x0000000580100000)
  object space 15163392K, 59% used [0x0000000080200000,0x00000002a4a12b78,0x000000041da00000)
 Metaspace       used 32407K, capacity 32727K, committed 32896K, reserved 1079296K
  class space    used 3598K, capacity 3710K, committed 3712K, reserved 1048576K
}
Event: 885.259 GC heap before
{Heap before GC invocations=397 (full 52):
 PSYoungGen      total 7751680K, used 6899918K [0x0000000580100000, 0x00000007f6080000, 0x0000000800000000)
  eden space 5338624K, 100% used [0x0000000580100000,0x00000006c5e80000,0x00000006c5e80000)
  from space 2413056K, 64% used [0x0000000762c00000,0x00000007c20b3a20,0x00000007f6080000)
  to   space 2491392K, 0% used [0x00000006c5e80000,0x00000006c5e80000,0x000000075df80000)
 ParOldGen       total 15163392K, used 8986698K [0x0000000080200000, 0x000000041da00000, 0x0000000580100000)
  object space 15163392K, 59% used [0x0000000080200000,0x00000002a4a12b78,0x000000041da00000)
 Metaspace       used 32407K, capacity 32727K, committed 32896K, reserved 1079296K
  class space    used 3598K, capacity 3710K, committed 3712K, reserved 1048576K
Event: 886.808 GC heap after
Heap after GC invocations=397 (full 52):
 PSYoungGen      total 7830016K, used 1618183K [0x0000000580100000, 0x00000007fdc80000, 0x0000000800000000)
  eden space 5338624K, 0% used [0x0000000580100000,0x0000000580100000,0x00000006c5e80000)
  from space 2491392K, 64% used [0x00000006c5e80000,0x0000000728ac1fa0,0x000000075df80000)
  to   space 2434048K, 0% used [0x0000000769380000,0x0000000769380000,0x00000007fdc80000)
 ParOldGen       total 15163392K, used 10109010K [0x0000000080200000, 0x000000041da00000, 0x0000000580100000)
  object space 15163392K, 66% used [0x0000000080200000,0x00000002e92148d0,0x000000041da00000)
 Metaspace       used 32407K, capacity 32727K, committed 32896K, reserved 1079296K
  class space    used 3598K, capacity 3710K, committed 3712K, reserved 1048576K
}
Event: 887.049 GC heap before
{Heap before GC invocations=398 (full 52):
 PSYoungGen      total 7830016K, used 6956807K [0x0000000580100000, 0x00000007fdc80000, 0x0000000800000000)
  eden space 5338624K, 100% used [0x0000000580100000,0x00000006c5e80000,0x00000006c5e80000)
  from space 2491392K, 64% used [0x00000006c5e80000,0x0000000728ac1fa0,0x000000075df80000)
  to   space 2434048K, 0% used [0x0000000769380000,0x0000000769380000,0x00000007fdc80000)
 ParOldGen       total 15163392K, used 10109010K [0x0000000080200000, 0x000000041da00000, 0x0000000580100000)
  object space 15163392K, 66% used [0x0000000080200000,0x00000002e92148d0,0x000000041da00000)
 Metaspace       used 32407K, capacity 32727K, committed 32896K, reserved 1079296K
  class space    used 3598K, capacity 3710K, committed 3712K, reserved 1048576K
Event: 889.004 GC heap after
Heap after GC invocations=398 (full 52):
 PSYoungGen      total 7861760K, used 1304804K [0x0000000580100000, 0x00000007f5c00000, 0x0000000800000000)
  eden space 5559296K, 0% used [0x0000000580100000,0x0000000580100000,0x00000006d3600000)
  from space 2302464K, 56% used [0x0000000769380000,0x00000007b8db9060,0x00000007f5c00000)
  to   space 2378752K, 0% used [0x00000006d3600000,0x00000006d3600000,0x0000000764900000)
 ParOldGen       total 15163392K, used 11315808K [0x0000000080200000, 0x000000041da00000, 0x0000000580100000)
  object space 15163392K, 74% used [0x0000000080200000,0x0000000332c98160,0x000000041da00000)
 Metaspace       used 32407K, capacity 32727K, committed 32896K, reserved 1079296K
  class space    used 3598K, capacity 3710K, committed 3712K, reserved 1048576K
}
Event: 889.240 GC heap before
{Heap before GC invocations=399 (full 52):
 PSYoungGen      total 7861760K, used 6864100K [0x0000000580100000, 0x00000007f5c00000, 0x0000000800000000)
  eden space 5559296K, 100% used [0x0000000580100000,0x00000006d3600000,0x00000006d3600000)
  from space 2302464K, 56% used [0x0000000769380000,0x00000007b8db9060,0x00000007f5c00000)
  to   space 2378752K, 0% used [0x00000006d3600000,0x00000006d3600000,0x0000000764900000)
 ParOldGen       total 15163392K, used 11315808K [0x0000000080200000, 0x000000041da00000, 0x0000000580100000)
  object space 15163392K, 74% used [0x0000000080200000,0x0000000332c98160,0x000000041da00000)
 Metaspace       used 32407K, capacity 32727K, committed 32896K, reserved 1079296K
  class space    used 3598K, capacity 3710K, committed 3712K, reserved 1048576K
Event: 891.210 GC heap after
Heap after GC invocations=399 (full 52):
 PSYoungGen      total 7938048K, used 1884114K [0x0000000580100000, 0x0000000800000000, 0x0000000800000000)
  eden space 5559296K, 0% used [0x0000000580100000,0x0000000580100000,0x00000006d3600000)
  from space 2378752K, 79% used [0x00000006d3600000,0x00000007465f48a0,0x0000000764900000)
  to   space 2433536K, 0% used [0x000000076b780000,0x000000076b780000,0x0000000800000000)
 ParOldGen       total 15163392K, used 12274219K [0x0000000080200000, 0x000000041da00000, 0x0000000580100000)
  object space 15163392K, 80% used [0x0000000080200000,0x000000036d48af60,0x000000041da00000)
 Metaspace       used 32407K, capacity 32727K, committed 32896K, reserved 1079296K
  class space    used 3598K, capacity 3710K, committed 3712K, reserved 1048576K
}
Event: 891.556 GC heap before
{Heap before GC invocations=400 (full 52):
 PSYoungGen      total 7938048K, used 7443410K [0x0000000580100000, 0x0000000800000000, 0x0000000800000000)
  eden space 5559296K, 100% used [0x0000000580100000,0x00000006d3600000,0x00000006d3600000)
  from space 2378752K, 79% used [0x00000006d3600000,0x00000007465f48a0,0x0000000764900000)
  to   space 2433536K, 0% used [0x000000076b780000,0x000000076b780000,0x0000000800000000)
 ParOldGen       total 15163392K, used 12274219K [0x0000000080200000, 0x000000041da00000, 0x0000000580100000)
  object space 15163392K, 80% used [0x0000000080200000,0x000000036d48af60,0x000000041da00000)
 Metaspace       used 32407K, capacity 32727K, committed 32896K, reserved 1079296K
  class space    used 3598K, capacity 3710K, committed 3712K, reserved 1048576K
Event: 893.434 GC heap after
Heap after GC invocations=400 (full 52):
 PSYoungGen      total 7939584K, used 1929020K [0x0000000580100000, 0x0000000800000000, 0x0000000800000000)
  eden space 5506048K, 0% used [0x0000000580100000,0x0000000580100000,0x00000006d0200000)
  from space 2433536K, 79% used [0x000000076b780000,0x00000007e134f070,0x0000000800000000)
  to   space 2489344K, 0% used [0x00000006d0200000,0x00000006d0200000,0x0000000768100000)
 ParOldGen       total 15163392K, used 13747424K [0x0000000080200000, 0x000000041da00000, 0x0000000580100000)
  object space 15163392K, 90% used [0x0000000080200000,0x00000003c73380b8,0x000000041da00000)
 Metaspace       used 32407K, capacity 32727K, committed 32896K, reserved 1079296K
  class space    used 3598K, capacity 3710K, committed 3712K, reserved 1048576K
}
Event: 893.434 GC heap before
{Heap before GC invocations=401 (full 53):
 PSYoungGen      total 7939584K, used 1929020K [0x0000000580100000, 0x0000000800000000, 0x0000000800000000)
  eden space 5506048K, 0% used [0x0000000580100000,0x0000000580100000,0x00000006d0200000)
  from space 2433536K, 79% used [0x000000076b780000,0x00000007e134f070,0x0000000800000000)
  to   space 2489344K, 0% used [0x00000006d0200000,0x00000006d0200000,0x0000000768100000)
 ParOldGen       total 15163392K, used 13747424K [0x0000000080200000, 0x000000041da00000, 0x0000000580100000)
  object space 15163392K, 90% used [0x0000000080200000,0x00000003c73380b8,0x000000041da00000)
 Metaspace       used 32407K, capacity 32727K, committed 32896K, reserved 1079296K
  class space    used 3598K, capacity 3710K, committed 3712K, reserved 1048576K
Event: 894.578 GC heap after
Heap after GC invocations=401 (full 53):
 PSYoungGen      total 7939584K, used 0K [0x0000000580100000, 0x0000000800000000, 0x0000000800000000)
  eden space 5506048K, 0% used [0x0000000580100000,0x0000000580100000,0x00000006d0200000)
  from space 2433536K, 0% used [0x000000076b780000,0x000000076b780000,0x0000000800000000)
  to   space 2489344K, 0% used [0x00000006d0200000,0x00000006d0200000,0x0000000768100000)
 ParOldGen       total 16931328K, used 3718004K [0x0000000080200000, 0x0000000489880000, 0x0000000580100000)
  object space 16931328K, 21% used [0x0000000080200000,0x00000001630dd150,0x0000000489880000)
 Metaspace       used 32407K, capacity 32727K, committed 32896K, reserved 1079296K
  class space    used 3598K, capacity 3710K, committed 3712K, reserved 1048576K
}
Event: 894.843 GC heap before
{Heap before GC invocations=402 (full 53):
 PSYoungGen      total 7939584K, used 5506048K [0x0000000580100000, 0x0000000800000000, 0x0000000800000000)
  eden space 5506048K, 100% used [0x0000000580100000,0x00000006d0200000,0x00000006d0200000)
  from space 2433536K, 0% used [0x000000076b780000,0x000000076b780000,0x0000000800000000)
  to   space 2489344K, 0% used [0x00000006d0200000,0x00000006d0200000,0x0000000768100000)
 ParOldGen       total 16931328K, used 3718004K [0x0000000080200000, 0x0000000489880000, 0x0000000580100000)
  object space 16931328K, 21% used [0x0000000080200000,0x00000001630dd150,0x0000000489880000)
 Metaspace       used 32412K, capacity 32727K, committed 32896K, reserved 1079296K
  class space    used 3599K, capacity 3710K, committed 3712K, reserved 1048576K
Event: 895.902 GC heap after
Heap after GC invocations=402 (full 53):
 PSYoungGen      total 7077888K, used 1571494K [0x0000000580100000, 0x00000007f8580000, 0x0000000800000000)
  eden space 5506048K, 0% used [0x0000000580100000,0x0000000580100000,0x00000006d0200000)
  from space 1571840K, 99% used [0x00000006d0200000,0x00000007300a98f0,0x0000000730100000)
  to   space 2398720K, 0% used [0x0000000765f00000,0x0000000765f00000,0x00000007f8580000)
 ParOldGen       total 16931328K, used 3718004K [0x0000000080200000, 0x0000000489880000, 0x0000000580100000)
  object space 16931328K, 21% used [0x0000000080200000,0x00000001630dd150,0x0000000489880000)
 Metaspace       used 32412K, capacity 32727K, committed 32896K, reserved 1079296K
  class space    used 3599K, capacity 3710K, committed 3712K, reserved 1048576K
}
Event: 896.158 GC heap before
{Heap before GC invocations=403 (full 53):
 PSYoungGen      total 7077888K, used 7077542K [0x0000000580100000, 0x00000007f8580000, 0x0000000800000000)
  eden space 5506048K, 100% used [0x0000000580100000,0x00000006d0200000,0x00000006d0200000)
  from space 1571840K, 99% used [0x00000006d0200000,0x00000007300a98f0,0x0000000730100000)
  to   space 2398720K, 0% used [0x0000000765f00000,0x0000000765f00000,0x00000007f8580000)
 ParOldGen       total 16931328K, used 3718004K [0x0000000080200000, 0x0000000489880000, 0x0000000580100000)
  object space 16931328K, 21% used [0x0000000080200000,0x00000001630dd150,0x0000000489880000)
 Metaspace       used 32412K, capacity 32727K, committed 32896K, reserved 1079296K
  class space    used 3599K, capacity 3710K, committed 3712K, reserved 1048576K
Event: 898.184 GC heap after
Heap after GC invocations=403 (full 53):
 PSYoungGen      total 7927808K, used 1886357K [0x0000000580100000, 0x0000000800000000, 0x0000000800000000)
  eden space 5529088K, 0% used [0x0000000580100000,0x0000000580100000,0x00000006d1880000)
  from space 2398720K, 78% used [0x0000000765f00000,0x00000007d9125728,0x00000007f8580000)
  to   space 2431488K, 0% used [0x00000006d1880000,0x00000006d1880000,0x0000000765f00000)
 ParOldGen       total 16931328K, used 5071268K [0x0000000080200000, 0x0000000489880000, 0x0000000580100000)
  object space 16931328K, 29% used [0x0000000080200000,0x00000001b5a693c8,0x0000000489880000)
 Metaspace       used 32412K, capacity 32727K, committed 32896K, reserved 1079296K
  class space    used 3599K, capacity 3710K, committed 3712K, reserved 1048576K
}
Event: 898.461 GC heap before
{Heap before GC invocations=404 (full 53):
 PSYoungGen      total 7927808K, used 7415445K [0x0000000580100000, 0x0000000800000000, 0x0000000800000000)
  eden space 5529088K, 100% used [0x0000000580100000,0x00000006d1880000,0x00000006d1880000)
  from space 2398720K, 78% used [0x0000000765f00000,0x00000007d9125728,0x00000007f8580000)
  to   space 2431488K, 0% used [0x00000006d1880000,0x00000006d1880000,0x0000000765f00000)
 ParOldGen       total 16931328K, used 5071268K [0x0000000080200000, 0x0000000489880000, 0x0000000580100000)
  object space 16931328K, 29% used [0x0000000080200000,0x00000001b5a693c8,0x0000000489880000)
 Metaspace       used 32412K, capacity 32727K, committed 32896K, reserved 1079296K
  class space    used 3599K, capacity 3710K, committed 3712K, reserved 1048576K
Event: 899.797 GC heap after
Heap after GC invocations=404 (full 53):
 PSYoungGen      total 7960576K, used 1762293K [0x0000000580100000, 0x00000007ff000000, 0x0000000800000000)
  eden space 5529088K, 0% used [0x0000000580100000,0x0000000580100000,0x00000006d1880000)
  from space 2431488K, 72% used [0x00000006d1880000,0x000000073d17d530,0x0000000765f00000)
  to   space 2406912K, 0% used [0x000000076c180000,0x000000076c180000,0x00000007ff000000)
 ParOldGen       total 16931328K, used 6808055K [0x0000000080200000, 0x0000000489880000, 0x0000000580100000)
  object space 16931328K, 40% used [0x0000000080200000,0x000000021fa7dd88,0x0000000489880000)
 Metaspace       used 32412K, capacity 32727K, committed 32896K, reserved 1079296K
  class space    used 3599K, capacity 3710K, committed 3712K, reserved 1048576K
}
Event: 900.080 GC heap before
{Heap before GC invocations=405 (full 53):
 PSYoungGen      total 7960576K, used 7291381K [0x0000000580100000, 0x00000007ff000000, 0x0000000800000000)
  eden space 5529088K, 100% used [0x0000000580100000,0x00000006d1880000,0x00000006d1880000)
  from space 2431488K, 72% used [0x00000006d1880000,0x000000073d17d530,0x0000000765f00000)
  to   space 2406912K, 0% used [0x000000076c180000,0x000000076c180000,0x00000007ff000000)
 ParOldGen       total 16931328K, used 6808055K [0x0000000080200000, 0x0000000489880000, 0x0000000580100000)
  object space 16931328K, 40% used [0x0000000080200000,0x000000021fa7dd88,0x0000000489880000)
 Metaspace       used 32412K, capacity 32727K, committed 32896K, reserved 1079296K
  class space    used 3599K, capacity 3710K, committed 3712K, reserved 1048576K
Event: 900.983 GC heap after
Heap after GC invocations=405 (full 53):
 PSYoungGen      total 7842304K, used 2151884K [0x0000000580100000, 0x0000000800000000, 0x0000000800000000)
  eden space 5435392K, 0% used [0x0000000580100000,0x0000000580100000,0x00000006cbd00000)
  from space 2406912K, 89% used [0x000000076c180000,0x00000007ef6f3120,0x00000007ff000000)
  to   space 2524672K, 0% used [0x00000006cbd00000,0x00000006cbd00000,0x0000000765e80000)
 ParOldGen       total 16931328K, used 8279072K [0x0000000080200000, 0x0000000489880000, 0x0000000580100000)
  object space 16931328K, 48% used [0x0000000080200000,0x00000002797081f0,0x0000000489880000)
 Metaspace       used 32412K, capacity 32727K, committed 32896K, reserved 1079296K
  class space    used 3599K, capacity 3710K, committed 3712K, reserved 1048576K
}
Event: 901.476 GC heap before
{Heap before GC invocations=406 (full 53):
 PSYoungGen      total 7842304K, used 7587276K [0x0000000580100000, 0x0000000800000000, 0x0000000800000000)
  eden space 5435392K, 100% used [0x0000000580100000,0x00000006cbd00000,0x00000006cbd00000)
  from space 2406912K, 89% used [0x000000076c180000,0x00000007ef6f3120,0x00000007ff000000)
  to   space 2524672K, 0% used [0x00000006cbd00000,0x00000006cbd00000,0x0000000765e80000)
 ParOldGen       total 16931328K, used 8279072K [0x0000000080200000, 0x0000000489880000, 0x0000000580100000)
  object space 16931328K, 48% used [0x0000000080200000,0x00000002797081f0,0x0000000489880000)
 Metaspace       used 32412K, capacity 32727K, committed 32896K, reserved 1079296K
  class space    used 3599K, capacity 3710K, committed 3712K, reserved 1048576K
Event: 903.097 GC heap after
Heap after GC invocations=406 (full 53):
 PSYoungGen      total 6047744K, used 611919K [0x0000000580100000, 0x0000000800000000, 0x0000000800000000)
  eden space 5435392K, 0% used [0x0000000580100000,0x0000000580100000,0x00000006cbd00000)
  from space 612352K, 99% used [0x00000006cbd00000,0x00000006f1293d20,0x00000006f1300000)
  to   space 2620416K, 0% used [0x0000000760100000,0x0000000760100000,0x0000000800000000)
 ParOldGen       total 16931328K, used 9938992K [0x0000000080200000, 0x0000000489880000, 0x0000000580100000)
  object space 16931328K, 58% used [0x0000000080200000,0x00000002dec0c100,0x0000000489880000)
 Metaspace       used 32412K, capacity 32727K, committed 32896K, reserved 1079296K
  class space    used 3599K, capacity 3710K, committed 3712K, reserved 1048576K
}

